{"/Users/joshua/Documents/Kuliah/Hacktive8/phase-3/rmt56-Trizzy/server/app.js": {"path":"/Users/joshua/Documents/Kuliah/Hacktive8/phase-3/rmt56-Trizzy/server/app.js","statementMap":{"0":{"start":{"line":26,"column":12},"end":{"line":26,"column":21}},"1":{"start":{"line":27,"column":19},"end":{"line":27,"column":41}},"2":{"start":{"line":29,"column":0},"end":{"line":29,"column":16}},"3":{"start":{"line":30,"column":0},"end":{"line":30,"column":27}},"4":{"start":{"line":33,"column":0},"end":{"line":88,"column":3}},"5":{"start":{"line":34,"column":2},"end":{"line":87,"column":3}},"6":{"start":{"line":42,"column":8},"end":{"line":42,"column":16}},"7":{"start":{"line":44,"column":22},"end":{"line":44,"column":53}},"8":{"start":{"line":47,"column":27},"end":{"line":50,"column":20}},"9":{"start":{"line":52,"column":4},"end":{"line":52,"column":67}},"10":{"start":{"line":53,"column":4},"end":{"line":53,"column":65}},"11":{"start":{"line":55,"column":4},"end":{"line":57,"column":5}},"12":{"start":{"line":56,"column":6},"end":{"line":56,"column":68}},"13":{"start":{"line":59,"column":4},"end":{"line":59,"column":69}},"14":{"start":{"line":63,"column":4},"end":{"line":81,"column":5}},"15":{"start":{"line":64,"column":6},"end":{"line":70,"column":7}},"16":{"start":{"line":65,"column":8},"end":{"line":65,"column":70}},"17":{"start":{"line":66,"column":8},"end":{"line":66,"column":66}},"18":{"start":{"line":67,"column":8},"end":{"line":69,"column":62}},"19":{"start":{"line":71,"column":11},"end":{"line":81,"column":5}},"20":{"start":{"line":72,"column":6},"end":{"line":72,"column":68}},"21":{"start":{"line":73,"column":6},"end":{"line":73,"column":64}},"22":{"start":{"line":74,"column":6},"end":{"line":74,"column":79}},"23":{"start":{"line":75,"column":11},"end":{"line":81,"column":5}},"24":{"start":{"line":78,"column":6},"end":{"line":78,"column":77}},"25":{"start":{"line":79,"column":6},"end":{"line":79,"column":60}},"26":{"start":{"line":80,"column":6},"end":{"line":80,"column":65}},"27":{"start":{"line":83,"column":4},"end":{"line":83,"column":71}},"28":{"start":{"line":85,"column":4},"end":{"line":85,"column":43}},"29":{"start":{"line":86,"column":4},"end":{"line":86,"column":64}},"30":{"start":{"line":90,"column":15},"end":{"line":104,"column":2}},"31":{"start":{"line":108,"column":2},"end":{"line":108,"column":23}},"32":{"start":{"line":109,"column":2},"end":{"line":138,"column":4}},"33":{"start":{"line":113,"column":22},"end":{"line":133,"column":9}},"34":{"start":{"line":114,"column":30},"end":{"line":114,"column":55}},"35":{"start":{"line":115,"column":10},"end":{"line":120,"column":11}},"36":{"start":{"line":116,"column":12},"end":{"line":119,"column":14}},"37":{"start":{"line":121,"column":32},"end":{"line":121,"column":54}},"38":{"start":{"line":123,"column":29},"end":{"line":123,"column":47}},"39":{"start":{"line":124,"column":10},"end":{"line":126,"column":11}},"40":{"start":{"line":125,"column":12},"end":{"line":125,"column":69}},"41":{"start":{"line":127,"column":23},"end":{"line":127,"column":53}},"42":{"start":{"line":128,"column":10},"end":{"line":130,"column":11}},"43":{"start":{"line":129,"column":12},"end":{"line":129,"column":69}},"44":{"start":{"line":131,"column":40},"end":{"line":131,"column":44}},"45":{"start":{"line":132,"column":10},"end":{"line":132,"column":22}},"46":{"start":{"line":135,"column":8},"end":{"line":135,"column":49}},"47":{"start":{"line":135,"column":39},"end":{"line":135,"column":46}},"48":{"start":{"line":140,"column":15},"end":{"line":140,"column":39}},"49":{"start":{"line":141,"column":2},"end":{"line":146,"column":5}},"50":{"start":{"line":142,"column":4},"end":{"line":142,"column":80}},"51":{"start":{"line":143,"column":4},"end":{"line":145,"column":6}},"52":{"start":{"line":160,"column":0},"end":{"line":168,"column":1}},"53":{"start":{"line":161,"column":15},"end":{"line":161,"column":39}},"54":{"start":{"line":162,"column":2},"end":{"line":167,"column":5}},"55":{"start":{"line":163,"column":4},"end":{"line":163,"column":80}},"56":{"start":{"line":164,"column":4},"end":{"line":166,"column":6}},"57":{"start":{"line":171,"column":0},"end":{"line":173,"column":1}},"58":{"start":{"line":172,"column":2},"end":{"line":172,"column":16}}},"fnMap":{"0":{"name":"(anonymous_0)","decl":{"start":{"line":33,"column":30},"end":{"line":33,"column":31}},"loc":{"start":{"line":33,"column":50},"end":{"line":88,"column":1}},"line":33},"1":{"name":"startServer","decl":{"start":{"line":107,"column":15},"end":{"line":107,"column":26}},"loc":{"start":{"line":107,"column":29},"end":{"line":147,"column":1}},"line":107},"2":{"name":"(anonymous_2)","decl":{"start":{"line":112,"column":15},"end":{"line":112,"column":16}},"loc":{"start":{"line":112,"column":34},"end":{"line":136,"column":7}},"line":112},"3":{"name":"(anonymous_3)","decl":{"start":{"line":113,"column":22},"end":{"line":113,"column":23}},"loc":{"start":{"line":113,"column":34},"end":{"line":133,"column":9}},"line":113},"4":{"name":"(anonymous_4)","decl":{"start":{"line":135,"column":33},"end":{"line":135,"column":34}},"loc":{"start":{"line":135,"column":39},"end":{"line":135,"column":46}},"line":135},"5":{"name":"(anonymous_5)","decl":{"start":{"line":141,"column":26},"end":{"line":141,"column":27}},"loc":{"start":{"line":141,"column":32},"end":{"line":146,"column":3}},"line":141},"6":{"name":"(anonymous_6)","decl":{"start":{"line":162,"column":26},"end":{"line":162,"column":27}},"loc":{"start":{"line":162,"column":32},"end":{"line":167,"column":3}},"line":162}},"branchMap":{"0":{"loc":{"start":{"line":55,"column":4},"end":{"line":57,"column":5}},"type":"if","locations":[{"start":{"line":55,"column":4},"end":{"line":57,"column":5}},{"start":{},"end":{}}],"line":55},"1":{"loc":{"start":{"line":63,"column":4},"end":{"line":81,"column":5}},"type":"if","locations":[{"start":{"line":63,"column":4},"end":{"line":81,"column":5}},{"start":{"line":71,"column":11},"end":{"line":81,"column":5}}],"line":63},"2":{"loc":{"start":{"line":64,"column":6},"end":{"line":70,"column":7}},"type":"if","locations":[{"start":{"line":64,"column":6},"end":{"line":70,"column":7}},{"start":{},"end":{}}],"line":64},"3":{"loc":{"start":{"line":71,"column":11},"end":{"line":81,"column":5}},"type":"if","locations":[{"start":{"line":71,"column":11},"end":{"line":81,"column":5}},{"start":{"line":75,"column":11},"end":{"line":81,"column":5}}],"line":71},"4":{"loc":{"start":{"line":75,"column":11},"end":{"line":81,"column":5}},"type":"if","locations":[{"start":{"line":75,"column":11},"end":{"line":81,"column":5}},{"start":{},"end":{}}],"line":75},"5":{"loc":{"start":{"line":115,"column":10},"end":{"line":120,"column":11}},"type":"if","locations":[{"start":{"line":115,"column":10},"end":{"line":120,"column":11}},{"start":{},"end":{}}],"line":115},"6":{"loc":{"start":{"line":124,"column":10},"end":{"line":126,"column":11}},"type":"if","locations":[{"start":{"line":124,"column":10},"end":{"line":126,"column":11}},{"start":{},"end":{}}],"line":124},"7":{"loc":{"start":{"line":128,"column":10},"end":{"line":130,"column":11}},"type":"if","locations":[{"start":{"line":128,"column":10},"end":{"line":130,"column":11}},{"start":{},"end":{}}],"line":128},"8":{"loc":{"start":{"line":140,"column":15},"end":{"line":140,"column":39}},"type":"binary-expr","locations":[{"start":{"line":140,"column":15},"end":{"line":140,"column":31}},{"start":{"line":140,"column":35},"end":{"line":140,"column":39}}],"line":140},"9":{"loc":{"start":{"line":160,"column":0},"end":{"line":168,"column":1}},"type":"if","locations":[{"start":{"line":160,"column":0},"end":{"line":168,"column":1}},{"start":{},"end":{}}],"line":160},"10":{"loc":{"start":{"line":160,"column":4},"end":{"line":160,"column":60}},"type":"binary-expr","locations":[{"start":{"line":160,"column":4},"end":{"line":160,"column":35}},{"start":{"line":160,"column":39},"end":{"line":160,"column":60}}],"line":160},"11":{"loc":{"start":{"line":161,"column":15},"end":{"line":161,"column":39}},"type":"binary-expr","locations":[{"start":{"line":161,"column":15},"end":{"line":161,"column":31}},{"start":{"line":161,"column":35},"end":{"line":161,"column":39}}],"line":161},"12":{"loc":{"start":{"line":171,"column":0},"end":{"line":173,"column":1}},"type":"if","locations":[{"start":{"line":171,"column":0},"end":{"line":173,"column":1}},{"start":{},"end":{}}],"line":171}},"s":{"0":5,"1":5,"2":5,"3":5,"4":5,"5":3,"6":3,"7":3,"8":3,"9":3,"10":3,"11":3,"12":1,"13":2,"14":2,"15":0,"16":0,"17":0,"18":0,"19":2,"20":1,"21":1,"22":1,"23":1,"24":1,"25":1,"26":1,"27":0,"28":0,"29":0,"30":5,"31":5,"32":5,"33":0,"34":0,"35":0,"36":0,"37":0,"38":0,"39":0,"40":0,"41":0,"42":0,"43":0,"44":0,"45":0,"46":0,"47":0,"48":5,"49":5,"50":5,"51":5,"52":5,"53":0,"54":0,"55":0,"56":0,"57":5,"58":0},"f":{"0":3,"1":5,"2":0,"3":0,"4":0,"5":5,"6":0},"b":{"0":[1,2],"1":[0,2],"2":[0,0],"3":[1,1],"4":[1,0],"5":[0,0],"6":[0,0],"7":[0,0],"8":[5,0],"9":[0,5],"10":[5,0],"11":[0,0],"12":[0,5]},"inputSourceMap":null,"_coverageSchema":"1a1c01bbd47fc00a2c39e90264f33305004495a9","hash":"9a3a3dc1fb130ec7ba27f067a2950ea0160fd7f4"}
,"/Users/joshua/Documents/Kuliah/Hacktive8/phase-3/rmt56-Trizzy/server/config/mongodb.js": {"path":"/Users/joshua/Documents/Kuliah/Hacktive8/phase-3/rmt56-Trizzy/server/config/mongodb.js","statementMap":{"0":{"start":{"line":4,"column":12},"end":{"line":4,"column":35}},"1":{"start":{"line":6,"column":9},"end":{"line":6,"column":13}},"2":{"start":{"line":7,"column":13},"end":{"line":7,"column":17}},"3":{"start":{"line":10,"column":2},"end":{"line":10,"column":35}},"4":{"start":{"line":11,"column":2},"end":{"line":35,"column":3}},"5":{"start":{"line":12,"column":4},"end":{"line":12,"column":34}},"6":{"start":{"line":13,"column":4},"end":{"line":13,"column":21}},"7":{"start":{"line":14,"column":24},"end":{"line":14,"column":61}},"8":{"start":{"line":15,"column":4},"end":{"line":15,"column":58}},"9":{"start":{"line":16,"column":4},"end":{"line":29,"column":5}},"10":{"start":{"line":18,"column":8},"end":{"line":18,"column":53}},"11":{"start":{"line":19,"column":8},"end":{"line":19,"column":31}},"12":{"start":{"line":20,"column":8},"end":{"line":20,"column":14}},"13":{"start":{"line":22,"column":8},"end":{"line":22,"column":55}},"14":{"start":{"line":23,"column":8},"end":{"line":23,"column":33}},"15":{"start":{"line":24,"column":8},"end":{"line":24,"column":14}},"16":{"start":{"line":26,"column":8},"end":{"line":26,"column":55}},"17":{"start":{"line":27,"column":8},"end":{"line":27,"column":33}},"18":{"start":{"line":28,"column":8},"end":{"line":28,"column":14}},"19":{"start":{"line":31,"column":4},"end":{"line":31,"column":34}},"20":{"start":{"line":32,"column":4},"end":{"line":32,"column":14}},"21":{"start":{"line":34,"column":4},"end":{"line":34,"column":44}},"22":{"start":{"line":38,"column":14},"end":{"line":42,"column":1}},"23":{"start":{"line":39,"column":2},"end":{"line":39,"column":21}},"24":{"start":{"line":39,"column":11},"end":{"line":39,"column":21}},"25":{"start":{"line":41,"column":2},"end":{"line":41,"column":12}}},"fnMap":{"0":{"name":"connect","decl":{"start":{"line":9,"column":15},"end":{"line":9,"column":22}},"loc":{"start":{"line":9,"column":25},"end":{"line":36,"column":1}},"line":9},"1":{"name":"(anonymous_1)","decl":{"start":{"line":38,"column":14},"end":{"line":38,"column":15}},"loc":{"start":{"line":38,"column":20},"end":{"line":42,"column":1}},"line":38}},"branchMap":{"0":{"loc":{"start":{"line":14,"column":24},"end":{"line":14,"column":61}},"type":"binary-expr","locations":[{"start":{"line":14,"column":24},"end":{"line":14,"column":44}},{"start":{"line":14,"column":48},"end":{"line":14,"column":61}}],"line":14},"1":{"loc":{"start":{"line":16,"column":4},"end":{"line":29,"column":5}},"type":"switch","locations":[{"start":{"line":17,"column":6},"end":{"line":20,"column":14}},{"start":{"line":21,"column":6},"end":{"line":24,"column":14}},{"start":{"line":25,"column":6},"end":{"line":28,"column":14}}],"line":16},"2":{"loc":{"start":{"line":39,"column":2},"end":{"line":39,"column":21}},"type":"if","locations":[{"start":{"line":39,"column":2},"end":{"line":39,"column":21}},{"start":{},"end":{}}],"line":39}},"s":{"0":5,"1":5,"2":5,"3":5,"4":5,"5":5,"6":5,"7":5,"8":5,"9":5,"10":5,"11":5,"12":5,"13":0,"14":0,"15":0,"16":0,"17":0,"18":0,"19":5,"20":5,"21":0,"22":5,"23":154,"24":5,"25":154},"f":{"0":5,"1":154},"b":{"0":[5,0],"1":[5,0,0],"2":[5,149]},"inputSourceMap":null,"_coverageSchema":"1a1c01bbd47fc00a2c39e90264f33305004495a9","hash":"a32732da2fe59472b292787656f316d78f17fbed"}
,"/Users/joshua/Documents/Kuliah/Hacktive8/phase-3/rmt56-Trizzy/server/helpers/bcryptjs.js": {"path":"/Users/joshua/Documents/Kuliah/Hacktive8/phase-3/rmt56-Trizzy/server/helpers/bcryptjs.js","statementMap":{"0":{"start":{"line":3,"column":28},"end":{"line":5,"column":1}},"1":{"start":{"line":4,"column":2},"end":{"line":4,"column":35}},"2":{"start":{"line":7,"column":32},"end":{"line":9,"column":1}},"3":{"start":{"line":8,"column":2},"end":{"line":8,"column":42}}},"fnMap":{"0":{"name":"(anonymous_0)","decl":{"start":{"line":3,"column":28},"end":{"line":3,"column":29}},"loc":{"start":{"line":3,"column":42},"end":{"line":5,"column":1}},"line":3},"1":{"name":"(anonymous_1)","decl":{"start":{"line":7,"column":32},"end":{"line":7,"column":33}},"loc":{"start":{"line":7,"column":50},"end":{"line":9,"column":1}},"line":7}},"branchMap":{},"s":{"0":5,"1":18,"2":5,"3":6},"f":{"0":18,"1":6},"b":{},"inputSourceMap":null,"_coverageSchema":"1a1c01bbd47fc00a2c39e90264f33305004495a9","hash":"086017a9dd40924cb31edc5426ffeee3317d9de8"}
,"/Users/joshua/Documents/Kuliah/Hacktive8/phase-3/rmt56-Trizzy/server/helpers/errorHandler.js": {"path":"/Users/joshua/Documents/Kuliah/Hacktive8/phase-3/rmt56-Trizzy/server/helpers/errorHandler.js","statementMap":{"0":{"start":{"line":3,"column":28},"end":{"line":58,"column":1}},"1":{"start":{"line":4,"column":2},"end":{"line":11,"column":3}},"2":{"start":{"line":5,"column":4},"end":{"line":10,"column":7}},"3":{"start":{"line":12,"column":2},"end":{"line":19,"column":3}},"4":{"start":{"line":13,"column":4},"end":{"line":18,"column":7}},"5":{"start":{"line":20,"column":28},"end":{"line":20,"column":33}},"6":{"start":{"line":21,"column":2},"end":{"line":57,"column":3}},"7":{"start":{"line":23,"column":6},"end":{"line":28,"column":9}},"8":{"start":{"line":30,"column":6},"end":{"line":35,"column":9}},"9":{"start":{"line":37,"column":6},"end":{"line":42,"column":9}},"10":{"start":{"line":44,"column":6},"end":{"line":49,"column":9}},"11":{"start":{"line":51,"column":6},"end":{"line":56,"column":9}}},"fnMap":{"0":{"name":"(anonymous_0)","decl":{"start":{"line":3,"column":28},"end":{"line":3,"column":29}},"loc":{"start":{"line":3,"column":39},"end":{"line":58,"column":1}},"line":3}},"branchMap":{"0":{"loc":{"start":{"line":4,"column":2},"end":{"line":11,"column":3}},"type":"if","locations":[{"start":{"line":4,"column":2},"end":{"line":11,"column":3}},{"start":{},"end":{}}],"line":4},"1":{"loc":{"start":{"line":12,"column":2},"end":{"line":19,"column":3}},"type":"if","locations":[{"start":{"line":12,"column":2},"end":{"line":19,"column":3}},{"start":{},"end":{}}],"line":12},"2":{"loc":{"start":{"line":12,"column":6},"end":{"line":12,"column":35}},"type":"binary-expr","locations":[{"start":{"line":12,"column":6},"end":{"line":12,"column":20}},{"start":{"line":12,"column":24},"end":{"line":12,"column":35}}],"line":12},"3":{"loc":{"start":{"line":21,"column":2},"end":{"line":57,"column":3}},"type":"switch","locations":[{"start":{"line":22,"column":4},"end":{"line":28,"column":9}},{"start":{"line":29,"column":4},"end":{"line":35,"column":9}},{"start":{"line":36,"column":4},"end":{"line":42,"column":9}},{"start":{"line":43,"column":4},"end":{"line":49,"column":9}},{"start":{"line":50,"column":4},"end":{"line":56,"column":9}}],"line":21}},"s":{"0":5,"1":54,"2":0,"3":54,"4":2,"5":52,"6":52,"7":23,"8":18,"9":0,"10":11,"11":0},"f":{"0":54},"b":{"0":[0,54],"1":[2,52],"2":[54,54],"3":[23,18,0,11,0]},"inputSourceMap":null,"_coverageSchema":"1a1c01bbd47fc00a2c39e90264f33305004495a9","hash":"b06708871841c2cc253190bcda453deb0a4420d1"}
,"/Users/joshua/Documents/Kuliah/Hacktive8/phase-3/rmt56-Trizzy/server/helpers/jwt.js": {"path":"/Users/joshua/Documents/Kuliah/Hacktive8/phase-3/rmt56-Trizzy/server/helpers/jwt.js","statementMap":{"0":{"start":{"line":2,"column":18},"end":{"line":2,"column":40}},"1":{"start":{"line":4,"column":25},"end":{"line":6,"column":1}},"2":{"start":{"line":5,"column":2},"end":{"line":5,"column":35}},"3":{"start":{"line":8,"column":27},"end":{"line":10,"column":1}},"4":{"start":{"line":9,"column":2},"end":{"line":9,"column":38}}},"fnMap":{"0":{"name":"(anonymous_0)","decl":{"start":{"line":4,"column":25},"end":{"line":4,"column":26}},"loc":{"start":{"line":4,"column":35},"end":{"line":6,"column":1}},"line":4},"1":{"name":"(anonymous_1)","decl":{"start":{"line":8,"column":27},"end":{"line":8,"column":28}},"loc":{"start":{"line":8,"column":38},"end":{"line":10,"column":1}},"line":8}},"branchMap":{},"s":{"0":5,"1":5,"2":5,"3":5,"4":0},"f":{"0":5,"1":0},"b":{},"inputSourceMap":null,"_coverageSchema":"1a1c01bbd47fc00a2c39e90264f33305004495a9","hash":"cd2dd9d2f63d590757d291baeb4ac4f1efd7741c"}
,"/Users/joshua/Documents/Kuliah/Hacktive8/phase-3/rmt56-Trizzy/server/helpers/mailer.js": {"path":"/Users/joshua/Documents/Kuliah/Hacktive8/phase-3/rmt56-Trizzy/server/helpers/mailer.js","statementMap":{"0":{"start":{"line":5,"column":0},"end":{"line":5,"column":16}},"1":{"start":{"line":15,"column":22},"end":{"line":24,"column":4}},"2":{"start":{"line":26,"column":17},"end":{"line":26,"column":70}},"3":{"start":{"line":27,"column":19},"end":{"line":27,"column":45}},"4":{"start":{"line":28,"column":23},"end":{"line":34,"column":3}},"5":{"start":{"line":35,"column":21},"end":{"line":35,"column":43}},"6":{"start":{"line":37,"column":22},"end":{"line":42,"column":3}},"7":{"start":{"line":44,"column":2},"end":{"line":50,"column":5}},"8":{"start":{"line":45,"column":4},"end":{"line":49,"column":5}},"9":{"start":{"line":46,"column":6},"end":{"line":46,"column":25}},"10":{"start":{"line":48,"column":6},"end":{"line":48,"column":50}}},"fnMap":{"0":{"name":"sendMail","decl":{"start":{"line":6,"column":16},"end":{"line":6,"column":24}},"loc":{"start":{"line":14,"column":2},"end":{"line":51,"column":1}},"line":14},"1":{"name":"(anonymous_1)","decl":{"start":{"line":44,"column":36},"end":{"line":44,"column":37}},"loc":{"start":{"line":44,"column":53},"end":{"line":50,"column":3}},"line":44}},"branchMap":{"0":{"loc":{"start":{"line":45,"column":4},"end":{"line":49,"column":5}},"type":"if","locations":[{"start":{"line":45,"column":4},"end":{"line":49,"column":5}},{"start":{"line":47,"column":11},"end":{"line":49,"column":5}}],"line":45}},"s":{"0":5,"1":2,"2":2,"3":2,"4":2,"5":2,"6":2,"7":2,"8":0,"9":0,"10":0},"f":{"0":2,"1":0},"b":{"0":[0,0]},"inputSourceMap":null,"_coverageSchema":"1a1c01bbd47fc00a2c39e90264f33305004495a9","hash":"3506e30dd2cf3d164c615537a4349fb238c27900"}
,"/Users/joshua/Documents/Kuliah/Hacktive8/phase-3/rmt56-Trizzy/server/helpers/midtrans.js": {"path":"/Users/joshua/Documents/Kuliah/Hacktive8/phase-3/rmt56-Trizzy/server/helpers/midtrans.js","statementMap":{"0":{"start":{"line":4,"column":17},"end":{"line":8,"column":2}},"1":{"start":{"line":14,"column":33},"end":{"line":22,"column":1}},"2":{"start":{"line":15,"column":2},"end":{"line":21,"column":3}},"3":{"start":{"line":16,"column":24},"end":{"line":16,"column":76}},"4":{"start":{"line":17,"column":4},"end":{"line":17,"column":23}},"5":{"start":{"line":19,"column":4},"end":{"line":19,"column":48}},"6":{"start":{"line":20,"column":4},"end":{"line":20,"column":16}},"7":{"start":{"line":28,"column":36},"end":{"line":52,"column":1}},"8":{"start":{"line":29,"column":2},"end":{"line":29,"column":63}},"9":{"start":{"line":30,"column":2},"end":{"line":51,"column":3}},"10":{"start":{"line":43,"column":4},"end":{"line":47,"column":5}},"11":{"start":{"line":44,"column":6},"end":{"line":44,"column":47}},"12":{"start":{"line":46,"column":6},"end":{"line":46,"column":50}},"13":{"start":{"line":49,"column":4},"end":{"line":49,"column":48}},"14":{"start":{"line":50,"column":4},"end":{"line":50,"column":16}}},"fnMap":{"0":{"name":"(anonymous_0)","decl":{"start":{"line":14,"column":33},"end":{"line":14,"column":34}},"loc":{"start":{"line":14,"column":63},"end":{"line":22,"column":1}},"line":14},"1":{"name":"(anonymous_1)","decl":{"start":{"line":28,"column":36},"end":{"line":28,"column":37}},"loc":{"start":{"line":28,"column":55},"end":{"line":52,"column":1}},"line":28}},"branchMap":{"0":{"loc":{"start":{"line":43,"column":4},"end":{"line":47,"column":5}},"type":"if","locations":[{"start":{"line":43,"column":4},"end":{"line":47,"column":5}},{"start":{"line":45,"column":11},"end":{"line":47,"column":5}}],"line":43}},"s":{"0":5,"1":5,"2":5,"3":5,"4":4,"5":1,"6":1,"7":5,"8":3,"9":3,"10":3,"11":1,"12":1,"13":1,"14":1},"f":{"0":5,"1":3},"b":{"0":[1,1]},"inputSourceMap":null,"_coverageSchema":"1a1c01bbd47fc00a2c39e90264f33305004495a9","hash":"f900c7ae63fef1513cabcc21bcb0db856a12b3f0"}
,"/Users/joshua/Documents/Kuliah/Hacktive8/phase-3/rmt56-Trizzy/server/helpers/pplxai.js": {"path":"/Users/joshua/Documents/Kuliah/Hacktive8/phase-3/rmt56-Trizzy/server/helpers/pplxai.js","statementMap":{"0":{"start":{"line":4,"column":29},"end":{"line":36,"column":3}},"1":{"start":{"line":5,"column":20},"end":{"line":24,"column":5}},"2":{"start":{"line":26,"column":4},"end":{"line":35,"column":5}},"3":{"start":{"line":27,"column":23},"end":{"line":30,"column":7}},"4":{"start":{"line":31,"column":21},"end":{"line":31,"column":42}},"5":{"start":{"line":32,"column":6},"end":{"line":32,"column":47}},"6":{"start":{"line":34,"column":6},"end":{"line":34,"column":23}},"7":{"start":{"line":38,"column":34},"end":{"line":70,"column":3}},"8":{"start":{"line":39,"column":20},"end":{"line":58,"column":5}},"9":{"start":{"line":60,"column":4},"end":{"line":69,"column":5}},"10":{"start":{"line":61,"column":23},"end":{"line":64,"column":7}},"11":{"start":{"line":65,"column":21},"end":{"line":65,"column":42}},"12":{"start":{"line":66,"column":6},"end":{"line":66,"column":47}},"13":{"start":{"line":68,"column":6},"end":{"line":68,"column":23}},"14":{"start":{"line":72,"column":28},"end":{"line":102,"column":3}},"15":{"start":{"line":73,"column":20},"end":{"line":90,"column":5}},"16":{"start":{"line":92,"column":4},"end":{"line":101,"column":5}},"17":{"start":{"line":93,"column":23},"end":{"line":96,"column":7}},"18":{"start":{"line":97,"column":21},"end":{"line":97,"column":42}},"19":{"start":{"line":98,"column":6},"end":{"line":98,"column":47}},"20":{"start":{"line":100,"column":6},"end":{"line":100,"column":23}},"21":{"start":{"line":104,"column":28},"end":{"line":134,"column":3}},"22":{"start":{"line":105,"column":20},"end":{"line":122,"column":5}},"23":{"start":{"line":124,"column":4},"end":{"line":133,"column":5}},"24":{"start":{"line":125,"column":23},"end":{"line":128,"column":7}},"25":{"start":{"line":129,"column":21},"end":{"line":129,"column":42}},"26":{"start":{"line":130,"column":6},"end":{"line":130,"column":47}},"27":{"start":{"line":132,"column":6},"end":{"line":132,"column":23}}},"fnMap":{"0":{"name":"(anonymous_0)","decl":{"start":{"line":4,"column":29},"end":{"line":4,"column":30}},"loc":{"start":{"line":4,"column":45},"end":{"line":36,"column":3}},"line":4},"1":{"name":"(anonymous_1)","decl":{"start":{"line":38,"column":34},"end":{"line":38,"column":35}},"loc":{"start":{"line":38,"column":50},"end":{"line":70,"column":3}},"line":38},"2":{"name":"(anonymous_2)","decl":{"start":{"line":72,"column":28},"end":{"line":72,"column":29}},"loc":{"start":{"line":72,"column":44},"end":{"line":102,"column":3}},"line":72},"3":{"name":"(anonymous_3)","decl":{"start":{"line":104,"column":28},"end":{"line":104,"column":29}},"loc":{"start":{"line":104,"column":44},"end":{"line":134,"column":3}},"line":104}},"branchMap":{},"s":{"0":5,"1":0,"2":0,"3":0,"4":0,"5":0,"6":0,"7":5,"8":0,"9":0,"10":0,"11":0,"12":0,"13":0,"14":5,"15":0,"16":0,"17":0,"18":0,"19":0,"20":0,"21":5,"22":0,"23":0,"24":0,"25":0,"26":0,"27":0},"f":{"0":0,"1":0,"2":0,"3":0},"b":{},"inputSourceMap":null,"_coverageSchema":"1a1c01bbd47fc00a2c39e90264f33305004495a9","hash":"6cb8d453e03963d8e15b1cd06a8941ed17fe9f86"}
,"/Users/joshua/Documents/Kuliah/Hacktive8/phase-3/rmt56-Trizzy/server/helpers/scrapeCoordinate.js": {"path":"/Users/joshua/Documents/Kuliah/Hacktive8/phase-3/rmt56-Trizzy/server/helpers/scrapeCoordinate.js","statementMap":{"0":{"start":{"line":75,"column":32},"end":{"line":95,"column":1}},"1":{"start":{"line":76,"column":18},"end":{"line":80,"column":3}},"2":{"start":{"line":82,"column":2},"end":{"line":94,"column":3}},"3":{"start":{"line":83,"column":21},"end":{"line":85,"column":5}},"4":{"start":{"line":86,"column":4},"end":{"line":93,"column":5}},"5":{"start":{"line":87,"column":26},"end":{"line":90,"column":7}},"6":{"start":{"line":91,"column":6},"end":{"line":91,"column":46}},"7":{"start":{"line":92,"column":6},"end":{"line":92,"column":25}}},"fnMap":{"0":{"name":"(anonymous_0)","decl":{"start":{"line":75,"column":32},"end":{"line":75,"column":33}},"loc":{"start":{"line":75,"column":67},"end":{"line":95,"column":1}},"line":75}},"branchMap":{"0":{"loc":{"start":{"line":86,"column":4},"end":{"line":93,"column":5}},"type":"if","locations":[{"start":{"line":86,"column":4},"end":{"line":93,"column":5}},{"start":{},"end":{}}],"line":86}},"s":{"0":5,"1":0,"2":0,"3":0,"4":0,"5":0,"6":0,"7":0},"f":{"0":0},"b":{"0":[0,0]},"inputSourceMap":null,"_coverageSchema":"1a1c01bbd47fc00a2c39e90264f33305004495a9","hash":"c1789343dfbdcfb99a5c528bf155392187bc53f1"}
,"/Users/joshua/Documents/Kuliah/Hacktive8/phase-3/rmt56-Trizzy/server/helpers/scrapeImage.js": {"path":"/Users/joshua/Documents/Kuliah/Hacktive8/phase-3/rmt56-Trizzy/server/helpers/scrapeImage.js","statementMap":{"0":{"start":{"line":9,"column":2},"end":{"line":9,"column":40}},"1":{"start":{"line":10,"column":28},"end":{"line":37,"column":4}},"2":{"start":{"line":12,"column":36},"end":{"line":31,"column":7}},"3":{"start":{"line":14,"column":38},"end":{"line":25,"column":11}},"4":{"start":{"line":16,"column":28},"end":{"line":19,"column":16}},"5":{"start":{"line":20,"column":14},"end":{"line":23,"column":16}},"6":{"start":{"line":26,"column":10},"end":{"line":29,"column":12}},"7":{"start":{"line":32,"column":6},"end":{"line":35,"column":8}},"8":{"start":{"line":38,"column":2},"end":{"line":38,"column":30}},"9":{"start":{"line":41,"column":2},"end":{"line":41,"column":40}},"10":{"start":{"line":42,"column":29},"end":{"line":53,"column":3}},"11":{"start":{"line":44,"column":24},"end":{"line":47,"column":8}},"12":{"start":{"line":48,"column":6},"end":{"line":51,"column":8}},"13":{"start":{"line":54,"column":2},"end":{"line":54,"column":28}}},"fnMap":{"0":{"name":"getImages","decl":{"start":{"line":8,"column":22},"end":{"line":8,"column":31}},"loc":{"start":{"line":8,"column":48},"end":{"line":39,"column":1}},"line":8},"1":{"name":"(anonymous_1)","decl":{"start":{"line":11,"column":5},"end":{"line":11,"column":6}},"loc":{"start":{"line":11,"column":17},"end":{"line":36,"column":5}},"line":11},"2":{"name":"(anonymous_2)","decl":{"start":{"line":13,"column":39},"end":{"line":13,"column":40}},"loc":{"start":{"line":13,"column":60},"end":{"line":30,"column":9}},"line":13},"3":{"name":"(anonymous_3)","decl":{"start":{"line":15,"column":36},"end":{"line":15,"column":37}},"loc":{"start":{"line":15,"column":56},"end":{"line":24,"column":13}},"line":15},"4":{"name":"getCityImages","decl":{"start":{"line":40,"column":22},"end":{"line":40,"column":35}},"loc":{"start":{"line":40,"column":53},"end":{"line":55,"column":1}},"line":40},"5":{"name":"(anonymous_5)","decl":{"start":{"line":43,"column":24},"end":{"line":43,"column":25}},"loc":{"start":{"line":43,"column":50},"end":{"line":52,"column":5}},"line":43}},"branchMap":{},"s":{"0":0,"1":0,"2":0,"3":0,"4":0,"5":0,"6":0,"7":0,"8":0,"9":0,"10":0,"11":0,"12":0,"13":0},"f":{"0":0,"1":0,"2":0,"3":0,"4":0,"5":0},"b":{},"inputSourceMap":null,"_coverageSchema":"1a1c01bbd47fc00a2c39e90264f33305004495a9","hash":"b6a4ea20d026578f09b1f41a94f5a02b349fa271"}
,"/Users/joshua/Documents/Kuliah/Hacktive8/phase-3/rmt56-Trizzy/server/models/Chat.js": {"path":"/Users/joshua/Documents/Kuliah/Hacktive8/phase-3/rmt56-Trizzy/server/models/Chat.js","statementMap":{"0":{"start":{"line":9,"column":15},"end":{"line":9,"column":22}},"1":{"start":{"line":10,"column":23},"end":{"line":10,"column":45}},"2":{"start":{"line":11,"column":4},"end":{"line":11,"column":22}},"3":{"start":{"line":15,"column":23},"end":{"line":15,"column":43}},"4":{"start":{"line":16,"column":4},"end":{"line":21,"column":5}},"5":{"start":{"line":17,"column":6},"end":{"line":20,"column":8}},"6":{"start":{"line":22,"column":4},"end":{"line":27,"column":5}},"7":{"start":{"line":23,"column":6},"end":{"line":26,"column":8}},"8":{"start":{"line":28,"column":21},"end":{"line":31,"column":6}},"9":{"start":{"line":32,"column":4},"end":{"line":37,"column":5}},"10":{"start":{"line":33,"column":6},"end":{"line":36,"column":8}},"11":{"start":{"line":38,"column":4},"end":{"line":38,"column":20}},"12":{"start":{"line":42,"column":36},"end":{"line":42,"column":43}},"13":{"start":{"line":43,"column":23},"end":{"line":43,"column":43}},"14":{"start":{"line":44,"column":4},"end":{"line":49,"column":5}},"15":{"start":{"line":45,"column":6},"end":{"line":48,"column":8}},"16":{"start":{"line":52,"column":25},"end":{"line":52,"column":64}},"17":{"start":{"line":53,"column":4},"end":{"line":66,"column":5}},"18":{"start":{"line":56,"column":19},"end":{"line":56,"column":49}},"19":{"start":{"line":57,"column":6},"end":{"line":65,"column":7}},"20":{"start":{"line":58,"column":8},"end":{"line":58,"column":43}},"21":{"start":{"line":60,"column":8},"end":{"line":64,"column":10}},"22":{"start":{"line":67,"column":4},"end":{"line":72,"column":5}},"23":{"start":{"line":68,"column":6},"end":{"line":71,"column":8}},"24":{"start":{"line":76,"column":17},"end":{"line":76,"column":42}},"25":{"start":{"line":77,"column":17},"end":{"line":77,"column":73}},"26":{"start":{"line":79,"column":17},"end":{"line":92,"column":5}},"27":{"start":{"line":94,"column":4},"end":{"line":94,"column":37}},"28":{"start":{"line":95,"column":4},"end":{"line":95,"column":16}},"29":{"start":{"line":99,"column":31},"end":{"line":99,"column":38}},"30":{"start":{"line":100,"column":23},"end":{"line":100,"column":43}},"31":{"start":{"line":101,"column":4},"end":{"line":106,"column":5}},"32":{"start":{"line":102,"column":6},"end":{"line":105,"column":8}},"33":{"start":{"line":107,"column":4},"end":{"line":112,"column":5}},"34":{"start":{"line":108,"column":6},"end":{"line":111,"column":8}},"35":{"start":{"line":113,"column":17},"end":{"line":113,"column":72}},"36":{"start":{"line":114,"column":4},"end":{"line":119,"column":5}},"37":{"start":{"line":115,"column":6},"end":{"line":118,"column":8}},"38":{"start":{"line":120,"column":4},"end":{"line":125,"column":5}},"39":{"start":{"line":121,"column":6},"end":{"line":124,"column":8}},"40":{"start":{"line":127,"column":24},"end":{"line":127,"column":71}},"41":{"start":{"line":127,"column":55},"end":{"line":127,"column":70}},"42":{"start":{"line":128,"column":30},"end":{"line":128,"column":52}},"43":{"start":{"line":130,"column":23},"end":{"line":130,"column":70}},"44":{"start":{"line":131,"column":24},"end":{"line":131,"column":64}},"45":{"start":{"line":132,"column":24},"end":{"line":135,"column":5}},"46":{"start":{"line":136,"column":4},"end":{"line":139,"column":6}},"47":{"start":{"line":140,"column":4},"end":{"line":140,"column":23}},"48":{"start":{"line":144,"column":44},"end":{"line":144,"column":51}},"49":{"start":{"line":145,"column":23},"end":{"line":145,"column":43}},"50":{"start":{"line":146,"column":4},"end":{"line":151,"column":5}},"51":{"start":{"line":147,"column":6},"end":{"line":150,"column":8}},"52":{"start":{"line":152,"column":4},"end":{"line":157,"column":5}},"53":{"start":{"line":153,"column":6},"end":{"line":156,"column":8}},"54":{"start":{"line":158,"column":4},"end":{"line":163,"column":5}},"55":{"start":{"line":159,"column":6},"end":{"line":162,"column":8}},"56":{"start":{"line":164,"column":17},"end":{"line":164,"column":72}},"57":{"start":{"line":165,"column":4},"end":{"line":170,"column":5}},"58":{"start":{"line":166,"column":6},"end":{"line":169,"column":8}},"59":{"start":{"line":171,"column":4},"end":{"line":176,"column":5}},"60":{"start":{"line":172,"column":6},"end":{"line":175,"column":8}},"61":{"start":{"line":178,"column":24},"end":{"line":178,"column":66}},"62":{"start":{"line":179,"column":24},"end":{"line":182,"column":5}},"63":{"start":{"line":183,"column":4},"end":{"line":186,"column":6}},"64":{"start":{"line":187,"column":4},"end":{"line":187,"column":23}}},"fnMap":{"0":{"name":"(anonymous_0)","decl":{"start":{"line":8,"column":2},"end":{"line":8,"column":3}},"loc":{"start":{"line":8,"column":25},"end":{"line":12,"column":3}},"line":8},"1":{"name":"(anonymous_1)","decl":{"start":{"line":14,"column":2},"end":{"line":14,"column":3}},"loc":{"start":{"line":14,"column":40},"end":{"line":39,"column":3}},"line":14},"2":{"name":"(anonymous_2)","decl":{"start":{"line":41,"column":2},"end":{"line":41,"column":3}},"loc":{"start":{"line":41,"column":35},"end":{"line":96,"column":3}},"line":41},"3":{"name":"(anonymous_3)","decl":{"start":{"line":98,"column":2},"end":{"line":98,"column":3}},"loc":{"start":{"line":98,"column":40},"end":{"line":141,"column":3}},"line":98},"4":{"name":"(anonymous_4)","decl":{"start":{"line":127,"column":42},"end":{"line":127,"column":43}},"loc":{"start":{"line":127,"column":55},"end":{"line":127,"column":70}},"line":127},"5":{"name":"(anonymous_5)","decl":{"start":{"line":143,"column":2},"end":{"line":143,"column":3}},"loc":{"start":{"line":143,"column":42},"end":{"line":188,"column":3}},"line":143}},"branchMap":{"0":{"loc":{"start":{"line":16,"column":4},"end":{"line":21,"column":5}},"type":"if","locations":[{"start":{"line":16,"column":4},"end":{"line":21,"column":5}},{"start":{},"end":{}}],"line":16},"1":{"loc":{"start":{"line":22,"column":4},"end":{"line":27,"column":5}},"type":"if","locations":[{"start":{"line":22,"column":4},"end":{"line":27,"column":5}},{"start":{},"end":{}}],"line":22},"2":{"loc":{"start":{"line":32,"column":4},"end":{"line":37,"column":5}},"type":"if","locations":[{"start":{"line":32,"column":4},"end":{"line":37,"column":5}},{"start":{},"end":{}}],"line":32},"3":{"loc":{"start":{"line":44,"column":4},"end":{"line":49,"column":5}},"type":"if","locations":[{"start":{"line":44,"column":4},"end":{"line":49,"column":5}},{"start":{},"end":{}}],"line":44},"4":{"loc":{"start":{"line":53,"column":4},"end":{"line":66,"column":5}},"type":"if","locations":[{"start":{"line":53,"column":4},"end":{"line":66,"column":5}},{"start":{},"end":{}}],"line":53},"5":{"loc":{"start":{"line":57,"column":6},"end":{"line":65,"column":7}},"type":"if","locations":[{"start":{"line":57,"column":6},"end":{"line":65,"column":7}},{"start":{"line":59,"column":13},"end":{"line":65,"column":7}}],"line":57},"6":{"loc":{"start":{"line":67,"column":4},"end":{"line":72,"column":5}},"type":"if","locations":[{"start":{"line":67,"column":4},"end":{"line":72,"column":5}},{"start":{},"end":{}}],"line":67},"7":{"loc":{"start":{"line":101,"column":4},"end":{"line":106,"column":5}},"type":"if","locations":[{"start":{"line":101,"column":4},"end":{"line":106,"column":5}},{"start":{},"end":{}}],"line":101},"8":{"loc":{"start":{"line":107,"column":4},"end":{"line":112,"column":5}},"type":"if","locations":[{"start":{"line":107,"column":4},"end":{"line":112,"column":5}},{"start":{},"end":{}}],"line":107},"9":{"loc":{"start":{"line":114,"column":4},"end":{"line":119,"column":5}},"type":"if","locations":[{"start":{"line":114,"column":4},"end":{"line":119,"column":5}},{"start":{},"end":{}}],"line":114},"10":{"loc":{"start":{"line":120,"column":4},"end":{"line":125,"column":5}},"type":"if","locations":[{"start":{"line":120,"column":4},"end":{"line":125,"column":5}},{"start":{},"end":{}}],"line":120},"11":{"loc":{"start":{"line":146,"column":4},"end":{"line":151,"column":5}},"type":"if","locations":[{"start":{"line":146,"column":4},"end":{"line":151,"column":5}},{"start":{},"end":{}}],"line":146},"12":{"loc":{"start":{"line":152,"column":4},"end":{"line":157,"column":5}},"type":"if","locations":[{"start":{"line":152,"column":4},"end":{"line":157,"column":5}},{"start":{},"end":{}}],"line":152},"13":{"loc":{"start":{"line":158,"column":4},"end":{"line":163,"column":5}},"type":"if","locations":[{"start":{"line":158,"column":4},"end":{"line":163,"column":5}},{"start":{},"end":{}}],"line":158},"14":{"loc":{"start":{"line":165,"column":4},"end":{"line":170,"column":5}},"type":"if","locations":[{"start":{"line":165,"column":4},"end":{"line":170,"column":5}},{"start":{},"end":{}}],"line":165},"15":{"loc":{"start":{"line":171,"column":4},"end":{"line":176,"column":5}},"type":"if","locations":[{"start":{"line":171,"column":4},"end":{"line":176,"column":5}},{"start":{},"end":{}}],"line":171}},"s":{"0":27,"1":27,"2":27,"3":10,"4":10,"5":2,"6":8,"7":2,"8":6,"9":6,"10":2,"11":4,"12":5,"13":5,"14":5,"15":1,"16":4,"17":4,"18":4,"19":4,"20":3,"21":1,"22":3,"23":1,"24":2,"25":2,"26":2,"27":2,"28":2,"29":5,"30":5,"31":5,"32":1,"33":4,"34":1,"35":3,"36":3,"37":1,"38":2,"39":1,"40":1,"41":4,"42":1,"43":1,"44":1,"45":1,"46":1,"47":1,"48":7,"49":7,"50":7,"51":1,"52":6,"53":1,"54":5,"55":1,"56":4,"57":4,"58":1,"59":3,"60":1,"61":2,"62":2,"63":2,"64":2},"f":{"0":27,"1":10,"2":5,"3":5,"4":4,"5":7},"b":{"0":[2,8],"1":[2,6],"2":[2,4],"3":[1,4],"4":[4,0],"5":[3,1],"6":[1,2],"7":[1,4],"8":[1,3],"9":[1,2],"10":[1,1],"11":[1,6],"12":[1,5],"13":[1,4],"14":[1,3],"15":[1,2]},"inputSourceMap":null,"_coverageSchema":"1a1c01bbd47fc00a2c39e90264f33305004495a9","hash":"2c0ffb2eb7a6574cb0fd5aeafa807cfa689c57f2"}
,"/Users/joshua/Documents/Kuliah/Hacktive8/phase-3/rmt56-Trizzy/server/models/Recommendation.js": {"path":"/Users/joshua/Documents/Kuliah/Hacktive8/phase-3/rmt56-Trizzy/server/models/Recommendation.js","statementMap":{"0":{"start":{"line":14,"column":15},"end":{"line":14,"column":22}},"1":{"start":{"line":15,"column":23},"end":{"line":15,"column":62}},"2":{"start":{"line":16,"column":4},"end":{"line":16,"column":22}},"3":{"start":{"line":20,"column":23},"end":{"line":20,"column":50}},"4":{"start":{"line":21,"column":21},"end":{"line":21,"column":56}},"5":{"start":{"line":22,"column":4},"end":{"line":22,"column":20}},"6":{"start":{"line":26,"column":23},"end":{"line":26,"column":50}},"7":{"start":{"line":27,"column":4},"end":{"line":32,"column":5}},"8":{"start":{"line":28,"column":6},"end":{"line":31,"column":8}},"9":{"start":{"line":33,"column":21},"end":{"line":33,"column":72}},"10":{"start":{"line":34,"column":4},"end":{"line":34,"column":20}},"11":{"start":{"line":38,"column":15},"end":{"line":38,"column":22}},"12":{"start":{"line":39,"column":23},"end":{"line":39,"column":55}},"13":{"start":{"line":40,"column":4},"end":{"line":40,"column":22}},"14":{"start":{"line":44,"column":48},"end":{"line":44,"column":55}},"15":{"start":{"line":46,"column":6},"end":{"line":46,"column":73}},"16":{"start":{"line":47,"column":23},"end":{"line":47,"column":43}},"17":{"start":{"line":48,"column":4},"end":{"line":53,"column":5}},"18":{"start":{"line":49,"column":6},"end":{"line":52,"column":8}},"19":{"start":{"line":54,"column":4},"end":{"line":59,"column":5}},"20":{"start":{"line":55,"column":6},"end":{"line":58,"column":8}},"21":{"start":{"line":60,"column":4},"end":{"line":65,"column":5}},"22":{"start":{"line":61,"column":6},"end":{"line":64,"column":8}},"23":{"start":{"line":66,"column":27},"end":{"line":69,"column":6}},"24":{"start":{"line":70,"column":4},"end":{"line":75,"column":5}},"25":{"start":{"line":71,"column":6},"end":{"line":74,"column":8}},"26":{"start":{"line":76,"column":4},"end":{"line":76,"column":46}},"27":{"start":{"line":77,"column":30},"end":{"line":86,"column":5}},"28":{"start":{"line":87,"column":21},"end":{"line":87,"column":66}},"29":{"start":{"line":89,"column":4},"end":{"line":89,"column":26}},"30":{"start":{"line":90,"column":29},"end":{"line":90,"column":48}},"31":{"start":{"line":91,"column":4},"end":{"line":91,"column":33}},"32":{"start":{"line":95,"column":23},"end":{"line":95,"column":43}},"33":{"start":{"line":96,"column":31},"end":{"line":96,"column":38}},"34":{"start":{"line":97,"column":17},"end":{"line":97,"column":55}},"35":{"start":{"line":98,"column":4},"end":{"line":103,"column":5}},"36":{"start":{"line":99,"column":6},"end":{"line":102,"column":8}},"37":{"start":{"line":104,"column":35},"end":{"line":104,"column":72}},"38":{"start":{"line":105,"column":4},"end":{"line":108,"column":5}},"39":{"start":{"line":106,"column":6},"end":{"line":106,"column":51}},"40":{"start":{"line":107,"column":6},"end":{"line":107,"column":36}},"41":{"start":{"line":109,"column":21},"end":{"line":112,"column":17}},"42":{"start":{"line":110,"column":27},"end":{"line":110,"column":52}},"43":{"start":{"line":111,"column":24},"end":{"line":111,"column":39}},"44":{"start":{"line":138,"column":29},"end":{"line":146,"column":5}},"45":{"start":{"line":147,"column":31},"end":{"line":156,"column":6}},"46":{"start":{"line":148,"column":6},"end":{"line":155,"column":8}},"47":{"start":{"line":157,"column":4},"end":{"line":157,"column":52}},"48":{"start":{"line":158,"column":4},"end":{"line":158,"column":30}},"49":{"start":{"line":162,"column":23},"end":{"line":162,"column":43}},"50":{"start":{"line":163,"column":21},"end":{"line":165,"column":16}},"51":{"start":{"line":166,"column":4},"end":{"line":166,"column":20}},"52":{"start":{"line":170,"column":23},"end":{"line":170,"column":43}},"53":{"start":{"line":171,"column":41},"end":{"line":171,"column":48}},"54":{"start":{"line":172,"column":4},"end":{"line":177,"column":5}},"55":{"start":{"line":173,"column":6},"end":{"line":176,"column":8}},"56":{"start":{"line":178,"column":27},"end":{"line":180,"column":6}},"57":{"start":{"line":181,"column":4},"end":{"line":184,"column":5}},"58":{"start":{"line":182,"column":6},"end":{"line":182,"column":58}},"59":{"start":{"line":183,"column":6},"end":{"line":183,"column":28}},"60":{"start":{"line":185,"column":19},"end":{"line":185,"column":40}},"61":{"start":{"line":186,"column":17},"end":{"line":186,"column":55}},"62":{"start":{"line":187,"column":4},"end":{"line":192,"column":5}},"63":{"start":{"line":188,"column":6},"end":{"line":191,"column":8}},"64":{"start":{"line":193,"column":21},"end":{"line":196,"column":17}},"65":{"start":{"line":194,"column":27},"end":{"line":194,"column":52}},"66":{"start":{"line":195,"column":24},"end":{"line":195,"column":39}},"67":{"start":{"line":197,"column":4},"end":{"line":197,"column":26}},"68":{"start":{"line":198,"column":17},"end":{"line":198,"column":36}},"69":{"start":{"line":199,"column":20},"end":{"line":199,"column":42}},"70":{"start":{"line":242,"column":22},"end":{"line":242,"column":23}},"71":{"start":{"line":243,"column":37},"end":{"line":257,"column":5}},"72":{"start":{"line":259,"column":4},"end":{"line":262,"column":6}},"73":{"start":{"line":264,"column":30},"end":{"line":266,"column":6}},"74":{"start":{"line":268,"column":4},"end":{"line":268,"column":29}},"75":{"start":{"line":272,"column":23},"end":{"line":272,"column":43}},"76":{"start":{"line":273,"column":4},"end":{"line":278,"column":5}},"77":{"start":{"line":274,"column":6},"end":{"line":277,"column":8}},"78":{"start":{"line":279,"column":21},"end":{"line":279,"column":72}},"79":{"start":{"line":280,"column":4},"end":{"line":285,"column":5}},"80":{"start":{"line":281,"column":6},"end":{"line":284,"column":8}},"81":{"start":{"line":286,"column":4},"end":{"line":286,"column":20}},"82":{"start":{"line":290,"column":41},"end":{"line":290,"column":48}},"83":{"start":{"line":291,"column":23},"end":{"line":291,"column":43}},"84":{"start":{"line":292,"column":4},"end":{"line":297,"column":5}},"85":{"start":{"line":293,"column":6},"end":{"line":296,"column":8}},"86":{"start":{"line":298,"column":4},"end":{"line":303,"column":5}},"87":{"start":{"line":299,"column":6},"end":{"line":302,"column":8}},"88":{"start":{"line":305,"column":27},"end":{"line":308,"column":6}},"89":{"start":{"line":309,"column":4},"end":{"line":314,"column":5}},"90":{"start":{"line":310,"column":6},"end":{"line":313,"column":8}},"91":{"start":{"line":316,"column":4},"end":{"line":319,"column":6}},"92":{"start":{"line":320,"column":4},"end":{"line":320,"column":45}},"93":{"start":{"line":324,"column":57},"end":{"line":324,"column":64}},"94":{"start":{"line":325,"column":23},"end":{"line":325,"column":43}},"95":{"start":{"line":326,"column":4},"end":{"line":331,"column":5}},"96":{"start":{"line":327,"column":6},"end":{"line":330,"column":8}},"97":{"start":{"line":332,"column":4},"end":{"line":337,"column":5}},"98":{"start":{"line":333,"column":6},"end":{"line":336,"column":8}},"99":{"start":{"line":338,"column":4},"end":{"line":343,"column":5}},"100":{"start":{"line":339,"column":6},"end":{"line":342,"column":8}},"101":{"start":{"line":344,"column":22},"end":{"line":347,"column":6}},"102":{"start":{"line":348,"column":4},"end":{"line":353,"column":5}},"103":{"start":{"line":349,"column":6},"end":{"line":352,"column":8}},"104":{"start":{"line":356,"column":4},"end":{"line":360,"column":5}},"105":{"start":{"line":357,"column":6},"end":{"line":357,"column":53}},"106":{"start":{"line":359,"column":6},"end":{"line":359,"column":72}},"107":{"start":{"line":362,"column":4},"end":{"line":362,"column":35}},"108":{"start":{"line":364,"column":4},"end":{"line":367,"column":6}},"109":{"start":{"line":368,"column":4},"end":{"line":368,"column":43}},"110":{"start":{"line":372,"column":23},"end":{"line":372,"column":43}},"111":{"start":{"line":373,"column":21},"end":{"line":375,"column":16}},"112":{"start":{"line":376,"column":4},"end":{"line":376,"column":20}},"113":{"start":{"line":380,"column":23},"end":{"line":380,"column":43}},"114":{"start":{"line":381,"column":21},"end":{"line":383,"column":6}},"115":{"start":{"line":384,"column":4},"end":{"line":389,"column":5}},"116":{"start":{"line":385,"column":6},"end":{"line":388,"column":8}},"117":{"start":{"line":390,"column":4},"end":{"line":392,"column":5}},"118":{"start":{"line":391,"column":6},"end":{"line":391,"column":33}},"119":{"start":{"line":393,"column":23},"end":{"line":393,"column":30}},"120":{"start":{"line":394,"column":4},"end":{"line":397,"column":6}},"121":{"start":{"line":398,"column":4},"end":{"line":398,"column":22}},"122":{"start":{"line":402,"column":45},"end":{"line":402,"column":52}},"123":{"start":{"line":403,"column":23},"end":{"line":403,"column":43}},"124":{"start":{"line":404,"column":21},"end":{"line":406,"column":6}},"125":{"start":{"line":407,"column":4},"end":{"line":412,"column":5}},"126":{"start":{"line":408,"column":6},"end":{"line":411,"column":8}},"127":{"start":{"line":413,"column":4},"end":{"line":418,"column":5}},"128":{"start":{"line":414,"column":6},"end":{"line":417,"column":8}},"129":{"start":{"line":419,"column":4},"end":{"line":421,"column":5}},"130":{"start":{"line":420,"column":6},"end":{"line":420,"column":19}},"131":{"start":{"line":422,"column":4},"end":{"line":422,"column":16}},"132":{"start":{"line":426,"column":48},"end":{"line":426,"column":55}},"133":{"start":{"line":427,"column":23},"end":{"line":427,"column":43}},"134":{"start":{"line":428,"column":4},"end":{"line":433,"column":5}},"135":{"start":{"line":429,"column":6},"end":{"line":432,"column":8}},"136":{"start":{"line":434,"column":4},"end":{"line":439,"column":5}},"137":{"start":{"line":435,"column":6},"end":{"line":438,"column":8}},"138":{"start":{"line":440,"column":27},"end":{"line":442,"column":6}},"139":{"start":{"line":443,"column":4},"end":{"line":443,"column":57}},"140":{"start":{"line":444,"column":4},"end":{"line":444,"column":34}},"141":{"start":{"line":445,"column":4},"end":{"line":450,"column":5}},"142":{"start":{"line":446,"column":6},"end":{"line":449,"column":8}},"143":{"start":{"line":452,"column":4},"end":{"line":456,"column":5}},"144":{"start":{"line":453,"column":6},"end":{"line":453,"column":67}},"145":{"start":{"line":455,"column":6},"end":{"line":455,"column":45}},"146":{"start":{"line":458,"column":17},"end":{"line":458,"column":47}},"147":{"start":{"line":459,"column":22},"end":{"line":459,"column":46}},"148":{"start":{"line":460,"column":17},"end":{"line":460,"column":36}},"149":{"start":{"line":461,"column":20},"end":{"line":461,"column":42}},"150":{"start":{"line":462,"column":21},"end":{"line":462,"column":34}},"151":{"start":{"line":463,"column":20},"end":{"line":463,"column":70}},"152":{"start":{"line":464,"column":17},"end":{"line":464,"column":110}},"153":{"start":{"line":465,"column":4},"end":{"line":474,"column":5}},"154":{"start":{"line":466,"column":6},"end":{"line":466,"column":73}},"155":{"start":{"line":467,"column":6},"end":{"line":467,"column":39}},"156":{"start":{"line":469,"column":6},"end":{"line":469,"column":25}},"157":{"start":{"line":470,"column":6},"end":{"line":473,"column":8}}},"fnMap":{"0":{"name":"(anonymous_0)","decl":{"start":{"line":13,"column":2},"end":{"line":13,"column":3}},"loc":{"start":{"line":13,"column":32},"end":{"line":17,"column":3}},"line":13},"1":{"name":"(anonymous_1)","decl":{"start":{"line":19,"column":2},"end":{"line":19,"column":3}},"loc":{"start":{"line":19,"column":43},"end":{"line":23,"column":3}},"line":19},"2":{"name":"(anonymous_2)","decl":{"start":{"line":25,"column":2},"end":{"line":25,"column":3}},"loc":{"start":{"line":25,"column":51},"end":{"line":35,"column":3}},"line":25},"3":{"name":"(anonymous_3)","decl":{"start":{"line":37,"column":2},"end":{"line":37,"column":3}},"loc":{"start":{"line":37,"column":25},"end":{"line":41,"column":3}},"line":37},"4":{"name":"(anonymous_4)","decl":{"start":{"line":43,"column":2},"end":{"line":43,"column":3}},"loc":{"start":{"line":43,"column":57},"end":{"line":92,"column":3}},"line":43},"5":{"name":"(anonymous_5)","decl":{"start":{"line":94,"column":2},"end":{"line":94,"column":3}},"loc":{"start":{"line":94,"column":48},"end":{"line":159,"column":3}},"line":94},"6":{"name":"(anonymous_6)","decl":{"start":{"line":110,"column":14},"end":{"line":110,"column":15}},"loc":{"start":{"line":110,"column":27},"end":{"line":110,"column":52}},"line":110},"7":{"name":"(anonymous_7)","decl":{"start":{"line":111,"column":11},"end":{"line":111,"column":12}},"loc":{"start":{"line":111,"column":24},"end":{"line":111,"column":39}},"line":111},"8":{"name":"(anonymous_8)","decl":{"start":{"line":147,"column":52},"end":{"line":147,"column":53}},"loc":{"start":{"line":147,"column":62},"end":{"line":156,"column":5}},"line":147},"9":{"name":"(anonymous_9)","decl":{"start":{"line":161,"column":2},"end":{"line":161,"column":3}},"loc":{"start":{"line":161,"column":42},"end":{"line":167,"column":3}},"line":161},"10":{"name":"(anonymous_10)","decl":{"start":{"line":169,"column":2},"end":{"line":169,"column":3}},"loc":{"start":{"line":169,"column":54},"end":{"line":269,"column":3}},"line":169},"11":{"name":"(anonymous_11)","decl":{"start":{"line":194,"column":14},"end":{"line":194,"column":15}},"loc":{"start":{"line":194,"column":27},"end":{"line":194,"column":52}},"line":194},"12":{"name":"(anonymous_12)","decl":{"start":{"line":195,"column":11},"end":{"line":195,"column":12}},"loc":{"start":{"line":195,"column":24},"end":{"line":195,"column":39}},"line":195},"13":{"name":"(anonymous_13)","decl":{"start":{"line":271,"column":2},"end":{"line":271,"column":3}},"loc":{"start":{"line":271,"column":44},"end":{"line":287,"column":3}},"line":271},"14":{"name":"(anonymous_14)","decl":{"start":{"line":289,"column":2},"end":{"line":289,"column":3}},"loc":{"start":{"line":289,"column":50},"end":{"line":321,"column":3}},"line":289},"15":{"name":"(anonymous_15)","decl":{"start":{"line":323,"column":2},"end":{"line":323,"column":3}},"loc":{"start":{"line":323,"column":38},"end":{"line":369,"column":3}},"line":323},"16":{"name":"(anonymous_16)","decl":{"start":{"line":371,"column":2},"end":{"line":371,"column":3}},"loc":{"start":{"line":371,"column":34},"end":{"line":377,"column":3}},"line":371},"17":{"name":"(anonymous_17)","decl":{"start":{"line":379,"column":2},"end":{"line":379,"column":3}},"loc":{"start":{"line":379,"column":52},"end":{"line":399,"column":3}},"line":379},"18":{"name":"(anonymous_18)","decl":{"start":{"line":401,"column":2},"end":{"line":401,"column":3}},"loc":{"start":{"line":401,"column":40},"end":{"line":423,"column":3}},"line":401},"19":{"name":"(anonymous_19)","decl":{"start":{"line":425,"column":2},"end":{"line":425,"column":3}},"loc":{"start":{"line":425,"column":39},"end":{"line":475,"column":3}},"line":425}},"branchMap":{"0":{"loc":{"start":{"line":27,"column":4},"end":{"line":32,"column":5}},"type":"if","locations":[{"start":{"line":27,"column":4},"end":{"line":32,"column":5}},{"start":{},"end":{}}],"line":27},"1":{"loc":{"start":{"line":48,"column":4},"end":{"line":53,"column":5}},"type":"if","locations":[{"start":{"line":48,"column":4},"end":{"line":53,"column":5}},{"start":{},"end":{}}],"line":48},"2":{"loc":{"start":{"line":54,"column":4},"end":{"line":59,"column":5}},"type":"if","locations":[{"start":{"line":54,"column":4},"end":{"line":59,"column":5}},{"start":{},"end":{}}],"line":54},"3":{"loc":{"start":{"line":60,"column":4},"end":{"line":65,"column":5}},"type":"if","locations":[{"start":{"line":60,"column":4},"end":{"line":65,"column":5}},{"start":{},"end":{}}],"line":60},"4":{"loc":{"start":{"line":70,"column":4},"end":{"line":75,"column":5}},"type":"if","locations":[{"start":{"line":70,"column":4},"end":{"line":75,"column":5}},{"start":{},"end":{}}],"line":70},"5":{"loc":{"start":{"line":98,"column":4},"end":{"line":103,"column":5}},"type":"if","locations":[{"start":{"line":98,"column":4},"end":{"line":103,"column":5}},{"start":{},"end":{}}],"line":98},"6":{"loc":{"start":{"line":105,"column":4},"end":{"line":108,"column":5}},"type":"if","locations":[{"start":{"line":105,"column":4},"end":{"line":108,"column":5}},{"start":{},"end":{}}],"line":105},"7":{"loc":{"start":{"line":172,"column":4},"end":{"line":177,"column":5}},"type":"if","locations":[{"start":{"line":172,"column":4},"end":{"line":177,"column":5}},{"start":{},"end":{}}],"line":172},"8":{"loc":{"start":{"line":181,"column":4},"end":{"line":184,"column":5}},"type":"if","locations":[{"start":{"line":181,"column":4},"end":{"line":184,"column":5}},{"start":{},"end":{}}],"line":181},"9":{"loc":{"start":{"line":187,"column":4},"end":{"line":192,"column":5}},"type":"if","locations":[{"start":{"line":187,"column":4},"end":{"line":192,"column":5}},{"start":{},"end":{}}],"line":187},"10":{"loc":{"start":{"line":273,"column":4},"end":{"line":278,"column":5}},"type":"if","locations":[{"start":{"line":273,"column":4},"end":{"line":278,"column":5}},{"start":{},"end":{}}],"line":273},"11":{"loc":{"start":{"line":280,"column":4},"end":{"line":285,"column":5}},"type":"if","locations":[{"start":{"line":280,"column":4},"end":{"line":285,"column":5}},{"start":{},"end":{}}],"line":280},"12":{"loc":{"start":{"line":292,"column":4},"end":{"line":297,"column":5}},"type":"if","locations":[{"start":{"line":292,"column":4},"end":{"line":297,"column":5}},{"start":{},"end":{}}],"line":292},"13":{"loc":{"start":{"line":298,"column":4},"end":{"line":303,"column":5}},"type":"if","locations":[{"start":{"line":298,"column":4},"end":{"line":303,"column":5}},{"start":{},"end":{}}],"line":298},"14":{"loc":{"start":{"line":309,"column":4},"end":{"line":314,"column":5}},"type":"if","locations":[{"start":{"line":309,"column":4},"end":{"line":314,"column":5}},{"start":{},"end":{}}],"line":309},"15":{"loc":{"start":{"line":326,"column":4},"end":{"line":331,"column":5}},"type":"if","locations":[{"start":{"line":326,"column":4},"end":{"line":331,"column":5}},{"start":{},"end":{}}],"line":326},"16":{"loc":{"start":{"line":332,"column":4},"end":{"line":337,"column":5}},"type":"if","locations":[{"start":{"line":332,"column":4},"end":{"line":337,"column":5}},{"start":{},"end":{}}],"line":332},"17":{"loc":{"start":{"line":338,"column":4},"end":{"line":343,"column":5}},"type":"if","locations":[{"start":{"line":338,"column":4},"end":{"line":343,"column":5}},{"start":{},"end":{}}],"line":338},"18":{"loc":{"start":{"line":348,"column":4},"end":{"line":353,"column":5}},"type":"if","locations":[{"start":{"line":348,"column":4},"end":{"line":353,"column":5}},{"start":{},"end":{}}],"line":348},"19":{"loc":{"start":{"line":384,"column":4},"end":{"line":389,"column":5}},"type":"if","locations":[{"start":{"line":384,"column":4},"end":{"line":389,"column":5}},{"start":{},"end":{}}],"line":384},"20":{"loc":{"start":{"line":390,"column":4},"end":{"line":392,"column":5}},"type":"if","locations":[{"start":{"line":390,"column":4},"end":{"line":392,"column":5}},{"start":{},"end":{}}],"line":390},"21":{"loc":{"start":{"line":407,"column":4},"end":{"line":412,"column":5}},"type":"if","locations":[{"start":{"line":407,"column":4},"end":{"line":412,"column":5}},{"start":{},"end":{}}],"line":407},"22":{"loc":{"start":{"line":413,"column":4},"end":{"line":418,"column":5}},"type":"if","locations":[{"start":{"line":413,"column":4},"end":{"line":418,"column":5}},{"start":{},"end":{}}],"line":413},"23":{"loc":{"start":{"line":419,"column":4},"end":{"line":421,"column":5}},"type":"if","locations":[{"start":{"line":419,"column":4},"end":{"line":421,"column":5}},{"start":{},"end":{}}],"line":419},"24":{"loc":{"start":{"line":428,"column":4},"end":{"line":433,"column":5}},"type":"if","locations":[{"start":{"line":428,"column":4},"end":{"line":433,"column":5}},{"start":{},"end":{}}],"line":428},"25":{"loc":{"start":{"line":434,"column":4},"end":{"line":439,"column":5}},"type":"if","locations":[{"start":{"line":434,"column":4},"end":{"line":439,"column":5}},{"start":{},"end":{}}],"line":434},"26":{"loc":{"start":{"line":445,"column":4},"end":{"line":450,"column":5}},"type":"if","locations":[{"start":{"line":445,"column":4},"end":{"line":450,"column":5}},{"start":{},"end":{}}],"line":445},"27":{"loc":{"start":{"line":452,"column":4},"end":{"line":456,"column":5}},"type":"if","locations":[{"start":{"line":452,"column":4},"end":{"line":456,"column":5}},{"start":{"line":454,"column":11},"end":{"line":456,"column":5}}],"line":452}},"s":{"0":8,"1":8,"2":8,"3":1,"4":1,"5":1,"6":7,"7":7,"8":2,"9":5,"10":5,"11":44,"12":44,"13":44,"14":5,"15":5,"16":4,"17":4,"18":1,"19":3,"20":0,"21":3,"22":1,"23":2,"24":2,"25":1,"26":1,"27":1,"28":1,"29":1,"30":1,"31":1,"32":5,"33":5,"34":5,"35":2,"36":0,"37":2,"38":2,"39":1,"40":1,"41":1,"42":4,"43":2,"44":1,"45":1,"46":1,"47":1,"48":1,"49":4,"50":4,"51":4,"52":4,"53":4,"54":4,"55":1,"56":3,"57":3,"58":2,"59":2,"60":1,"61":1,"62":1,"63":0,"64":1,"65":4,"66":2,"67":1,"68":1,"69":1,"70":1,"71":1,"72":1,"73":1,"74":1,"75":3,"76":3,"77":1,"78":2,"79":2,"80":1,"81":1,"82":4,"83":4,"84":4,"85":1,"86":3,"87":1,"88":2,"89":2,"90":1,"91":1,"92":1,"93":5,"94":5,"95":5,"96":1,"97":4,"98":1,"99":3,"100":1,"101":2,"102":2,"103":1,"104":1,"105":1,"106":0,"107":1,"108":1,"109":1,"110":2,"111":2,"112":2,"113":3,"114":3,"115":3,"116":1,"117":2,"118":1,"119":1,"120":1,"121":1,"122":5,"123":5,"124":5,"125":5,"126":1,"127":4,"128":1,"129":3,"130":1,"131":2,"132":5,"133":5,"134":5,"135":1,"136":4,"137":1,"138":3,"139":3,"140":3,"141":3,"142":1,"143":2,"144":0,"145":2,"146":2,"147":2,"148":2,"149":2,"150":2,"151":2,"152":2,"153":2,"154":2,"155":2,"156":0,"157":0},"f":{"0":8,"1":1,"2":7,"3":44,"4":5,"5":5,"6":4,"7":2,"8":1,"9":4,"10":4,"11":4,"12":2,"13":3,"14":4,"15":5,"16":2,"17":3,"18":5,"19":5},"b":{"0":[2,5],"1":[1,3],"2":[0,3],"3":[1,2],"4":[1,1],"5":[0,2],"6":[1,1],"7":[1,3],"8":[2,1],"9":[0,1],"10":[1,2],"11":[1,1],"12":[1,3],"13":[1,2],"14":[1,1],"15":[1,4],"16":[1,3],"17":[1,2],"18":[1,1],"19":[1,2],"20":[1,1],"21":[1,4],"22":[1,3],"23":[1,2],"24":[1,4],"25":[1,3],"26":[1,2],"27":[0,2]},"inputSourceMap":null,"_coverageSchema":"1a1c01bbd47fc00a2c39e90264f33305004495a9","hash":"55812147861decbc166163e5c5730c0d26892a1f"}
,"/Users/joshua/Documents/Kuliah/Hacktive8/phase-3/rmt56-Trizzy/server/models/Subscription.js": {"path":"/Users/joshua/Documents/Kuliah/Hacktive8/phase-3/rmt56-Trizzy/server/models/Subscription.js","statementMap":{"0":{"start":{"line":6,"column":15},"end":{"line":6,"column":22}},"1":{"start":{"line":7,"column":23},"end":{"line":7,"column":53}},"2":{"start":{"line":8,"column":4},"end":{"line":8,"column":22}},"3":{"start":{"line":12,"column":42},"end":{"line":12,"column":49}},"4":{"start":{"line":13,"column":23},"end":{"line":13,"column":43}},"5":{"start":{"line":15,"column":4},"end":{"line":20,"column":5}},"6":{"start":{"line":16,"column":6},"end":{"line":19,"column":8}},"7":{"start":{"line":29,"column":25},"end":{"line":29,"column":56}},"8":{"start":{"line":30,"column":4},"end":{"line":35,"column":5}},"9":{"start":{"line":31,"column":6},"end":{"line":34,"column":8}},"10":{"start":{"line":37,"column":28},"end":{"line":37,"column":38}},"11":{"start":{"line":38,"column":22},"end":{"line":38,"column":60}},"12":{"start":{"line":39,"column":20},"end":{"line":43,"column":20}},"13":{"start":{"line":45,"column":4},"end":{"line":53,"column":7}},"14":{"start":{"line":54,"column":4},"end":{"line":54,"column":45}},"15":{"start":{"line":58,"column":23},"end":{"line":58,"column":43}},"16":{"start":{"line":60,"column":4},"end":{"line":65,"column":5}},"17":{"start":{"line":61,"column":6},"end":{"line":64,"column":8}},"18":{"start":{"line":67,"column":25},"end":{"line":70,"column":5}},"19":{"start":{"line":76,"column":4},"end":{"line":76,"column":24}},"20":{"start":{"line":80,"column":25},"end":{"line":80,"column":59}},"21":{"start":{"line":81,"column":4},"end":{"line":93,"column":5}},"22":{"start":{"line":82,"column":26},"end":{"line":82,"column":36}},"23":{"start":{"line":83,"column":24},"end":{"line":83,"column":56}},"24":{"start":{"line":84,"column":22},"end":{"line":84,"column":52}},"25":{"start":{"line":85,"column":6},"end":{"line":92,"column":7}},"26":{"start":{"line":86,"column":8},"end":{"line":86,"column":20}},"27":{"start":{"line":88,"column":8},"end":{"line":90,"column":10}},"28":{"start":{"line":91,"column":8},"end":{"line":91,"column":21}},"29":{"start":{"line":94,"column":4},"end":{"line":94,"column":17}},"30":{"start":{"line":99,"column":23},"end":{"line":99,"column":43}},"31":{"start":{"line":100,"column":4},"end":{"line":100,"column":80}}},"fnMap":{"0":{"name":"(anonymous_0)","decl":{"start":{"line":5,"column":2},"end":{"line":5,"column":3}},"loc":{"start":{"line":5,"column":25},"end":{"line":9,"column":3}},"line":5},"1":{"name":"(anonymous_1)","decl":{"start":{"line":11,"column":2},"end":{"line":11,"column":3}},"loc":{"start":{"line":11,"column":40},"end":{"line":55,"column":3}},"line":11},"2":{"name":"(anonymous_2)","decl":{"start":{"line":57,"column":2},"end":{"line":57,"column":3}},"loc":{"start":{"line":57,"column":39},"end":{"line":77,"column":3}},"line":57},"3":{"name":"(anonymous_3)","decl":{"start":{"line":79,"column":2},"end":{"line":79,"column":3}},"loc":{"start":{"line":79,"column":36},"end":{"line":95,"column":3}},"line":79},"4":{"name":"(anonymous_4)","decl":{"start":{"line":98,"column":2},"end":{"line":98,"column":3}},"loc":{"start":{"line":98,"column":63},"end":{"line":101,"column":3}},"line":98}},"branchMap":{"0":{"loc":{"start":{"line":15,"column":4},"end":{"line":20,"column":5}},"type":"if","locations":[{"start":{"line":15,"column":4},"end":{"line":20,"column":5}},{"start":{},"end":{}}],"line":15},"1":{"loc":{"start":{"line":30,"column":4},"end":{"line":35,"column":5}},"type":"if","locations":[{"start":{"line":30,"column":4},"end":{"line":35,"column":5}},{"start":{},"end":{}}],"line":30},"2":{"loc":{"start":{"line":60,"column":4},"end":{"line":65,"column":5}},"type":"if","locations":[{"start":{"line":60,"column":4},"end":{"line":65,"column":5}},{"start":{},"end":{}}],"line":60},"3":{"loc":{"start":{"line":81,"column":4},"end":{"line":93,"column":5}},"type":"if","locations":[{"start":{"line":81,"column":4},"end":{"line":93,"column":5}},{"start":{},"end":{}}],"line":81},"4":{"loc":{"start":{"line":81,"column":8},"end":{"line":81,"column":54}},"type":"binary-expr","locations":[{"start":{"line":81,"column":8},"end":{"line":81,"column":20}},{"start":{"line":81,"column":24},"end":{"line":81,"column":54}}],"line":81},"5":{"loc":{"start":{"line":85,"column":6},"end":{"line":92,"column":7}},"type":"if","locations":[{"start":{"line":85,"column":6},"end":{"line":92,"column":7}},{"start":{"line":87,"column":13},"end":{"line":92,"column":7}}],"line":85},"6":{"loc":{"start":{"line":85,"column":10},"end":{"line":85,"column":60}},"type":"binary-expr","locations":[{"start":{"line":85,"column":10},"end":{"line":85,"column":34}},{"start":{"line":85,"column":38},"end":{"line":85,"column":60}}],"line":85}},"s":{"0":23,"1":23,"2":23,"3":4,"4":4,"5":4,"6":1,"7":3,"8":3,"9":0,"10":3,"11":3,"12":3,"13":3,"14":3,"15":15,"16":15,"17":2,"18":13,"19":13,"20":10,"21":9,"22":2,"23":2,"24":2,"25":2,"26":1,"27":1,"28":1,"29":7,"30":4,"31":4},"f":{"0":23,"1":4,"2":15,"3":10,"4":4},"b":{"0":[1,3],"1":[0,3],"2":[2,13],"3":[2,7],"4":[9,4],"5":[1,1],"6":[2,2]},"inputSourceMap":null,"_coverageSchema":"1a1c01bbd47fc00a2c39e90264f33305004495a9","hash":"8b4d68c5b6c58e5fcf202da9699068ec35c0527b"}
,"/Users/joshua/Documents/Kuliah/Hacktive8/phase-3/rmt56-Trizzy/server/models/User.js": {"path":"/Users/joshua/Documents/Kuliah/Hacktive8/phase-3/rmt56-Trizzy/server/models/User.js","statementMap":{"0":{"start":{"line":10,"column":15},"end":{"line":10,"column":22}},"1":{"start":{"line":11,"column":23},"end":{"line":11,"column":45}},"2":{"start":{"line":12,"column":4},"end":{"line":12,"column":22}},"3":{"start":{"line":16,"column":42},"end":{"line":16,"column":49}},"4":{"start":{"line":18,"column":23},"end":{"line":18,"column":43}},"5":{"start":{"line":20,"column":4},"end":{"line":25,"column":5}},"6":{"start":{"line":21,"column":6},"end":{"line":24,"column":8}},"7":{"start":{"line":27,"column":4},"end":{"line":32,"column":5}},"8":{"start":{"line":28,"column":6},"end":{"line":31,"column":8}},"9":{"start":{"line":34,"column":4},"end":{"line":39,"column":5}},"10":{"start":{"line":35,"column":6},"end":{"line":38,"column":8}},"11":{"start":{"line":41,"column":34},"end":{"line":41,"column":69}},"12":{"start":{"line":42,"column":4},"end":{"line":47,"column":5}},"13":{"start":{"line":43,"column":6},"end":{"line":46,"column":8}},"14":{"start":{"line":49,"column":4},"end":{"line":54,"column":5}},"15":{"start":{"line":50,"column":6},"end":{"line":53,"column":8}},"16":{"start":{"line":56,"column":4},"end":{"line":61,"column":5}},"17":{"start":{"line":57,"column":6},"end":{"line":60,"column":8}},"18":{"start":{"line":63,"column":19},"end":{"line":63,"column":41}},"19":{"start":{"line":64,"column":20},"end":{"line":69,"column":5}},"20":{"start":{"line":71,"column":4},"end":{"line":71,"column":40}},"21":{"start":{"line":72,"column":4},"end":{"line":72,"column":33}},"22":{"start":{"line":76,"column":23},"end":{"line":76,"column":43}},"23":{"start":{"line":78,"column":19},"end":{"line":78,"column":65}},"24":{"start":{"line":79,"column":19},"end":{"line":82,"column":6}},"25":{"start":{"line":84,"column":4},"end":{"line":89,"column":5}},"26":{"start":{"line":85,"column":6},"end":{"line":88,"column":8}},"27":{"start":{"line":91,"column":20},"end":{"line":91,"column":39}},"28":{"start":{"line":93,"column":15},"end":{"line":95,"column":6}},"29":{"start":{"line":97,"column":4},"end":{"line":111,"column":5}},"30":{"start":{"line":98,"column":22},"end":{"line":104,"column":7}},"31":{"start":{"line":106,"column":21},"end":{"line":106,"column":56}},"32":{"start":{"line":107,"column":6},"end":{"line":110,"column":8}},"33":{"start":{"line":113,"column":25},"end":{"line":115,"column":6}},"34":{"start":{"line":117,"column":19},"end":{"line":120,"column":5}},"35":{"start":{"line":122,"column":4},"end":{"line":122,"column":18}},"36":{"start":{"line":126,"column":32},"end":{"line":126,"column":39}},"37":{"start":{"line":128,"column":23},"end":{"line":128,"column":43}},"38":{"start":{"line":130,"column":4},"end":{"line":135,"column":5}},"39":{"start":{"line":131,"column":6},"end":{"line":134,"column":8}},"40":{"start":{"line":137,"column":4},"end":{"line":142,"column":5}},"41":{"start":{"line":138,"column":6},"end":{"line":141,"column":8}},"42":{"start":{"line":144,"column":25},"end":{"line":144,"column":60}},"43":{"start":{"line":145,"column":4},"end":{"line":150,"column":5}},"44":{"start":{"line":146,"column":6},"end":{"line":149,"column":8}},"45":{"start":{"line":152,"column":28},"end":{"line":152,"column":77}},"46":{"start":{"line":153,"column":4},"end":{"line":158,"column":5}},"47":{"start":{"line":154,"column":6},"end":{"line":157,"column":8}},"48":{"start":{"line":160,"column":25},"end":{"line":160,"column":64}},"49":{"start":{"line":161,"column":18},"end":{"line":164,"column":5}},"50":{"start":{"line":165,"column":4},"end":{"line":165,"column":17}},"51":{"start":{"line":169,"column":23},"end":{"line":169,"column":43}},"52":{"start":{"line":170,"column":17},"end":{"line":170,"column":72}},"53":{"start":{"line":171,"column":4},"end":{"line":173,"column":5}},"54":{"start":{"line":172,"column":6},"end":{"line":172,"column":61}},"55":{"start":{"line":174,"column":4},"end":{"line":174,"column":16}},"56":{"start":{"line":178,"column":23},"end":{"line":178,"column":43}},"57":{"start":{"line":179,"column":17},"end":{"line":179,"column":72}},"58":{"start":{"line":180,"column":4},"end":{"line":182,"column":5}},"59":{"start":{"line":181,"column":6},"end":{"line":181,"column":61}},"60":{"start":{"line":183,"column":4},"end":{"line":189,"column":5}},"61":{"start":{"line":184,"column":6},"end":{"line":188,"column":8}},"62":{"start":{"line":190,"column":25},"end":{"line":190,"column":43}},"63":{"start":{"line":191,"column":4},"end":{"line":194,"column":6}},"64":{"start":{"line":195,"column":4},"end":{"line":195,"column":24}}},"fnMap":{"0":{"name":"(anonymous_0)","decl":{"start":{"line":9,"column":2},"end":{"line":9,"column":3}},"loc":{"start":{"line":9,"column":25},"end":{"line":13,"column":3}},"line":9},"1":{"name":"(anonymous_1)","decl":{"start":{"line":15,"column":2},"end":{"line":15,"column":3}},"loc":{"start":{"line":15,"column":33},"end":{"line":73,"column":3}},"line":15},"2":{"name":"(anonymous_2)","decl":{"start":{"line":75,"column":2},"end":{"line":75,"column":3}},"loc":{"start":{"line":75,"column":34},"end":{"line":123,"column":3}},"line":75},"3":{"name":"(anonymous_3)","decl":{"start":{"line":125,"column":2},"end":{"line":125,"column":3}},"loc":{"start":{"line":125,"column":30},"end":{"line":166,"column":3}},"line":125},"4":{"name":"(anonymous_4)","decl":{"start":{"line":168,"column":2},"end":{"line":168,"column":3}},"loc":{"start":{"line":168,"column":35},"end":{"line":175,"column":3}},"line":168},"5":{"name":"(anonymous_5)","decl":{"start":{"line":177,"column":2},"end":{"line":177,"column":3}},"loc":{"start":{"line":177,"column":39},"end":{"line":196,"column":3}},"line":177}},"branchMap":{"0":{"loc":{"start":{"line":20,"column":4},"end":{"line":25,"column":5}},"type":"if","locations":[{"start":{"line":20,"column":4},"end":{"line":25,"column":5}},{"start":{},"end":{}}],"line":20},"1":{"loc":{"start":{"line":20,"column":8},"end":{"line":20,"column":43}},"type":"binary-expr","locations":[{"start":{"line":20,"column":8},"end":{"line":20,"column":17}},{"start":{"line":20,"column":21},"end":{"line":20,"column":43}}],"line":20},"2":{"loc":{"start":{"line":27,"column":4},"end":{"line":32,"column":5}},"type":"if","locations":[{"start":{"line":27,"column":4},"end":{"line":32,"column":5}},{"start":{},"end":{}}],"line":27},"3":{"loc":{"start":{"line":27,"column":8},"end":{"line":27,"column":37}},"type":"binary-expr","locations":[{"start":{"line":27,"column":8},"end":{"line":27,"column":14}},{"start":{"line":27,"column":18},"end":{"line":27,"column":37}}],"line":27},"4":{"loc":{"start":{"line":34,"column":4},"end":{"line":39,"column":5}},"type":"if","locations":[{"start":{"line":34,"column":4},"end":{"line":39,"column":5}},{"start":{},"end":{}}],"line":34},"5":{"loc":{"start":{"line":42,"column":4},"end":{"line":47,"column":5}},"type":"if","locations":[{"start":{"line":42,"column":4},"end":{"line":47,"column":5}},{"start":{},"end":{}}],"line":42},"6":{"loc":{"start":{"line":49,"column":4},"end":{"line":54,"column":5}},"type":"if","locations":[{"start":{"line":49,"column":4},"end":{"line":54,"column":5}},{"start":{},"end":{}}],"line":49},"7":{"loc":{"start":{"line":49,"column":8},"end":{"line":49,"column":43}},"type":"binary-expr","locations":[{"start":{"line":49,"column":8},"end":{"line":49,"column":17}},{"start":{"line":49,"column":21},"end":{"line":49,"column":43}}],"line":49},"8":{"loc":{"start":{"line":56,"column":4},"end":{"line":61,"column":5}},"type":"if","locations":[{"start":{"line":56,"column":4},"end":{"line":61,"column":5}},{"start":{},"end":{}}],"line":56},"9":{"loc":{"start":{"line":84,"column":4},"end":{"line":89,"column":5}},"type":"if","locations":[{"start":{"line":84,"column":4},"end":{"line":89,"column":5}},{"start":{},"end":{}}],"line":84},"10":{"loc":{"start":{"line":97,"column":4},"end":{"line":111,"column":5}},"type":"if","locations":[{"start":{"line":97,"column":4},"end":{"line":111,"column":5}},{"start":{},"end":{}}],"line":97},"11":{"loc":{"start":{"line":130,"column":4},"end":{"line":135,"column":5}},"type":"if","locations":[{"start":{"line":130,"column":4},"end":{"line":135,"column":5}},{"start":{},"end":{}}],"line":130},"12":{"loc":{"start":{"line":130,"column":8},"end":{"line":130,"column":37}},"type":"binary-expr","locations":[{"start":{"line":130,"column":8},"end":{"line":130,"column":14}},{"start":{"line":130,"column":18},"end":{"line":130,"column":37}}],"line":130},"13":{"loc":{"start":{"line":137,"column":4},"end":{"line":142,"column":5}},"type":"if","locations":[{"start":{"line":137,"column":4},"end":{"line":142,"column":5}},{"start":{},"end":{}}],"line":137},"14":{"loc":{"start":{"line":137,"column":8},"end":{"line":137,"column":43}},"type":"binary-expr","locations":[{"start":{"line":137,"column":8},"end":{"line":137,"column":17}},{"start":{"line":137,"column":21},"end":{"line":137,"column":43}}],"line":137},"15":{"loc":{"start":{"line":145,"column":4},"end":{"line":150,"column":5}},"type":"if","locations":[{"start":{"line":145,"column":4},"end":{"line":150,"column":5}},{"start":{},"end":{}}],"line":145},"16":{"loc":{"start":{"line":153,"column":4},"end":{"line":158,"column":5}},"type":"if","locations":[{"start":{"line":153,"column":4},"end":{"line":158,"column":5}},{"start":{},"end":{}}],"line":153},"17":{"loc":{"start":{"line":171,"column":4},"end":{"line":173,"column":5}},"type":"if","locations":[{"start":{"line":171,"column":4},"end":{"line":173,"column":5}},{"start":{},"end":{}}],"line":171},"18":{"loc":{"start":{"line":180,"column":4},"end":{"line":182,"column":5}},"type":"if","locations":[{"start":{"line":180,"column":4},"end":{"line":182,"column":5}},{"start":{},"end":{}}],"line":180},"19":{"loc":{"start":{"line":183,"column":4},"end":{"line":189,"column":5}},"type":"if","locations":[{"start":{"line":183,"column":4},"end":{"line":189,"column":5}},{"start":{},"end":{}}],"line":183}},"s":{"0":48,"1":48,"2":48,"3":23,"4":23,"5":23,"6":1,"7":22,"8":1,"9":21,"10":1,"11":20,"12":20,"13":1,"14":19,"15":1,"16":18,"17":1,"18":17,"19":17,"20":17,"21":17,"22":2,"23":2,"24":2,"25":2,"26":1,"27":1,"28":1,"29":1,"30":1,"31":1,"32":1,"33":1,"34":1,"35":1,"36":8,"37":8,"38":8,"39":1,"40":7,"41":1,"42":6,"43":6,"44":1,"45":5,"46":5,"47":1,"48":4,"49":4,"50":4,"51":8,"52":8,"53":8,"54":1,"55":7,"56":7,"57":7,"58":7,"59":1,"60":6,"61":2,"62":4,"63":4,"64":4},"f":{"0":48,"1":23,"2":2,"3":8,"4":8,"5":7},"b":{"0":[1,22],"1":[23,22],"2":[1,21],"3":[22,21],"4":[1,20],"5":[1,19],"6":[1,18],"7":[19,18],"8":[1,17],"9":[1,1],"10":[1,0],"11":[1,7],"12":[8,7],"13":[1,6],"14":[7,6],"15":[1,5],"16":[1,4],"17":[1,7],"18":[1,6],"19":[2,4]},"inputSourceMap":null,"_coverageSchema":"1a1c01bbd47fc00a2c39e90264f33305004495a9","hash":"73a4662f45232c0e2d023f350938a9d1e950641d"}
,"/Users/joshua/Documents/Kuliah/Hacktive8/phase-3/rmt56-Trizzy/server/schemas/chatSchema.js": {"path":"/Users/joshua/Documents/Kuliah/Hacktive8/phase-3/rmt56-Trizzy/server/schemas/chatSchema.js","statementMap":{"0":{"start":{"line":4,"column":21},"end":{"line":29,"column":1}},"1":{"start":{"line":31,"column":22},"end":{"line":82,"column":1}},"2":{"start":{"line":34,"column":6},"end":{"line":42,"column":7}},"3":{"start":{"line":35,"column":32},"end":{"line":35,"column":62}},"4":{"start":{"line":36,"column":24},"end":{"line":36,"column":28}},"5":{"start":{"line":37,"column":25},"end":{"line":37,"column":60}},"6":{"start":{"line":38,"column":8},"end":{"line":38,"column":24}},"7":{"start":{"line":40,"column":8},"end":{"line":40,"column":57}},"8":{"start":{"line":41,"column":8},"end":{"line":41,"column":28}},"9":{"start":{"line":47,"column":6},"end":{"line":56,"column":7}},"10":{"start":{"line":48,"column":32},"end":{"line":48,"column":62}},"11":{"start":{"line":49,"column":28},"end":{"line":49,"column":32}},"12":{"start":{"line":50,"column":8},"end":{"line":50,"column":32}},"13":{"start":{"line":51,"column":25},"end":{"line":51,"column":55}},"14":{"start":{"line":52,"column":8},"end":{"line":52,"column":24}},"15":{"start":{"line":54,"column":8},"end":{"line":54,"column":56}},"16":{"start":{"line":55,"column":8},"end":{"line":55,"column":28}},"17":{"start":{"line":59,"column":6},"end":{"line":67,"column":7}},"18":{"start":{"line":60,"column":32},"end":{"line":60,"column":62}},"19":{"start":{"line":61,"column":27},"end":{"line":61,"column":31}},"20":{"start":{"line":62,"column":25},"end":{"line":62,"column":71}},"21":{"start":{"line":63,"column":8},"end":{"line":63,"column":24}},"22":{"start":{"line":65,"column":8},"end":{"line":65,"column":61}},"23":{"start":{"line":66,"column":8},"end":{"line":66,"column":28}},"24":{"start":{"line":70,"column":6},"end":{"line":79,"column":7}},"25":{"start":{"line":71,"column":32},"end":{"line":71,"column":62}},"26":{"start":{"line":72,"column":28},"end":{"line":72,"column":32}},"27":{"start":{"line":73,"column":8},"end":{"line":73,"column":32}},"28":{"start":{"line":74,"column":25},"end":{"line":74,"column":62}},"29":{"start":{"line":75,"column":8},"end":{"line":75,"column":24}},"30":{"start":{"line":77,"column":8},"end":{"line":77,"column":63}},"31":{"start":{"line":78,"column":8},"end":{"line":78,"column":28}}},"fnMap":{"0":{"name":"(anonymous_0)","decl":{"start":{"line":33,"column":17},"end":{"line":33,"column":18}},"loc":{"start":{"line":33,"column":45},"end":{"line":43,"column":5}},"line":33},"1":{"name":"(anonymous_1)","decl":{"start":{"line":46,"column":16},"end":{"line":46,"column":17}},"loc":{"start":{"line":46,"column":44},"end":{"line":57,"column":5}},"line":46},"2":{"name":"(anonymous_2)","decl":{"start":{"line":58,"column":21},"end":{"line":58,"column":22}},"loc":{"start":{"line":58,"column":49},"end":{"line":68,"column":5}},"line":58},"3":{"name":"(anonymous_3)","decl":{"start":{"line":69,"column":23},"end":{"line":69,"column":24}},"loc":{"start":{"line":69,"column":51},"end":{"line":80,"column":5}},"line":69}},"branchMap":{},"s":{"0":5,"1":5,"2":4,"3":4,"4":4,"5":4,"6":1,"7":3,"8":3,"9":5,"10":5,"11":5,"12":5,"13":5,"14":2,"15":3,"16":3,"17":5,"18":5,"19":5,"20":5,"21":1,"22":4,"23":4,"24":7,"25":7,"26":7,"27":7,"28":7,"29":2,"30":5,"31":5},"f":{"0":4,"1":5,"2":5,"3":7},"b":{},"inputSourceMap":null,"_coverageSchema":"1a1c01bbd47fc00a2c39e90264f33305004495a9","hash":"7a815752d6e9db4df3e0020316e1ec021a53f4f2"}
,"/Users/joshua/Documents/Kuliah/Hacktive8/phase-3/rmt56-Trizzy/server/schemas/recommendationSchema.js": {"path":"/Users/joshua/Documents/Kuliah/Hacktive8/phase-3/rmt56-Trizzy/server/schemas/recommendationSchema.js","statementMap":{"0":{"start":{"line":4,"column":31},"end":{"line":66,"column":1}},"1":{"start":{"line":68,"column":32},"end":{"line":222,"column":1}},"2":{"start":{"line":71,"column":23},"end":{"line":71,"column":71}},"3":{"start":{"line":72,"column":6},"end":{"line":72,"column":22}},"4":{"start":{"line":75,"column":6},"end":{"line":84,"column":7}},"5":{"start":{"line":76,"column":24},"end":{"line":76,"column":28}},"6":{"start":{"line":77,"column":25},"end":{"line":79,"column":9}},"7":{"start":{"line":80,"column":8},"end":{"line":80,"column":24}},"8":{"start":{"line":82,"column":8},"end":{"line":82,"column":77}},"9":{"start":{"line":83,"column":8},"end":{"line":83,"column":28}},"10":{"start":{"line":87,"column":6},"end":{"line":94,"column":7}},"11":{"start":{"line":88,"column":27},"end":{"line":88,"column":31}},"12":{"start":{"line":89,"column":25},"end":{"line":89,"column":72}},"13":{"start":{"line":90,"column":8},"end":{"line":90,"column":24}},"14":{"start":{"line":92,"column":8},"end":{"line":92,"column":64}},"15":{"start":{"line":93,"column":8},"end":{"line":93,"column":28}},"16":{"start":{"line":97,"column":6},"end":{"line":104,"column":7}},"17":{"start":{"line":98,"column":24},"end":{"line":98,"column":28}},"18":{"start":{"line":99,"column":25},"end":{"line":99,"column":75}},"19":{"start":{"line":100,"column":8},"end":{"line":100,"column":24}},"20":{"start":{"line":102,"column":8},"end":{"line":102,"column":70}},"21":{"start":{"line":103,"column":8},"end":{"line":103,"column":28}},"22":{"start":{"line":107,"column":6},"end":{"line":114,"column":7}},"23":{"start":{"line":108,"column":32},"end":{"line":108,"column":62}},"24":{"start":{"line":109,"column":25},"end":{"line":109,"column":64}},"25":{"start":{"line":110,"column":8},"end":{"line":110,"column":24}},"26":{"start":{"line":112,"column":8},"end":{"line":112,"column":56}},"27":{"start":{"line":113,"column":8},"end":{"line":113,"column":28}},"28":{"start":{"line":117,"column":6},"end":{"line":124,"column":7}},"29":{"start":{"line":118,"column":28},"end":{"line":118,"column":32}},"30":{"start":{"line":119,"column":25},"end":{"line":119,"column":70}},"31":{"start":{"line":120,"column":8},"end":{"line":120,"column":24}},"32":{"start":{"line":122,"column":8},"end":{"line":122,"column":61}},"33":{"start":{"line":123,"column":8},"end":{"line":123,"column":28}},"34":{"start":{"line":129,"column":6},"end":{"line":140,"column":7}},"35":{"start":{"line":130,"column":44},"end":{"line":130,"column":48}},"36":{"start":{"line":131,"column":32},"end":{"line":131,"column":62}},"37":{"start":{"line":132,"column":25},"end":{"line":135,"column":10}},"38":{"start":{"line":136,"column":8},"end":{"line":136,"column":24}},"39":{"start":{"line":138,"column":8},"end":{"line":138,"column":78}},"40":{"start":{"line":139,"column":8},"end":{"line":139,"column":28}},"41":{"start":{"line":143,"column":6},"end":{"line":154,"column":7}},"42":{"start":{"line":144,"column":27},"end":{"line":144,"column":31}},"43":{"start":{"line":145,"column":32},"end":{"line":145,"column":62}},"44":{"start":{"line":146,"column":25},"end":{"line":149,"column":10}},"45":{"start":{"line":150,"column":8},"end":{"line":150,"column":24}},"46":{"start":{"line":152,"column":8},"end":{"line":152,"column":69}},"47":{"start":{"line":153,"column":8},"end":{"line":153,"column":28}},"48":{"start":{"line":157,"column":6},"end":{"line":168,"column":7}},"49":{"start":{"line":158,"column":37},"end":{"line":158,"column":41}},"50":{"start":{"line":159,"column":32},"end":{"line":159,"column":62}},"51":{"start":{"line":160,"column":25},"end":{"line":163,"column":10}},"52":{"start":{"line":164,"column":8},"end":{"line":164,"column":24}},"53":{"start":{"line":166,"column":8},"end":{"line":166,"column":75}},"54":{"start":{"line":167,"column":8},"end":{"line":167,"column":28}},"55":{"start":{"line":171,"column":6},"end":{"line":182,"column":7}},"56":{"start":{"line":172,"column":37},"end":{"line":172,"column":41}},"57":{"start":{"line":173,"column":32},"end":{"line":173,"column":62}},"58":{"start":{"line":174,"column":25},"end":{"line":177,"column":10}},"59":{"start":{"line":178,"column":8},"end":{"line":178,"column":24}},"60":{"start":{"line":180,"column":8},"end":{"line":180,"column":71}},"61":{"start":{"line":181,"column":8},"end":{"line":181,"column":28}},"62":{"start":{"line":185,"column":6},"end":{"line":194,"column":7}},"63":{"start":{"line":186,"column":28},"end":{"line":186,"column":32}},"64":{"start":{"line":187,"column":32},"end":{"line":187,"column":62}},"65":{"start":{"line":188,"column":8},"end":{"line":188,"column":32}},"66":{"start":{"line":189,"column":25},"end":{"line":189,"column":68}},"67":{"start":{"line":190,"column":8},"end":{"line":190,"column":24}},"68":{"start":{"line":192,"column":8},"end":{"line":192,"column":59}},"69":{"start":{"line":193,"column":8},"end":{"line":193,"column":28}},"70":{"start":{"line":197,"column":6},"end":{"line":207,"column":7}},"71":{"start":{"line":198,"column":37},"end":{"line":198,"column":41}},"72":{"start":{"line":199,"column":32},"end":{"line":199,"column":62}},"73":{"start":{"line":200,"column":25},"end":{"line":202,"column":9}},"74":{"start":{"line":203,"column":8},"end":{"line":203,"column":24}},"75":{"start":{"line":205,"column":8},"end":{"line":205,"column":64}},"76":{"start":{"line":206,"column":8},"end":{"line":206,"column":28}},"77":{"start":{"line":210,"column":6},"end":{"line":219,"column":7}},"78":{"start":{"line":211,"column":28},"end":{"line":211,"column":32}},"79":{"start":{"line":212,"column":32},"end":{"line":212,"column":62}},"80":{"start":{"line":213,"column":8},"end":{"line":213,"column":32}},"81":{"start":{"line":214,"column":25},"end":{"line":214,"column":69}},"82":{"start":{"line":215,"column":8},"end":{"line":215,"column":24}},"83":{"start":{"line":217,"column":8},"end":{"line":217,"column":60}},"84":{"start":{"line":218,"column":8},"end":{"line":218,"column":28}}},"fnMap":{"0":{"name":"(anonymous_0)","decl":{"start":{"line":70,"column":31},"end":{"line":70,"column":32}},"loc":{"start":{"line":70,"column":43},"end":{"line":73,"column":5}},"line":70},"1":{"name":"(anonymous_1)","decl":{"start":{"line":74,"column":37},"end":{"line":74,"column":38}},"loc":{"start":{"line":74,"column":56},"end":{"line":85,"column":5}},"line":74},"2":{"name":"(anonymous_2)","decl":{"start":{"line":86,"column":24},"end":{"line":86,"column":25}},"loc":{"start":{"line":86,"column":43},"end":{"line":95,"column":5}},"line":86},"3":{"name":"(anonymous_3)","decl":{"start":{"line":96,"column":30},"end":{"line":96,"column":31}},"loc":{"start":{"line":96,"column":49},"end":{"line":105,"column":5}},"line":96},"4":{"name":"(anonymous_4)","decl":{"start":{"line":106,"column":16},"end":{"line":106,"column":17}},"loc":{"start":{"line":106,"column":44},"end":{"line":115,"column":5}},"line":106},"5":{"name":"(anonymous_5)","decl":{"start":{"line":116,"column":21},"end":{"line":116,"column":22}},"loc":{"start":{"line":116,"column":40},"end":{"line":125,"column":5}},"line":116},"6":{"name":"(anonymous_6)","decl":{"start":{"line":128,"column":38},"end":{"line":128,"column":39}},"loc":{"start":{"line":128,"column":66},"end":{"line":141,"column":5}},"line":128},"7":{"name":"(anonymous_7)","decl":{"start":{"line":142,"column":29},"end":{"line":142,"column":30}},"loc":{"start":{"line":142,"column":57},"end":{"line":155,"column":5}},"line":142},"8":{"name":"(anonymous_8)","decl":{"start":{"line":156,"column":35},"end":{"line":156,"column":36}},"loc":{"start":{"line":156,"column":63},"end":{"line":169,"column":5}},"line":156},"9":{"name":"(anonymous_9)","decl":{"start":{"line":170,"column":31},"end":{"line":170,"column":32}},"loc":{"start":{"line":170,"column":59},"end":{"line":183,"column":5}},"line":170},"10":{"name":"(anonymous_10)","decl":{"start":{"line":184,"column":19},"end":{"line":184,"column":20}},"loc":{"start":{"line":184,"column":47},"end":{"line":195,"column":5}},"line":184},"11":{"name":"(anonymous_11)","decl":{"start":{"line":196,"column":24},"end":{"line":196,"column":25}},"loc":{"start":{"line":196,"column":52},"end":{"line":208,"column":5}},"line":196},"12":{"name":"(anonymous_12)","decl":{"start":{"line":209,"column":20},"end":{"line":209,"column":21}},"loc":{"start":{"line":209,"column":48},"end":{"line":220,"column":5}},"line":209}},"branchMap":{},"s":{"0":5,"1":5,"2":1,"3":1,"4":2,"5":2,"6":2,"7":1,"8":1,"9":1,"10":2,"11":2,"12":2,"13":2,"14":0,"15":0,"16":3,"17":3,"18":3,"19":1,"20":2,"21":2,"22":2,"23":2,"24":2,"25":2,"26":0,"27":0,"28":5,"29":5,"30":5,"31":3,"32":2,"33":2,"34":5,"35":5,"36":5,"37":5,"38":1,"39":4,"40":4,"41":5,"42":5,"43":5,"44":5,"45":2,"46":3,"47":3,"48":4,"49":4,"50":4,"51":4,"52":3,"53":1,"54":1,"55":4,"56":4,"57":4,"58":4,"59":1,"60":3,"61":3,"62":5,"63":5,"64":5,"65":5,"66":5,"67":1,"68":4,"69":4,"70":3,"71":3,"72":3,"73":3,"74":2,"75":1,"76":1,"77":5,"78":5,"79":5,"80":5,"81":5,"82":2,"83":3,"84":3},"f":{"0":1,"1":2,"2":2,"3":3,"4":2,"5":5,"6":5,"7":5,"8":4,"9":4,"10":5,"11":3,"12":5},"b":{},"inputSourceMap":null,"_coverageSchema":"1a1c01bbd47fc00a2c39e90264f33305004495a9","hash":"fca1f0eb22be3f011cf2253bca0abcd87522d18e"}
,"/Users/joshua/Documents/Kuliah/Hacktive8/phase-3/rmt56-Trizzy/server/schemas/subscriptionSchema.js": {"path":"/Users/joshua/Documents/Kuliah/Hacktive8/phase-3/rmt56-Trizzy/server/schemas/subscriptionSchema.js","statementMap":{"0":{"start":{"line":8,"column":29},"end":{"line":30,"column":1}},"1":{"start":{"line":32,"column":30},"end":{"line":161,"column":1}},"2":{"start":{"line":35,"column":6},"end":{"line":89,"column":7}},"3":{"start":{"line":36,"column":32},"end":{"line":36,"column":62}},"4":{"start":{"line":37,"column":8},"end":{"line":37,"column":63}},"5":{"start":{"line":38,"column":29},"end":{"line":38,"column":71}},"6":{"start":{"line":39,"column":8},"end":{"line":39,"column":75}},"7":{"start":{"line":41,"column":8},"end":{"line":43,"column":9}},"8":{"start":{"line":42,"column":10},"end":{"line":42,"column":22}},"9":{"start":{"line":47,"column":8},"end":{"line":83,"column":9}},"10":{"start":{"line":48,"column":33},"end":{"line":50,"column":11}},"11":{"start":{"line":56,"column":10},"end":{"line":59,"column":12}},"12":{"start":{"line":61,"column":10},"end":{"line":82,"column":11}},"13":{"start":{"line":66,"column":12},"end":{"line":69,"column":14}},"14":{"start":{"line":70,"column":12},"end":{"line":70,"column":41}},"15":{"start":{"line":71,"column":17},"end":{"line":82,"column":11}},"16":{"start":{"line":77,"column":12},"end":{"line":80,"column":14}},"17":{"start":{"line":81,"column":12},"end":{"line":81,"column":50}},"18":{"start":{"line":85,"column":8},"end":{"line":85,"column":28}},"19":{"start":{"line":87,"column":8},"end":{"line":87,"column":61}},"20":{"start":{"line":88,"column":8},"end":{"line":88,"column":28}},"21":{"start":{"line":92,"column":6},"end":{"line":99,"column":7}},"22":{"start":{"line":93,"column":32},"end":{"line":93,"column":62}},"23":{"start":{"line":94,"column":25},"end":{"line":94,"column":64}},"24":{"start":{"line":95,"column":8},"end":{"line":95,"column":24}},"25":{"start":{"line":97,"column":8},"end":{"line":97,"column":58}},"26":{"start":{"line":98,"column":8},"end":{"line":98,"column":28}},"27":{"start":{"line":104,"column":6},"end":{"line":158,"column":7}},"28":{"start":{"line":105,"column":32},"end":{"line":105,"column":62}},"29":{"start":{"line":108,"column":24},"end":{"line":108,"column":53}},"30":{"start":{"line":110,"column":8},"end":{"line":110,"column":32}},"31":{"start":{"line":113,"column":35},"end":{"line":128,"column":9}},"32":{"start":{"line":131,"column":8},"end":{"line":136,"column":9}},"33":{"start":{"line":132,"column":10},"end":{"line":132,"column":68}},"34":{"start":{"line":134,"column":10},"end":{"line":134,"column":76}},"35":{"start":{"line":135,"column":10},"end":{"line":135,"column":67}},"36":{"start":{"line":139,"column":8},"end":{"line":149,"column":11}},"37":{"start":{"line":151,"column":8},"end":{"line":151,"column":69}},"38":{"start":{"line":154,"column":8},"end":{"line":154,"column":33}},"39":{"start":{"line":156,"column":8},"end":{"line":156,"column":61}},"40":{"start":{"line":157,"column":8},"end":{"line":157,"column":28}}},"fnMap":{"0":{"name":"(anonymous_0)","decl":{"start":{"line":34,"column":21},"end":{"line":34,"column":22}},"loc":{"start":{"line":34,"column":47},"end":{"line":90,"column":5}},"line":34},"1":{"name":"(anonymous_1)","decl":{"start":{"line":91,"column":18},"end":{"line":91,"column":19}},"loc":{"start":{"line":91,"column":44},"end":{"line":100,"column":5}},"line":91},"2":{"name":"(anonymous_2)","decl":{"start":{"line":103,"column":21},"end":{"line":103,"column":22}},"loc":{"start":{"line":103,"column":56},"end":{"line":159,"column":5}},"line":103}},"branchMap":{"0":{"loc":{"start":{"line":41,"column":8},"end":{"line":43,"column":9}},"type":"if","locations":[{"start":{"line":41,"column":8},"end":{"line":43,"column":9}},{"start":{},"end":{}}],"line":41},"1":{"loc":{"start":{"line":47,"column":8},"end":{"line":83,"column":9}},"type":"if","locations":[{"start":{"line":47,"column":8},"end":{"line":83,"column":9}},{"start":{},"end":{}}],"line":47},"2":{"loc":{"start":{"line":61,"column":10},"end":{"line":82,"column":11}},"type":"if","locations":[{"start":{"line":61,"column":10},"end":{"line":82,"column":11}},{"start":{"line":71,"column":17},"end":{"line":82,"column":11}}],"line":61},"3":{"loc":{"start":{"line":62,"column":12},"end":{"line":63,"column":59}},"type":"binary-expr","locations":[{"start":{"line":62,"column":12},"end":{"line":62,"column":62}},{"start":{"line":63,"column":12},"end":{"line":63,"column":59}}],"line":62},"4":{"loc":{"start":{"line":71,"column":17},"end":{"line":82,"column":11}},"type":"if","locations":[{"start":{"line":71,"column":17},"end":{"line":82,"column":11}},{"start":{},"end":{}}],"line":71},"5":{"loc":{"start":{"line":72,"column":12},"end":{"line":75,"column":59}},"type":"binary-expr","locations":[{"start":{"line":72,"column":12},"end":{"line":72,"column":58}},{"start":{"line":73,"column":12},"end":{"line":73,"column":58}},{"start":{"line":74,"column":12},"end":{"line":74,"column":56}},{"start":{"line":75,"column":12},"end":{"line":75,"column":59}}],"line":72}},"s":{"0":5,"1":5,"2":5,"3":5,"4":5,"5":5,"6":4,"7":4,"8":1,"9":3,"10":3,"11":2,"12":2,"13":1,"14":1,"15":1,"16":1,"17":1,"18":2,"19":2,"20":2,"21":3,"22":3,"23":3,"24":2,"25":1,"26":1,"27":5,"28":5,"29":5,"30":5,"31":5,"32":5,"33":5,"34":1,"35":1,"36":4,"37":3,"38":3,"39":2,"40":2},"f":{"0":5,"1":3,"2":5},"b":{"0":[1,3],"1":[3,0],"2":[1,1],"3":[2,1],"4":[1,0],"5":[1,1,1,1]},"inputSourceMap":null,"_coverageSchema":"1a1c01bbd47fc00a2c39e90264f33305004495a9","hash":"778b712272882fa987181924b6c93b292cc0dced"}
,"/Users/joshua/Documents/Kuliah/Hacktive8/phase-3/rmt56-Trizzy/server/schemas/userSchema.js": {"path":"/Users/joshua/Documents/Kuliah/Hacktive8/phase-3/rmt56-Trizzy/server/schemas/userSchema.js","statementMap":{"0":{"start":{"line":4,"column":21},"end":{"line":40,"column":1}},"1":{"start":{"line":42,"column":22},"end":{"line":102,"column":1}},"2":{"start":{"line":45,"column":6},"end":{"line":52,"column":7}},"3":{"start":{"line":46,"column":24},"end":{"line":46,"column":28}},"4":{"start":{"line":47,"column":21},"end":{"line":47,"column":48}},"5":{"start":{"line":48,"column":8},"end":{"line":48,"column":20}},"6":{"start":{"line":50,"column":8},"end":{"line":50,"column":57}},"7":{"start":{"line":51,"column":8},"end":{"line":51,"column":28}},"8":{"start":{"line":57,"column":6},"end":{"line":65,"column":7}},"9":{"start":{"line":58,"column":26},"end":{"line":58,"column":30}},"10":{"start":{"line":60,"column":24},"end":{"line":60,"column":50}},"11":{"start":{"line":61,"column":8},"end":{"line":61,"column":23}},"12":{"start":{"line":63,"column":8},"end":{"line":63,"column":54}},"13":{"start":{"line":64,"column":8},"end":{"line":64,"column":28}},"14":{"start":{"line":69,"column":6},"end":{"line":77,"column":7}},"15":{"start":{"line":70,"column":26},"end":{"line":70,"column":30}},"16":{"start":{"line":72,"column":23},"end":{"line":72,"column":52}},"17":{"start":{"line":73,"column":8},"end":{"line":73,"column":22}},"18":{"start":{"line":75,"column":8},"end":{"line":75,"column":57}},"19":{"start":{"line":76,"column":8},"end":{"line":76,"column":28}},"20":{"start":{"line":81,"column":6},"end":{"line":89,"column":7}},"21":{"start":{"line":82,"column":26},"end":{"line":82,"column":30}},"22":{"start":{"line":84,"column":24},"end":{"line":84,"column":47}},"23":{"start":{"line":85,"column":8},"end":{"line":85,"column":23}},"24":{"start":{"line":87,"column":8},"end":{"line":87,"column":51}},"25":{"start":{"line":88,"column":8},"end":{"line":88,"column":28}},"26":{"start":{"line":92,"column":6},"end":{"line":99,"column":7}},"27":{"start":{"line":93,"column":32},"end":{"line":93,"column":62}},"28":{"start":{"line":94,"column":25},"end":{"line":94,"column":59}},"29":{"start":{"line":95,"column":8},"end":{"line":95,"column":24}},"30":{"start":{"line":97,"column":8},"end":{"line":97,"column":61}},"31":{"start":{"line":98,"column":8},"end":{"line":98,"column":28}}},"fnMap":{"0":{"name":"(anonymous_0)","decl":{"start":{"line":44,"column":17},"end":{"line":44,"column":18}},"loc":{"start":{"line":44,"column":42},"end":{"line":53,"column":5}},"line":44},"1":{"name":"(anonymous_1)","decl":{"start":{"line":56,"column":14},"end":{"line":56,"column":15}},"loc":{"start":{"line":56,"column":33},"end":{"line":66,"column":5}},"line":56},"2":{"name":"(anonymous_2)","decl":{"start":{"line":68,"column":17},"end":{"line":68,"column":18}},"loc":{"start":{"line":68,"column":36},"end":{"line":78,"column":5}},"line":68},"3":{"name":"(anonymous_3)","decl":{"start":{"line":80,"column":11},"end":{"line":80,"column":12}},"loc":{"start":{"line":80,"column":30},"end":{"line":90,"column":5}},"line":80},"4":{"name":"(anonymous_4)","decl":{"start":{"line":91,"column":21},"end":{"line":91,"column":22}},"loc":{"start":{"line":91,"column":47},"end":{"line":100,"column":5}},"line":91}},"branchMap":{},"s":{"0":5,"1":5,"2":2,"3":2,"4":2,"5":1,"6":1,"7":1,"8":9,"9":9,"10":9,"11":8,"12":1,"13":1,"14":2,"15":2,"16":2,"17":1,"18":1,"19":1,"20":8,"21":8,"22":8,"23":4,"24":4,"25":4,"26":4,"27":4,"28":4,"29":1,"30":3,"31":3},"f":{"0":2,"1":9,"2":2,"3":8,"4":4},"b":{},"inputSourceMap":null,"_coverageSchema":"1a1c01bbd47fc00a2c39e90264f33305004495a9","hash":"37d1445cf76de72c36ed5f15d7eab68e53e90874"}
}
