{"/Users/darwinyo/Desktop/hacktiv8/p3/trizzy-app/server/app.js": {"path":"/Users/darwinyo/Desktop/hacktiv8/p3/trizzy-app/server/app.js","statementMap":{"0":{"start":{"line":26,"column":12},"end":{"line":26,"column":21}},"1":{"start":{"line":27,"column":19},"end":{"line":27,"column":41}},"2":{"start":{"line":29,"column":0},"end":{"line":29,"column":16}},"3":{"start":{"line":30,"column":0},"end":{"line":30,"column":27}},"4":{"start":{"line":33,"column":0},"end":{"line":88,"column":3}},"5":{"start":{"line":34,"column":2},"end":{"line":87,"column":3}},"6":{"start":{"line":42,"column":8},"end":{"line":42,"column":16}},"7":{"start":{"line":44,"column":22},"end":{"line":44,"column":53}},"8":{"start":{"line":47,"column":27},"end":{"line":50,"column":20}},"9":{"start":{"line":52,"column":4},"end":{"line":52,"column":67}},"10":{"start":{"line":53,"column":4},"end":{"line":53,"column":65}},"11":{"start":{"line":55,"column":4},"end":{"line":57,"column":5}},"12":{"start":{"line":56,"column":6},"end":{"line":56,"column":68}},"13":{"start":{"line":59,"column":4},"end":{"line":59,"column":69}},"14":{"start":{"line":63,"column":4},"end":{"line":81,"column":5}},"15":{"start":{"line":64,"column":6},"end":{"line":70,"column":7}},"16":{"start":{"line":65,"column":8},"end":{"line":65,"column":70}},"17":{"start":{"line":66,"column":8},"end":{"line":66,"column":66}},"18":{"start":{"line":67,"column":8},"end":{"line":69,"column":62}},"19":{"start":{"line":71,"column":11},"end":{"line":81,"column":5}},"20":{"start":{"line":72,"column":6},"end":{"line":72,"column":68}},"21":{"start":{"line":73,"column":6},"end":{"line":73,"column":64}},"22":{"start":{"line":74,"column":6},"end":{"line":74,"column":79}},"23":{"start":{"line":75,"column":11},"end":{"line":81,"column":5}},"24":{"start":{"line":78,"column":6},"end":{"line":78,"column":77}},"25":{"start":{"line":79,"column":6},"end":{"line":79,"column":60}},"26":{"start":{"line":80,"column":6},"end":{"line":80,"column":65}},"27":{"start":{"line":83,"column":4},"end":{"line":83,"column":71}},"28":{"start":{"line":85,"column":4},"end":{"line":85,"column":43}},"29":{"start":{"line":86,"column":4},"end":{"line":86,"column":64}},"30":{"start":{"line":90,"column":15},"end":{"line":104,"column":2}},"31":{"start":{"line":108,"column":2},"end":{"line":108,"column":23}},"32":{"start":{"line":109,"column":2},"end":{"line":138,"column":4}},"33":{"start":{"line":113,"column":22},"end":{"line":133,"column":9}},"34":{"start":{"line":114,"column":30},"end":{"line":114,"column":55}},"35":{"start":{"line":115,"column":10},"end":{"line":120,"column":11}},"36":{"start":{"line":116,"column":12},"end":{"line":119,"column":14}},"37":{"start":{"line":121,"column":32},"end":{"line":121,"column":54}},"38":{"start":{"line":123,"column":29},"end":{"line":123,"column":47}},"39":{"start":{"line":124,"column":10},"end":{"line":126,"column":11}},"40":{"start":{"line":125,"column":12},"end":{"line":125,"column":69}},"41":{"start":{"line":127,"column":23},"end":{"line":127,"column":53}},"42":{"start":{"line":128,"column":10},"end":{"line":130,"column":11}},"43":{"start":{"line":129,"column":12},"end":{"line":129,"column":69}},"44":{"start":{"line":131,"column":40},"end":{"line":131,"column":44}},"45":{"start":{"line":132,"column":10},"end":{"line":132,"column":22}},"46":{"start":{"line":135,"column":8},"end":{"line":135,"column":49}},"47":{"start":{"line":135,"column":39},"end":{"line":135,"column":46}},"48":{"start":{"line":140,"column":2},"end":{"line":150,"column":3}},"49":{"start":{"line":141,"column":17},"end":{"line":141,"column":41}},"50":{"start":{"line":142,"column":4},"end":{"line":149,"column":7}},"51":{"start":{"line":143,"column":6},"end":{"line":145,"column":8}},"52":{"start":{"line":146,"column":6},"end":{"line":148,"column":8}},"53":{"start":{"line":154,"column":0},"end":{"line":156,"column":1}},"54":{"start":{"line":155,"column":2},"end":{"line":155,"column":16}}},"fnMap":{"0":{"name":"(anonymous_0)","decl":{"start":{"line":33,"column":30},"end":{"line":33,"column":31}},"loc":{"start":{"line":33,"column":50},"end":{"line":88,"column":1}},"line":33},"1":{"name":"startServer","decl":{"start":{"line":107,"column":15},"end":{"line":107,"column":26}},"loc":{"start":{"line":107,"column":29},"end":{"line":151,"column":1}},"line":107},"2":{"name":"(anonymous_2)","decl":{"start":{"line":112,"column":15},"end":{"line":112,"column":16}},"loc":{"start":{"line":112,"column":34},"end":{"line":136,"column":7}},"line":112},"3":{"name":"(anonymous_3)","decl":{"start":{"line":113,"column":22},"end":{"line":113,"column":23}},"loc":{"start":{"line":113,"column":34},"end":{"line":133,"column":9}},"line":113},"4":{"name":"(anonymous_4)","decl":{"start":{"line":135,"column":33},"end":{"line":135,"column":34}},"loc":{"start":{"line":135,"column":39},"end":{"line":135,"column":46}},"line":135},"5":{"name":"(anonymous_5)","decl":{"start":{"line":142,"column":28},"end":{"line":142,"column":29}},"loc":{"start":{"line":142,"column":34},"end":{"line":149,"column":5}},"line":142}},"branchMap":{"0":{"loc":{"start":{"line":55,"column":4},"end":{"line":57,"column":5}},"type":"if","locations":[{"start":{"line":55,"column":4},"end":{"line":57,"column":5}},{"start":{},"end":{}}],"line":55},"1":{"loc":{"start":{"line":63,"column":4},"end":{"line":81,"column":5}},"type":"if","locations":[{"start":{"line":63,"column":4},"end":{"line":81,"column":5}},{"start":{"line":71,"column":11},"end":{"line":81,"column":5}}],"line":63},"2":{"loc":{"start":{"line":64,"column":6},"end":{"line":70,"column":7}},"type":"if","locations":[{"start":{"line":64,"column":6},"end":{"line":70,"column":7}},{"start":{},"end":{}}],"line":64},"3":{"loc":{"start":{"line":71,"column":11},"end":{"line":81,"column":5}},"type":"if","locations":[{"start":{"line":71,"column":11},"end":{"line":81,"column":5}},{"start":{"line":75,"column":11},"end":{"line":81,"column":5}}],"line":71},"4":{"loc":{"start":{"line":75,"column":11},"end":{"line":81,"column":5}},"type":"if","locations":[{"start":{"line":75,"column":11},"end":{"line":81,"column":5}},{"start":{},"end":{}}],"line":75},"5":{"loc":{"start":{"line":115,"column":10},"end":{"line":120,"column":11}},"type":"if","locations":[{"start":{"line":115,"column":10},"end":{"line":120,"column":11}},{"start":{},"end":{}}],"line":115},"6":{"loc":{"start":{"line":124,"column":10},"end":{"line":126,"column":11}},"type":"if","locations":[{"start":{"line":124,"column":10},"end":{"line":126,"column":11}},{"start":{},"end":{}}],"line":124},"7":{"loc":{"start":{"line":128,"column":10},"end":{"line":130,"column":11}},"type":"if","locations":[{"start":{"line":128,"column":10},"end":{"line":130,"column":11}},{"start":{},"end":{}}],"line":128},"8":{"loc":{"start":{"line":140,"column":2},"end":{"line":150,"column":3}},"type":"if","locations":[{"start":{"line":140,"column":2},"end":{"line":150,"column":3}},{"start":{},"end":{}}],"line":140},"9":{"loc":{"start":{"line":141,"column":17},"end":{"line":141,"column":41}},"type":"binary-expr","locations":[{"start":{"line":141,"column":17},"end":{"line":141,"column":33}},{"start":{"line":141,"column":37},"end":{"line":141,"column":41}}],"line":141},"10":{"loc":{"start":{"line":154,"column":0},"end":{"line":156,"column":1}},"type":"if","locations":[{"start":{"line":154,"column":0},"end":{"line":156,"column":1}},{"start":{},"end":{}}],"line":154}},"s":{"0":1,"1":1,"2":1,"3":1,"4":1,"5":0,"6":0,"7":0,"8":0,"9":0,"10":0,"11":0,"12":0,"13":0,"14":0,"15":0,"16":0,"17":0,"18":0,"19":0,"20":0,"21":0,"22":0,"23":0,"24":0,"25":0,"26":0,"27":0,"28":0,"29":0,"30":1,"31":1,"32":1,"33":7,"34":4,"35":4,"36":1,"37":3,"38":3,"39":3,"40":0,"41":3,"42":3,"43":0,"44":3,"45":3,"46":7,"47":4,"48":1,"49":0,"50":0,"51":0,"52":0,"53":1,"54":0},"f":{"0":0,"1":1,"2":7,"3":4,"4":4,"5":0},"b":{"0":[0,0],"1":[0,0],"2":[0,0],"3":[0,0],"4":[0,0],"5":[1,3],"6":[0,3],"7":[0,3],"8":[0,1],"9":[0,0],"10":[0,1]},"inputSourceMap":null,"_coverageSchema":"1a1c01bbd47fc00a2c39e90264f33305004495a9","hash":"43966609a9e5666eca350a9cf613d1b7ce667d3e"}
,"/Users/darwinyo/Desktop/hacktiv8/p3/trizzy-app/server/config/mongodb.js": {"path":"/Users/darwinyo/Desktop/hacktiv8/p3/trizzy-app/server/config/mongodb.js","statementMap":{"0":{"start":{"line":4,"column":12},"end":{"line":4,"column":35}},"1":{"start":{"line":6,"column":9},"end":{"line":6,"column":13}},"2":{"start":{"line":7,"column":13},"end":{"line":7,"column":17}},"3":{"start":{"line":10,"column":2},"end":{"line":10,"column":35}},"4":{"start":{"line":11,"column":2},"end":{"line":35,"column":3}},"5":{"start":{"line":12,"column":4},"end":{"line":12,"column":34}},"6":{"start":{"line":13,"column":4},"end":{"line":13,"column":21}},"7":{"start":{"line":14,"column":24},"end":{"line":14,"column":61}},"8":{"start":{"line":15,"column":4},"end":{"line":15,"column":58}},"9":{"start":{"line":16,"column":4},"end":{"line":29,"column":5}},"10":{"start":{"line":18,"column":8},"end":{"line":18,"column":53}},"11":{"start":{"line":19,"column":8},"end":{"line":19,"column":31}},"12":{"start":{"line":20,"column":8},"end":{"line":20,"column":14}},"13":{"start":{"line":22,"column":8},"end":{"line":22,"column":55}},"14":{"start":{"line":23,"column":8},"end":{"line":23,"column":33}},"15":{"start":{"line":24,"column":8},"end":{"line":24,"column":14}},"16":{"start":{"line":26,"column":8},"end":{"line":26,"column":55}},"17":{"start":{"line":27,"column":8},"end":{"line":27,"column":33}},"18":{"start":{"line":28,"column":8},"end":{"line":28,"column":14}},"19":{"start":{"line":31,"column":4},"end":{"line":31,"column":34}},"20":{"start":{"line":32,"column":4},"end":{"line":32,"column":14}},"21":{"start":{"line":34,"column":4},"end":{"line":34,"column":44}},"22":{"start":{"line":38,"column":14},"end":{"line":42,"column":1}},"23":{"start":{"line":39,"column":2},"end":{"line":39,"column":21}},"24":{"start":{"line":39,"column":11},"end":{"line":39,"column":21}},"25":{"start":{"line":41,"column":2},"end":{"line":41,"column":12}}},"fnMap":{"0":{"name":"connect","decl":{"start":{"line":9,"column":15},"end":{"line":9,"column":22}},"loc":{"start":{"line":9,"column":25},"end":{"line":36,"column":1}},"line":9},"1":{"name":"(anonymous_1)","decl":{"start":{"line":38,"column":14},"end":{"line":38,"column":15}},"loc":{"start":{"line":38,"column":20},"end":{"line":42,"column":1}},"line":38}},"branchMap":{"0":{"loc":{"start":{"line":14,"column":24},"end":{"line":14,"column":61}},"type":"binary-expr","locations":[{"start":{"line":14,"column":24},"end":{"line":14,"column":44}},{"start":{"line":14,"column":48},"end":{"line":14,"column":61}}],"line":14},"1":{"loc":{"start":{"line":16,"column":4},"end":{"line":29,"column":5}},"type":"switch","locations":[{"start":{"line":17,"column":6},"end":{"line":20,"column":14}},{"start":{"line":21,"column":6},"end":{"line":24,"column":14}},{"start":{"line":25,"column":6},"end":{"line":28,"column":14}}],"line":16},"2":{"loc":{"start":{"line":39,"column":2},"end":{"line":39,"column":21}},"type":"if","locations":[{"start":{"line":39,"column":2},"end":{"line":39,"column":21}},{"start":{},"end":{}}],"line":39}},"s":{"0":1,"1":1,"2":1,"3":1,"4":1,"5":1,"6":1,"7":1,"8":1,"9":1,"10":1,"11":1,"12":1,"13":0,"14":0,"15":0,"16":0,"17":0,"18":0,"19":1,"20":1,"21":0,"22":1,"23":11,"24":1,"25":11},"f":{"0":1,"1":11},"b":{"0":[1,0],"1":[1,0,0],"2":[1,10]},"inputSourceMap":null,"_coverageSchema":"1a1c01bbd47fc00a2c39e90264f33305004495a9","hash":"97e34aed8465dddfc47319b7a38c5f95d2e2cb1e"}
,"/Users/darwinyo/Desktop/hacktiv8/p3/trizzy-app/server/helpers/bcryptjs.js": {"path":"/Users/darwinyo/Desktop/hacktiv8/p3/trizzy-app/server/helpers/bcryptjs.js","statementMap":{"0":{"start":{"line":3,"column":28},"end":{"line":5,"column":1}},"1":{"start":{"line":4,"column":2},"end":{"line":4,"column":35}},"2":{"start":{"line":7,"column":32},"end":{"line":9,"column":1}},"3":{"start":{"line":8,"column":2},"end":{"line":8,"column":42}}},"fnMap":{"0":{"name":"(anonymous_0)","decl":{"start":{"line":3,"column":28},"end":{"line":3,"column":29}},"loc":{"start":{"line":3,"column":42},"end":{"line":5,"column":1}},"line":3},"1":{"name":"(anonymous_1)","decl":{"start":{"line":7,"column":32},"end":{"line":7,"column":33}},"loc":{"start":{"line":7,"column":50},"end":{"line":9,"column":1}},"line":7}},"branchMap":{},"s":{"0":1,"1":1,"2":1,"3":1},"f":{"0":1,"1":1},"b":{},"inputSourceMap":null,"_coverageSchema":"1a1c01bbd47fc00a2c39e90264f33305004495a9","hash":"41d9157f1019d356fd72c5c8acb418f44b2138ba"}
,"/Users/darwinyo/Desktop/hacktiv8/p3/trizzy-app/server/helpers/errorHandler.js": {"path":"/Users/darwinyo/Desktop/hacktiv8/p3/trizzy-app/server/helpers/errorHandler.js","statementMap":{"0":{"start":{"line":3,"column":28},"end":{"line":58,"column":1}},"1":{"start":{"line":4,"column":2},"end":{"line":11,"column":3}},"2":{"start":{"line":5,"column":4},"end":{"line":10,"column":7}},"3":{"start":{"line":12,"column":2},"end":{"line":19,"column":3}},"4":{"start":{"line":13,"column":4},"end":{"line":18,"column":7}},"5":{"start":{"line":20,"column":28},"end":{"line":20,"column":33}},"6":{"start":{"line":21,"column":2},"end":{"line":57,"column":3}},"7":{"start":{"line":23,"column":6},"end":{"line":28,"column":9}},"8":{"start":{"line":30,"column":6},"end":{"line":35,"column":9}},"9":{"start":{"line":37,"column":6},"end":{"line":42,"column":9}},"10":{"start":{"line":44,"column":6},"end":{"line":49,"column":9}},"11":{"start":{"line":51,"column":6},"end":{"line":56,"column":9}}},"fnMap":{"0":{"name":"(anonymous_0)","decl":{"start":{"line":3,"column":28},"end":{"line":3,"column":29}},"loc":{"start":{"line":3,"column":39},"end":{"line":58,"column":1}},"line":3}},"branchMap":{"0":{"loc":{"start":{"line":4,"column":2},"end":{"line":11,"column":3}},"type":"if","locations":[{"start":{"line":4,"column":2},"end":{"line":11,"column":3}},{"start":{},"end":{}}],"line":4},"1":{"loc":{"start":{"line":12,"column":2},"end":{"line":19,"column":3}},"type":"if","locations":[{"start":{"line":12,"column":2},"end":{"line":19,"column":3}},{"start":{},"end":{}}],"line":12},"2":{"loc":{"start":{"line":12,"column":6},"end":{"line":12,"column":35}},"type":"binary-expr","locations":[{"start":{"line":12,"column":6},"end":{"line":12,"column":20}},{"start":{"line":12,"column":24},"end":{"line":12,"column":35}}],"line":12},"3":{"loc":{"start":{"line":21,"column":2},"end":{"line":57,"column":3}},"type":"switch","locations":[{"start":{"line":22,"column":4},"end":{"line":28,"column":9}},{"start":{"line":29,"column":4},"end":{"line":35,"column":9}},{"start":{"line":36,"column":4},"end":{"line":42,"column":9}},{"start":{"line":43,"column":4},"end":{"line":49,"column":9}},{"start":{"line":50,"column":4},"end":{"line":56,"column":9}}],"line":21}},"s":{"0":1,"1":1,"2":0,"3":1,"4":0,"5":1,"6":1,"7":0,"8":1,"9":0,"10":0,"11":0},"f":{"0":1},"b":{"0":[0,1],"1":[0,1],"2":[1,1],"3":[0,1,0,0,0]},"inputSourceMap":null,"_coverageSchema":"1a1c01bbd47fc00a2c39e90264f33305004495a9","hash":"be58d516a2a2b1e146e4dc52257cfe99c60ef4c3"}
,"/Users/darwinyo/Desktop/hacktiv8/p3/trizzy-app/server/helpers/jwt.js": {"path":"/Users/darwinyo/Desktop/hacktiv8/p3/trizzy-app/server/helpers/jwt.js","statementMap":{"0":{"start":{"line":2,"column":18},"end":{"line":2,"column":40}},"1":{"start":{"line":4,"column":25},"end":{"line":6,"column":1}},"2":{"start":{"line":5,"column":2},"end":{"line":5,"column":35}},"3":{"start":{"line":8,"column":27},"end":{"line":10,"column":1}},"4":{"start":{"line":9,"column":2},"end":{"line":9,"column":38}}},"fnMap":{"0":{"name":"(anonymous_0)","decl":{"start":{"line":4,"column":25},"end":{"line":4,"column":26}},"loc":{"start":{"line":4,"column":35},"end":{"line":6,"column":1}},"line":4},"1":{"name":"(anonymous_1)","decl":{"start":{"line":8,"column":27},"end":{"line":8,"column":28}},"loc":{"start":{"line":8,"column":38},"end":{"line":10,"column":1}},"line":8}},"branchMap":{},"s":{"0":1,"1":1,"2":1,"3":1,"4":3},"f":{"0":1,"1":3},"b":{},"inputSourceMap":null,"_coverageSchema":"1a1c01bbd47fc00a2c39e90264f33305004495a9","hash":"5df7e37a72412b92b586d3b197edd83c2d0969ce"}
,"/Users/darwinyo/Desktop/hacktiv8/p3/trizzy-app/server/helpers/mailer.js": {"path":"/Users/darwinyo/Desktop/hacktiv8/p3/trizzy-app/server/helpers/mailer.js","statementMap":{"0":{"start":{"line":5,"column":0},"end":{"line":5,"column":16}},"1":{"start":{"line":15,"column":22},"end":{"line":24,"column":4}},"2":{"start":{"line":26,"column":17},"end":{"line":26,"column":70}},"3":{"start":{"line":27,"column":19},"end":{"line":27,"column":45}},"4":{"start":{"line":28,"column":23},"end":{"line":34,"column":3}},"5":{"start":{"line":35,"column":21},"end":{"line":35,"column":43}},"6":{"start":{"line":37,"column":22},"end":{"line":42,"column":3}},"7":{"start":{"line":44,"column":2},"end":{"line":50,"column":5}},"8":{"start":{"line":45,"column":4},"end":{"line":49,"column":5}},"9":{"start":{"line":46,"column":6},"end":{"line":46,"column":25}},"10":{"start":{"line":48,"column":6},"end":{"line":48,"column":50}}},"fnMap":{"0":{"name":"sendMail","decl":{"start":{"line":6,"column":16},"end":{"line":6,"column":24}},"loc":{"start":{"line":14,"column":2},"end":{"line":51,"column":1}},"line":14},"1":{"name":"(anonymous_1)","decl":{"start":{"line":44,"column":36},"end":{"line":44,"column":37}},"loc":{"start":{"line":44,"column":53},"end":{"line":50,"column":3}},"line":44}},"branchMap":{"0":{"loc":{"start":{"line":45,"column":4},"end":{"line":49,"column":5}},"type":"if","locations":[{"start":{"line":45,"column":4},"end":{"line":49,"column":5}},{"start":{"line":47,"column":11},"end":{"line":49,"column":5}}],"line":45}},"s":{"0":1,"1":0,"2":0,"3":0,"4":0,"5":0,"6":0,"7":0,"8":0,"9":0,"10":0},"f":{"0":0,"1":0},"b":{"0":[0,0]},"inputSourceMap":null,"_coverageSchema":"1a1c01bbd47fc00a2c39e90264f33305004495a9","hash":"fc6bf7aab2fd973fd190e4a6d903729d5bf461e6"}
,"/Users/darwinyo/Desktop/hacktiv8/p3/trizzy-app/server/helpers/midtrans.js": {"path":"/Users/darwinyo/Desktop/hacktiv8/p3/trizzy-app/server/helpers/midtrans.js","statementMap":{"0":{"start":{"line":4,"column":17},"end":{"line":8,"column":2}},"1":{"start":{"line":14,"column":33},"end":{"line":22,"column":1}},"2":{"start":{"line":15,"column":2},"end":{"line":21,"column":3}},"3":{"start":{"line":16,"column":24},"end":{"line":16,"column":76}},"4":{"start":{"line":17,"column":4},"end":{"line":17,"column":23}},"5":{"start":{"line":19,"column":4},"end":{"line":19,"column":48}},"6":{"start":{"line":20,"column":4},"end":{"line":20,"column":16}},"7":{"start":{"line":28,"column":36},"end":{"line":47,"column":1}},"8":{"start":{"line":29,"column":2},"end":{"line":29,"column":63}},"9":{"start":{"line":30,"column":2},"end":{"line":46,"column":3}},"10":{"start":{"line":41,"column":19},"end":{"line":41,"column":61}},"11":{"start":{"line":42,"column":4},"end":{"line":42,"column":18}},"12":{"start":{"line":44,"column":4},"end":{"line":44,"column":48}},"13":{"start":{"line":45,"column":4},"end":{"line":45,"column":16}}},"fnMap":{"0":{"name":"(anonymous_0)","decl":{"start":{"line":14,"column":33},"end":{"line":14,"column":34}},"loc":{"start":{"line":14,"column":63},"end":{"line":22,"column":1}},"line":14},"1":{"name":"(anonymous_1)","decl":{"start":{"line":28,"column":36},"end":{"line":28,"column":37}},"loc":{"start":{"line":28,"column":55},"end":{"line":47,"column":1}},"line":28}},"branchMap":{},"s":{"0":1,"1":1,"2":3,"3":3,"4":3,"5":0,"6":0,"7":1,"8":0,"9":0,"10":0,"11":0,"12":0,"13":0},"f":{"0":3,"1":0},"b":{},"inputSourceMap":null,"_coverageSchema":"1a1c01bbd47fc00a2c39e90264f33305004495a9","hash":"2be0b9315ae43e1a5b656de886b477f24a2e5ad7"}
,"/Users/darwinyo/Desktop/hacktiv8/p3/trizzy-app/server/helpers/pplxai.js": {"path":"/Users/darwinyo/Desktop/hacktiv8/p3/trizzy-app/server/helpers/pplxai.js","statementMap":{"0":{"start":{"line":3,"column":33},"end":{"line":35,"column":1}},"1":{"start":{"line":4,"column":18},"end":{"line":23,"column":3}},"2":{"start":{"line":25,"column":2},"end":{"line":34,"column":3}},"3":{"start":{"line":26,"column":21},"end":{"line":29,"column":5}},"4":{"start":{"line":30,"column":19},"end":{"line":30,"column":40}},"5":{"start":{"line":31,"column":4},"end":{"line":31,"column":45}},"6":{"start":{"line":33,"column":4},"end":{"line":33,"column":21}},"7":{"start":{"line":37,"column":38},"end":{"line":69,"column":1}},"8":{"start":{"line":38,"column":18},"end":{"line":57,"column":3}},"9":{"start":{"line":59,"column":2},"end":{"line":68,"column":3}},"10":{"start":{"line":60,"column":21},"end":{"line":63,"column":5}},"11":{"start":{"line":64,"column":19},"end":{"line":64,"column":40}},"12":{"start":{"line":65,"column":4},"end":{"line":65,"column":45}},"13":{"start":{"line":67,"column":4},"end":{"line":67,"column":21}},"14":{"start":{"line":71,"column":32},"end":{"line":101,"column":1}},"15":{"start":{"line":72,"column":18},"end":{"line":89,"column":3}},"16":{"start":{"line":91,"column":2},"end":{"line":100,"column":3}},"17":{"start":{"line":92,"column":21},"end":{"line":95,"column":5}},"18":{"start":{"line":96,"column":19},"end":{"line":96,"column":40}},"19":{"start":{"line":97,"column":4},"end":{"line":97,"column":45}},"20":{"start":{"line":99,"column":4},"end":{"line":99,"column":21}},"21":{"start":{"line":103,"column":32},"end":{"line":133,"column":1}},"22":{"start":{"line":104,"column":18},"end":{"line":121,"column":3}},"23":{"start":{"line":123,"column":2},"end":{"line":132,"column":3}},"24":{"start":{"line":124,"column":21},"end":{"line":127,"column":5}},"25":{"start":{"line":128,"column":19},"end":{"line":128,"column":40}},"26":{"start":{"line":129,"column":4},"end":{"line":129,"column":45}},"27":{"start":{"line":131,"column":4},"end":{"line":131,"column":21}}},"fnMap":{"0":{"name":"(anonymous_0)","decl":{"start":{"line":3,"column":33},"end":{"line":3,"column":34}},"loc":{"start":{"line":3,"column":49},"end":{"line":35,"column":1}},"line":3},"1":{"name":"(anonymous_1)","decl":{"start":{"line":37,"column":38},"end":{"line":37,"column":39}},"loc":{"start":{"line":37,"column":54},"end":{"line":69,"column":1}},"line":37},"2":{"name":"(anonymous_2)","decl":{"start":{"line":71,"column":32},"end":{"line":71,"column":33}},"loc":{"start":{"line":71,"column":48},"end":{"line":101,"column":1}},"line":71},"3":{"name":"(anonymous_3)","decl":{"start":{"line":103,"column":32},"end":{"line":103,"column":33}},"loc":{"start":{"line":103,"column":48},"end":{"line":133,"column":1}},"line":103}},"branchMap":{},"s":{"0":1,"1":0,"2":0,"3":0,"4":0,"5":0,"6":0,"7":1,"8":0,"9":0,"10":0,"11":0,"12":0,"13":0,"14":1,"15":0,"16":0,"17":0,"18":0,"19":0,"20":0,"21":1,"22":0,"23":0,"24":0,"25":0,"26":0,"27":0},"f":{"0":0,"1":0,"2":0,"3":0},"b":{},"inputSourceMap":null,"_coverageSchema":"1a1c01bbd47fc00a2c39e90264f33305004495a9","hash":"30763cbcef84aad08f469ac6e446d7472a043cbc"}
,"/Users/darwinyo/Desktop/hacktiv8/p3/trizzy-app/server/helpers/scrapeCoordinate.js": {"path":"/Users/darwinyo/Desktop/hacktiv8/p3/trizzy-app/server/helpers/scrapeCoordinate.js","statementMap":{"0":{"start":{"line":75,"column":32},"end":{"line":95,"column":1}},"1":{"start":{"line":76,"column":18},"end":{"line":80,"column":3}},"2":{"start":{"line":82,"column":2},"end":{"line":94,"column":3}},"3":{"start":{"line":83,"column":21},"end":{"line":85,"column":5}},"4":{"start":{"line":86,"column":4},"end":{"line":93,"column":5}},"5":{"start":{"line":87,"column":26},"end":{"line":90,"column":7}},"6":{"start":{"line":91,"column":6},"end":{"line":91,"column":46}},"7":{"start":{"line":92,"column":6},"end":{"line":92,"column":25}}},"fnMap":{"0":{"name":"(anonymous_0)","decl":{"start":{"line":75,"column":32},"end":{"line":75,"column":33}},"loc":{"start":{"line":75,"column":67},"end":{"line":95,"column":1}},"line":75}},"branchMap":{"0":{"loc":{"start":{"line":86,"column":4},"end":{"line":93,"column":5}},"type":"if","locations":[{"start":{"line":86,"column":4},"end":{"line":93,"column":5}},{"start":{},"end":{}}],"line":86}},"s":{"0":1,"1":0,"2":0,"3":0,"4":0,"5":0,"6":0,"7":0},"f":{"0":0},"b":{"0":[0,0]},"inputSourceMap":null,"_coverageSchema":"1a1c01bbd47fc00a2c39e90264f33305004495a9","hash":"b78367fb38f3eb1b622d29a789352a0cf2d52084"}
,"/Users/darwinyo/Desktop/hacktiv8/p3/trizzy-app/server/helpers/scrapeImage.js": {"path":"/Users/darwinyo/Desktop/hacktiv8/p3/trizzy-app/server/helpers/scrapeImage.js","statementMap":{"0":{"start":{"line":9,"column":2},"end":{"line":9,"column":40}},"1":{"start":{"line":10,"column":28},"end":{"line":37,"column":4}},"2":{"start":{"line":12,"column":36},"end":{"line":31,"column":7}},"3":{"start":{"line":14,"column":38},"end":{"line":25,"column":11}},"4":{"start":{"line":16,"column":28},"end":{"line":19,"column":16}},"5":{"start":{"line":20,"column":14},"end":{"line":23,"column":16}},"6":{"start":{"line":26,"column":10},"end":{"line":29,"column":12}},"7":{"start":{"line":32,"column":6},"end":{"line":35,"column":8}},"8":{"start":{"line":38,"column":2},"end":{"line":38,"column":30}},"9":{"start":{"line":41,"column":2},"end":{"line":41,"column":40}},"10":{"start":{"line":42,"column":29},"end":{"line":53,"column":3}},"11":{"start":{"line":44,"column":24},"end":{"line":47,"column":8}},"12":{"start":{"line":48,"column":6},"end":{"line":51,"column":8}},"13":{"start":{"line":54,"column":2},"end":{"line":54,"column":28}}},"fnMap":{"0":{"name":"getImages","decl":{"start":{"line":8,"column":22},"end":{"line":8,"column":31}},"loc":{"start":{"line":8,"column":48},"end":{"line":39,"column":1}},"line":8},"1":{"name":"(anonymous_1)","decl":{"start":{"line":11,"column":5},"end":{"line":11,"column":6}},"loc":{"start":{"line":11,"column":17},"end":{"line":36,"column":5}},"line":11},"2":{"name":"(anonymous_2)","decl":{"start":{"line":13,"column":39},"end":{"line":13,"column":40}},"loc":{"start":{"line":13,"column":60},"end":{"line":30,"column":9}},"line":13},"3":{"name":"(anonymous_3)","decl":{"start":{"line":15,"column":36},"end":{"line":15,"column":37}},"loc":{"start":{"line":15,"column":56},"end":{"line":24,"column":13}},"line":15},"4":{"name":"getCityImages","decl":{"start":{"line":40,"column":22},"end":{"line":40,"column":35}},"loc":{"start":{"line":40,"column":53},"end":{"line":55,"column":1}},"line":40},"5":{"name":"(anonymous_5)","decl":{"start":{"line":43,"column":24},"end":{"line":43,"column":25}},"loc":{"start":{"line":43,"column":50},"end":{"line":52,"column":5}},"line":43}},"branchMap":{},"s":{"0":0,"1":0,"2":0,"3":0,"4":0,"5":0,"6":0,"7":0,"8":0,"9":0,"10":0,"11":0,"12":0,"13":0},"f":{"0":0,"1":0,"2":0,"3":0,"4":0,"5":0},"b":{},"inputSourceMap":null,"_coverageSchema":"1a1c01bbd47fc00a2c39e90264f33305004495a9","hash":"42876b6d5ee59a2487d1d81f96a6e384af4b121d"}
,"/Users/darwinyo/Desktop/hacktiv8/p3/trizzy-app/server/models/Chat.js": {"path":"/Users/darwinyo/Desktop/hacktiv8/p3/trizzy-app/server/models/Chat.js","statementMap":{"0":{"start":{"line":9,"column":15},"end":{"line":9,"column":22}},"1":{"start":{"line":10,"column":23},"end":{"line":10,"column":45}},"2":{"start":{"line":11,"column":4},"end":{"line":11,"column":22}},"3":{"start":{"line":15,"column":23},"end":{"line":15,"column":43}},"4":{"start":{"line":16,"column":4},"end":{"line":21,"column":5}},"5":{"start":{"line":17,"column":6},"end":{"line":20,"column":8}},"6":{"start":{"line":22,"column":4},"end":{"line":27,"column":5}},"7":{"start":{"line":23,"column":6},"end":{"line":26,"column":8}},"8":{"start":{"line":28,"column":21},"end":{"line":31,"column":6}},"9":{"start":{"line":32,"column":4},"end":{"line":37,"column":5}},"10":{"start":{"line":33,"column":6},"end":{"line":36,"column":8}},"11":{"start":{"line":38,"column":4},"end":{"line":38,"column":20}},"12":{"start":{"line":42,"column":36},"end":{"line":42,"column":43}},"13":{"start":{"line":43,"column":23},"end":{"line":43,"column":43}},"14":{"start":{"line":44,"column":4},"end":{"line":49,"column":5}},"15":{"start":{"line":45,"column":6},"end":{"line":48,"column":8}},"16":{"start":{"line":52,"column":25},"end":{"line":52,"column":64}},"17":{"start":{"line":53,"column":4},"end":{"line":66,"column":5}},"18":{"start":{"line":56,"column":19},"end":{"line":56,"column":49}},"19":{"start":{"line":57,"column":6},"end":{"line":65,"column":7}},"20":{"start":{"line":58,"column":8},"end":{"line":58,"column":43}},"21":{"start":{"line":60,"column":8},"end":{"line":64,"column":10}},"22":{"start":{"line":67,"column":4},"end":{"line":72,"column":5}},"23":{"start":{"line":68,"column":6},"end":{"line":71,"column":8}},"24":{"start":{"line":73,"column":17},"end":{"line":73,"column":45}},"25":{"start":{"line":74,"column":17},"end":{"line":74,"column":52}},"26":{"start":{"line":76,"column":17},"end":{"line":89,"column":5}},"27":{"start":{"line":91,"column":4},"end":{"line":91,"column":37}},"28":{"start":{"line":92,"column":4},"end":{"line":92,"column":16}},"29":{"start":{"line":96,"column":31},"end":{"line":96,"column":38}},"30":{"start":{"line":97,"column":23},"end":{"line":97,"column":43}},"31":{"start":{"line":98,"column":4},"end":{"line":103,"column":5}},"32":{"start":{"line":99,"column":6},"end":{"line":102,"column":8}},"33":{"start":{"line":104,"column":4},"end":{"line":109,"column":5}},"34":{"start":{"line":105,"column":6},"end":{"line":108,"column":8}},"35":{"start":{"line":110,"column":17},"end":{"line":110,"column":72}},"36":{"start":{"line":111,"column":4},"end":{"line":116,"column":5}},"37":{"start":{"line":112,"column":6},"end":{"line":115,"column":8}},"38":{"start":{"line":117,"column":4},"end":{"line":122,"column":5}},"39":{"start":{"line":118,"column":6},"end":{"line":121,"column":8}},"40":{"start":{"line":124,"column":24},"end":{"line":124,"column":71}},"41":{"start":{"line":124,"column":55},"end":{"line":124,"column":70}},"42":{"start":{"line":125,"column":30},"end":{"line":125,"column":52}},"43":{"start":{"line":126,"column":23},"end":{"line":126,"column":64}},"44":{"start":{"line":128,"column":24},"end":{"line":128,"column":64}},"45":{"start":{"line":129,"column":24},"end":{"line":132,"column":5}},"46":{"start":{"line":133,"column":4},"end":{"line":136,"column":6}},"47":{"start":{"line":137,"column":4},"end":{"line":137,"column":23}},"48":{"start":{"line":141,"column":44},"end":{"line":141,"column":51}},"49":{"start":{"line":142,"column":23},"end":{"line":142,"column":43}},"50":{"start":{"line":143,"column":4},"end":{"line":148,"column":5}},"51":{"start":{"line":144,"column":6},"end":{"line":147,"column":8}},"52":{"start":{"line":149,"column":4},"end":{"line":154,"column":5}},"53":{"start":{"line":150,"column":6},"end":{"line":153,"column":8}},"54":{"start":{"line":155,"column":4},"end":{"line":160,"column":5}},"55":{"start":{"line":156,"column":6},"end":{"line":159,"column":8}},"56":{"start":{"line":161,"column":17},"end":{"line":161,"column":72}},"57":{"start":{"line":162,"column":4},"end":{"line":167,"column":5}},"58":{"start":{"line":163,"column":6},"end":{"line":166,"column":8}},"59":{"start":{"line":168,"column":4},"end":{"line":173,"column":5}},"60":{"start":{"line":169,"column":6},"end":{"line":172,"column":8}},"61":{"start":{"line":175,"column":24},"end":{"line":175,"column":66}},"62":{"start":{"line":176,"column":24},"end":{"line":179,"column":5}},"63":{"start":{"line":180,"column":4},"end":{"line":183,"column":6}},"64":{"start":{"line":184,"column":4},"end":{"line":184,"column":23}}},"fnMap":{"0":{"name":"(anonymous_0)","decl":{"start":{"line":8,"column":2},"end":{"line":8,"column":3}},"loc":{"start":{"line":8,"column":25},"end":{"line":12,"column":3}},"line":8},"1":{"name":"(anonymous_1)","decl":{"start":{"line":14,"column":2},"end":{"line":14,"column":3}},"loc":{"start":{"line":14,"column":40},"end":{"line":39,"column":3}},"line":14},"2":{"name":"(anonymous_2)","decl":{"start":{"line":41,"column":2},"end":{"line":41,"column":3}},"loc":{"start":{"line":41,"column":35},"end":{"line":93,"column":3}},"line":41},"3":{"name":"(anonymous_3)","decl":{"start":{"line":95,"column":2},"end":{"line":95,"column":3}},"loc":{"start":{"line":95,"column":40},"end":{"line":138,"column":3}},"line":95},"4":{"name":"(anonymous_4)","decl":{"start":{"line":124,"column":42},"end":{"line":124,"column":43}},"loc":{"start":{"line":124,"column":55},"end":{"line":124,"column":70}},"line":124},"5":{"name":"(anonymous_5)","decl":{"start":{"line":140,"column":2},"end":{"line":140,"column":3}},"loc":{"start":{"line":140,"column":42},"end":{"line":185,"column":3}},"line":140}},"branchMap":{"0":{"loc":{"start":{"line":16,"column":4},"end":{"line":21,"column":5}},"type":"if","locations":[{"start":{"line":16,"column":4},"end":{"line":21,"column":5}},{"start":{},"end":{}}],"line":16},"1":{"loc":{"start":{"line":22,"column":4},"end":{"line":27,"column":5}},"type":"if","locations":[{"start":{"line":22,"column":4},"end":{"line":27,"column":5}},{"start":{},"end":{}}],"line":22},"2":{"loc":{"start":{"line":32,"column":4},"end":{"line":37,"column":5}},"type":"if","locations":[{"start":{"line":32,"column":4},"end":{"line":37,"column":5}},{"start":{},"end":{}}],"line":32},"3":{"loc":{"start":{"line":44,"column":4},"end":{"line":49,"column":5}},"type":"if","locations":[{"start":{"line":44,"column":4},"end":{"line":49,"column":5}},{"start":{},"end":{}}],"line":44},"4":{"loc":{"start":{"line":53,"column":4},"end":{"line":66,"column":5}},"type":"if","locations":[{"start":{"line":53,"column":4},"end":{"line":66,"column":5}},{"start":{},"end":{}}],"line":53},"5":{"loc":{"start":{"line":57,"column":6},"end":{"line":65,"column":7}},"type":"if","locations":[{"start":{"line":57,"column":6},"end":{"line":65,"column":7}},{"start":{"line":59,"column":13},"end":{"line":65,"column":7}}],"line":57},"6":{"loc":{"start":{"line":67,"column":4},"end":{"line":72,"column":5}},"type":"if","locations":[{"start":{"line":67,"column":4},"end":{"line":72,"column":5}},{"start":{},"end":{}}],"line":67},"7":{"loc":{"start":{"line":98,"column":4},"end":{"line":103,"column":5}},"type":"if","locations":[{"start":{"line":98,"column":4},"end":{"line":103,"column":5}},{"start":{},"end":{}}],"line":98},"8":{"loc":{"start":{"line":104,"column":4},"end":{"line":109,"column":5}},"type":"if","locations":[{"start":{"line":104,"column":4},"end":{"line":109,"column":5}},{"start":{},"end":{}}],"line":104},"9":{"loc":{"start":{"line":111,"column":4},"end":{"line":116,"column":5}},"type":"if","locations":[{"start":{"line":111,"column":4},"end":{"line":116,"column":5}},{"start":{},"end":{}}],"line":111},"10":{"loc":{"start":{"line":117,"column":4},"end":{"line":122,"column":5}},"type":"if","locations":[{"start":{"line":117,"column":4},"end":{"line":122,"column":5}},{"start":{},"end":{}}],"line":117},"11":{"loc":{"start":{"line":143,"column":4},"end":{"line":148,"column":5}},"type":"if","locations":[{"start":{"line":143,"column":4},"end":{"line":148,"column":5}},{"start":{},"end":{}}],"line":143},"12":{"loc":{"start":{"line":149,"column":4},"end":{"line":154,"column":5}},"type":"if","locations":[{"start":{"line":149,"column":4},"end":{"line":154,"column":5}},{"start":{},"end":{}}],"line":149},"13":{"loc":{"start":{"line":155,"column":4},"end":{"line":160,"column":5}},"type":"if","locations":[{"start":{"line":155,"column":4},"end":{"line":160,"column":5}},{"start":{},"end":{}}],"line":155},"14":{"loc":{"start":{"line":162,"column":4},"end":{"line":167,"column":5}},"type":"if","locations":[{"start":{"line":162,"column":4},"end":{"line":167,"column":5}},{"start":{},"end":{}}],"line":162},"15":{"loc":{"start":{"line":168,"column":4},"end":{"line":173,"column":5}},"type":"if","locations":[{"start":{"line":168,"column":4},"end":{"line":173,"column":5}},{"start":{},"end":{}}],"line":168}},"s":{"0":0,"1":0,"2":0,"3":0,"4":0,"5":0,"6":0,"7":0,"8":0,"9":0,"10":0,"11":0,"12":0,"13":0,"14":0,"15":0,"16":0,"17":0,"18":0,"19":0,"20":0,"21":0,"22":0,"23":0,"24":0,"25":0,"26":0,"27":0,"28":0,"29":0,"30":0,"31":0,"32":0,"33":0,"34":0,"35":0,"36":0,"37":0,"38":0,"39":0,"40":0,"41":0,"42":0,"43":0,"44":0,"45":0,"46":0,"47":0,"48":0,"49":0,"50":0,"51":0,"52":0,"53":0,"54":0,"55":0,"56":0,"57":0,"58":0,"59":0,"60":0,"61":0,"62":0,"63":0,"64":0},"f":{"0":0,"1":0,"2":0,"3":0,"4":0,"5":0},"b":{"0":[0,0],"1":[0,0],"2":[0,0],"3":[0,0],"4":[0,0],"5":[0,0],"6":[0,0],"7":[0,0],"8":[0,0],"9":[0,0],"10":[0,0],"11":[0,0],"12":[0,0],"13":[0,0],"14":[0,0],"15":[0,0]},"inputSourceMap":null,"_coverageSchema":"1a1c01bbd47fc00a2c39e90264f33305004495a9","hash":"19518a67d8f70f67f8721209b0f0b707deb0b822"}
,"/Users/darwinyo/Desktop/hacktiv8/p3/trizzy-app/server/models/Recommendation.js": {"path":"/Users/darwinyo/Desktop/hacktiv8/p3/trizzy-app/server/models/Recommendation.js","statementMap":{"0":{"start":{"line":17,"column":15},"end":{"line":17,"column":22}},"1":{"start":{"line":18,"column":23},"end":{"line":18,"column":62}},"2":{"start":{"line":19,"column":4},"end":{"line":19,"column":22}},"3":{"start":{"line":23,"column":23},"end":{"line":23,"column":50}},"4":{"start":{"line":24,"column":21},"end":{"line":24,"column":56}},"5":{"start":{"line":25,"column":4},"end":{"line":25,"column":20}},"6":{"start":{"line":29,"column":23},"end":{"line":29,"column":50}},"7":{"start":{"line":30,"column":21},"end":{"line":30,"column":72}},"8":{"start":{"line":31,"column":4},"end":{"line":31,"column":20}},"9":{"start":{"line":35,"column":15},"end":{"line":35,"column":22}},"10":{"start":{"line":36,"column":23},"end":{"line":36,"column":55}},"11":{"start":{"line":37,"column":4},"end":{"line":37,"column":22}},"12":{"start":{"line":41,"column":48},"end":{"line":41,"column":55}},"13":{"start":{"line":43,"column":6},"end":{"line":43,"column":73}},"14":{"start":{"line":44,"column":23},"end":{"line":44,"column":43}},"15":{"start":{"line":45,"column":4},"end":{"line":50,"column":5}},"16":{"start":{"line":46,"column":6},"end":{"line":49,"column":8}},"17":{"start":{"line":51,"column":4},"end":{"line":56,"column":5}},"18":{"start":{"line":52,"column":6},"end":{"line":55,"column":8}},"19":{"start":{"line":57,"column":4},"end":{"line":62,"column":5}},"20":{"start":{"line":58,"column":6},"end":{"line":61,"column":8}},"21":{"start":{"line":63,"column":27},"end":{"line":66,"column":6}},"22":{"start":{"line":67,"column":4},"end":{"line":72,"column":5}},"23":{"start":{"line":68,"column":6},"end":{"line":71,"column":8}},"24":{"start":{"line":73,"column":4},"end":{"line":73,"column":46}},"25":{"start":{"line":74,"column":30},"end":{"line":83,"column":5}},"26":{"start":{"line":84,"column":21},"end":{"line":84,"column":66}},"27":{"start":{"line":86,"column":4},"end":{"line":86,"column":26}},"28":{"start":{"line":87,"column":29},"end":{"line":87,"column":48}},"29":{"start":{"line":88,"column":4},"end":{"line":88,"column":33}},"30":{"start":{"line":92,"column":23},"end":{"line":92,"column":43}},"31":{"start":{"line":93,"column":31},"end":{"line":93,"column":38}},"32":{"start":{"line":94,"column":17},"end":{"line":94,"column":55}},"33":{"start":{"line":95,"column":4},"end":{"line":100,"column":5}},"34":{"start":{"line":96,"column":6},"end":{"line":99,"column":8}},"35":{"start":{"line":101,"column":35},"end":{"line":101,"column":72}},"36":{"start":{"line":102,"column":4},"end":{"line":105,"column":5}},"37":{"start":{"line":103,"column":6},"end":{"line":103,"column":51}},"38":{"start":{"line":104,"column":6},"end":{"line":104,"column":36}},"39":{"start":{"line":106,"column":21},"end":{"line":109,"column":17}},"40":{"start":{"line":107,"column":27},"end":{"line":107,"column":52}},"41":{"start":{"line":108,"column":24},"end":{"line":108,"column":39}},"42":{"start":{"line":113,"column":18},"end":{"line":113,"column":19}},"43":{"start":{"line":114,"column":23},"end":{"line":114,"column":24}},"44":{"start":{"line":116,"column":4},"end":{"line":128,"column":5}},"45":{"start":{"line":117,"column":6},"end":{"line":127,"column":7}},"46":{"start":{"line":118,"column":8},"end":{"line":118,"column":53}},"47":{"start":{"line":119,"column":8},"end":{"line":119,"column":14}},"48":{"start":{"line":121,"column":8},"end":{"line":121,"column":61}},"49":{"start":{"line":122,"column":8},"end":{"line":122,"column":18}},"50":{"start":{"line":123,"column":8},"end":{"line":125,"column":9}},"51":{"start":{"line":124,"column":10},"end":{"line":124,"column":74}},"52":{"start":{"line":126,"column":8},"end":{"line":126,"column":76}},"53":{"start":{"line":126,"column":39},"end":{"line":126,"column":74}},"54":{"start":{"line":130,"column":28},"end":{"line":130,"column":67}},"55":{"start":{"line":131,"column":19},"end":{"line":131,"column":46}},"56":{"start":{"line":133,"column":29},"end":{"line":133,"column":56}},"57":{"start":{"line":135,"column":31},"end":{"line":144,"column":6}},"58":{"start":{"line":136,"column":6},"end":{"line":143,"column":8}},"59":{"start":{"line":145,"column":4},"end":{"line":145,"column":52}},"60":{"start":{"line":146,"column":4},"end":{"line":146,"column":30}},"61":{"start":{"line":150,"column":23},"end":{"line":150,"column":43}},"62":{"start":{"line":151,"column":21},"end":{"line":153,"column":16}},"63":{"start":{"line":154,"column":4},"end":{"line":154,"column":20}},"64":{"start":{"line":158,"column":23},"end":{"line":158,"column":43}},"65":{"start":{"line":159,"column":41},"end":{"line":159,"column":48}},"66":{"start":{"line":160,"column":4},"end":{"line":165,"column":5}},"67":{"start":{"line":161,"column":6},"end":{"line":164,"column":8}},"68":{"start":{"line":166,"column":27},"end":{"line":168,"column":6}},"69":{"start":{"line":169,"column":4},"end":{"line":172,"column":5}},"70":{"start":{"line":170,"column":6},"end":{"line":170,"column":58}},"71":{"start":{"line":171,"column":6},"end":{"line":171,"column":28}},"72":{"start":{"line":173,"column":19},"end":{"line":173,"column":40}},"73":{"start":{"line":174,"column":17},"end":{"line":174,"column":55}},"74":{"start":{"line":175,"column":4},"end":{"line":180,"column":5}},"75":{"start":{"line":176,"column":6},"end":{"line":179,"column":8}},"76":{"start":{"line":181,"column":21},"end":{"line":184,"column":17}},"77":{"start":{"line":182,"column":27},"end":{"line":182,"column":52}},"78":{"start":{"line":183,"column":24},"end":{"line":183,"column":39}},"79":{"start":{"line":185,"column":4},"end":{"line":185,"column":26}},"80":{"start":{"line":186,"column":17},"end":{"line":186,"column":36}},"81":{"start":{"line":187,"column":20},"end":{"line":187,"column":42}},"82":{"start":{"line":192,"column":18},"end":{"line":192,"column":19}},"83":{"start":{"line":193,"column":23},"end":{"line":193,"column":24}},"84":{"start":{"line":195,"column":4},"end":{"line":209,"column":5}},"85":{"start":{"line":196,"column":6},"end":{"line":208,"column":7}},"86":{"start":{"line":197,"column":8},"end":{"line":199,"column":10}},"87":{"start":{"line":200,"column":8},"end":{"line":200,"column":14}},"88":{"start":{"line":202,"column":8},"end":{"line":202,"column":61}},"89":{"start":{"line":203,"column":8},"end":{"line":203,"column":18}},"90":{"start":{"line":204,"column":8},"end":{"line":206,"column":9}},"91":{"start":{"line":205,"column":10},"end":{"line":205,"column":74}},"92":{"start":{"line":207,"column":8},"end":{"line":207,"column":76}},"93":{"start":{"line":207,"column":39},"end":{"line":207,"column":74}},"94":{"start":{"line":210,"column":28},"end":{"line":210,"column":67}},"95":{"start":{"line":211,"column":4},"end":{"line":211,"column":33}},"96":{"start":{"line":212,"column":32},"end":{"line":212,"column":59}},"97":{"start":{"line":213,"column":42},"end":{"line":213,"column":78}},"98":{"start":{"line":214,"column":34},"end":{"line":214,"column":75}},"99":{"start":{"line":215,"column":4},"end":{"line":215,"column":39}},"100":{"start":{"line":216,"column":22},"end":{"line":216,"column":50}},"101":{"start":{"line":219,"column":37},"end":{"line":229,"column":5}},"102":{"start":{"line":220,"column":54},"end":{"line":228,"column":7}},"103":{"start":{"line":223,"column":55},"end":{"line":226,"column":11}},"104":{"start":{"line":232,"column":4},"end":{"line":235,"column":6}},"105":{"start":{"line":237,"column":30},"end":{"line":239,"column":6}},"106":{"start":{"line":241,"column":4},"end":{"line":241,"column":29}},"107":{"start":{"line":245,"column":23},"end":{"line":245,"column":43}},"108":{"start":{"line":246,"column":21},"end":{"line":246,"column":72}},"109":{"start":{"line":247,"column":4},"end":{"line":247,"column":20}},"110":{"start":{"line":251,"column":41},"end":{"line":251,"column":48}},"111":{"start":{"line":252,"column":23},"end":{"line":252,"column":43}},"112":{"start":{"line":253,"column":4},"end":{"line":258,"column":5}},"113":{"start":{"line":254,"column":6},"end":{"line":257,"column":8}},"114":{"start":{"line":259,"column":4},"end":{"line":264,"column":5}},"115":{"start":{"line":260,"column":6},"end":{"line":263,"column":8}},"116":{"start":{"line":266,"column":27},"end":{"line":269,"column":6}},"117":{"start":{"line":270,"column":4},"end":{"line":275,"column":5}},"118":{"start":{"line":271,"column":6},"end":{"line":274,"column":8}},"119":{"start":{"line":277,"column":4},"end":{"line":280,"column":6}},"120":{"start":{"line":281,"column":4},"end":{"line":281,"column":45}},"121":{"start":{"line":285,"column":57},"end":{"line":285,"column":64}},"122":{"start":{"line":286,"column":23},"end":{"line":286,"column":43}},"123":{"start":{"line":287,"column":4},"end":{"line":292,"column":5}},"124":{"start":{"line":288,"column":6},"end":{"line":291,"column":8}},"125":{"start":{"line":293,"column":4},"end":{"line":298,"column":5}},"126":{"start":{"line":294,"column":6},"end":{"line":297,"column":8}},"127":{"start":{"line":299,"column":4},"end":{"line":304,"column":5}},"128":{"start":{"line":300,"column":6},"end":{"line":303,"column":8}},"129":{"start":{"line":305,"column":22},"end":{"line":308,"column":6}},"130":{"start":{"line":309,"column":4},"end":{"line":314,"column":5}},"131":{"start":{"line":310,"column":6},"end":{"line":313,"column":8}},"132":{"start":{"line":317,"column":4},"end":{"line":321,"column":5}},"133":{"start":{"line":318,"column":6},"end":{"line":318,"column":53}},"134":{"start":{"line":320,"column":6},"end":{"line":320,"column":72}},"135":{"start":{"line":323,"column":4},"end":{"line":323,"column":35}},"136":{"start":{"line":325,"column":4},"end":{"line":328,"column":6}},"137":{"start":{"line":329,"column":4},"end":{"line":329,"column":43}},"138":{"start":{"line":333,"column":23},"end":{"line":333,"column":43}},"139":{"start":{"line":334,"column":21},"end":{"line":336,"column":16}},"140":{"start":{"line":337,"column":4},"end":{"line":337,"column":20}},"141":{"start":{"line":341,"column":23},"end":{"line":341,"column":43}},"142":{"start":{"line":342,"column":21},"end":{"line":344,"column":6}},"143":{"start":{"line":345,"column":4},"end":{"line":350,"column":5}},"144":{"start":{"line":346,"column":6},"end":{"line":349,"column":8}},"145":{"start":{"line":351,"column":4},"end":{"line":353,"column":5}},"146":{"start":{"line":352,"column":6},"end":{"line":352,"column":33}},"147":{"start":{"line":354,"column":23},"end":{"line":354,"column":30}},"148":{"start":{"line":355,"column":4},"end":{"line":358,"column":6}},"149":{"start":{"line":359,"column":4},"end":{"line":359,"column":22}},"150":{"start":{"line":363,"column":45},"end":{"line":363,"column":52}},"151":{"start":{"line":364,"column":23},"end":{"line":364,"column":43}},"152":{"start":{"line":365,"column":21},"end":{"line":367,"column":6}},"153":{"start":{"line":368,"column":4},"end":{"line":373,"column":5}},"154":{"start":{"line":369,"column":6},"end":{"line":372,"column":8}},"155":{"start":{"line":374,"column":4},"end":{"line":379,"column":5}},"156":{"start":{"line":375,"column":6},"end":{"line":378,"column":8}},"157":{"start":{"line":380,"column":4},"end":{"line":382,"column":5}},"158":{"start":{"line":381,"column":6},"end":{"line":381,"column":19}},"159":{"start":{"line":383,"column":4},"end":{"line":383,"column":16}},"160":{"start":{"line":387,"column":48},"end":{"line":387,"column":55}},"161":{"start":{"line":388,"column":23},"end":{"line":388,"column":43}},"162":{"start":{"line":389,"column":4},"end":{"line":394,"column":5}},"163":{"start":{"line":390,"column":6},"end":{"line":393,"column":8}},"164":{"start":{"line":395,"column":4},"end":{"line":400,"column":5}},"165":{"start":{"line":396,"column":6},"end":{"line":399,"column":8}},"166":{"start":{"line":401,"column":27},"end":{"line":403,"column":6}},"167":{"start":{"line":404,"column":4},"end":{"line":404,"column":57}},"168":{"start":{"line":405,"column":4},"end":{"line":405,"column":34}},"169":{"start":{"line":406,"column":4},"end":{"line":411,"column":5}},"170":{"start":{"line":407,"column":6},"end":{"line":410,"column":8}},"171":{"start":{"line":413,"column":4},"end":{"line":417,"column":5}},"172":{"start":{"line":414,"column":6},"end":{"line":414,"column":67}},"173":{"start":{"line":416,"column":6},"end":{"line":416,"column":45}},"174":{"start":{"line":419,"column":17},"end":{"line":419,"column":47}},"175":{"start":{"line":420,"column":22},"end":{"line":420,"column":46}},"176":{"start":{"line":421,"column":17},"end":{"line":421,"column":36}},"177":{"start":{"line":422,"column":20},"end":{"line":422,"column":42}},"178":{"start":{"line":423,"column":21},"end":{"line":423,"column":34}},"179":{"start":{"line":424,"column":20},"end":{"line":424,"column":70}},"180":{"start":{"line":425,"column":17},"end":{"line":425,"column":110}},"181":{"start":{"line":426,"column":4},"end":{"line":435,"column":5}},"182":{"start":{"line":427,"column":6},"end":{"line":427,"column":73}},"183":{"start":{"line":428,"column":6},"end":{"line":428,"column":39}},"184":{"start":{"line":430,"column":6},"end":{"line":430,"column":25}},"185":{"start":{"line":431,"column":6},"end":{"line":434,"column":8}}},"fnMap":{"0":{"name":"(anonymous_0)","decl":{"start":{"line":16,"column":2},"end":{"line":16,"column":3}},"loc":{"start":{"line":16,"column":32},"end":{"line":20,"column":3}},"line":16},"1":{"name":"(anonymous_1)","decl":{"start":{"line":22,"column":2},"end":{"line":22,"column":3}},"loc":{"start":{"line":22,"column":43},"end":{"line":26,"column":3}},"line":22},"2":{"name":"(anonymous_2)","decl":{"start":{"line":28,"column":2},"end":{"line":28,"column":3}},"loc":{"start":{"line":28,"column":51},"end":{"line":32,"column":3}},"line":28},"3":{"name":"(anonymous_3)","decl":{"start":{"line":34,"column":2},"end":{"line":34,"column":3}},"loc":{"start":{"line":34,"column":25},"end":{"line":38,"column":3}},"line":34},"4":{"name":"(anonymous_4)","decl":{"start":{"line":40,"column":2},"end":{"line":40,"column":3}},"loc":{"start":{"line":40,"column":57},"end":{"line":89,"column":3}},"line":40},"5":{"name":"(anonymous_5)","decl":{"start":{"line":91,"column":2},"end":{"line":91,"column":3}},"loc":{"start":{"line":91,"column":48},"end":{"line":147,"column":3}},"line":91},"6":{"name":"(anonymous_6)","decl":{"start":{"line":107,"column":14},"end":{"line":107,"column":15}},"loc":{"start":{"line":107,"column":27},"end":{"line":107,"column":52}},"line":107},"7":{"name":"(anonymous_7)","decl":{"start":{"line":108,"column":11},"end":{"line":108,"column":12}},"loc":{"start":{"line":108,"column":24},"end":{"line":108,"column":39}},"line":108},"8":{"name":"(anonymous_8)","decl":{"start":{"line":126,"column":26},"end":{"line":126,"column":27}},"loc":{"start":{"line":126,"column":39},"end":{"line":126,"column":74}},"line":126},"9":{"name":"(anonymous_9)","decl":{"start":{"line":135,"column":52},"end":{"line":135,"column":53}},"loc":{"start":{"line":135,"column":62},"end":{"line":144,"column":5}},"line":135},"10":{"name":"(anonymous_10)","decl":{"start":{"line":149,"column":2},"end":{"line":149,"column":3}},"loc":{"start":{"line":149,"column":42},"end":{"line":155,"column":3}},"line":149},"11":{"name":"(anonymous_11)","decl":{"start":{"line":157,"column":2},"end":{"line":157,"column":3}},"loc":{"start":{"line":157,"column":54},"end":{"line":242,"column":3}},"line":157},"12":{"name":"(anonymous_12)","decl":{"start":{"line":182,"column":14},"end":{"line":182,"column":15}},"loc":{"start":{"line":182,"column":27},"end":{"line":182,"column":52}},"line":182},"13":{"name":"(anonymous_13)","decl":{"start":{"line":183,"column":11},"end":{"line":183,"column":12}},"loc":{"start":{"line":183,"column":24},"end":{"line":183,"column":39}},"line":183},"14":{"name":"(anonymous_14)","decl":{"start":{"line":207,"column":26},"end":{"line":207,"column":27}},"loc":{"start":{"line":207,"column":39},"end":{"line":207,"column":74}},"line":207},"15":{"name":"(anonymous_15)","decl":{"start":{"line":220,"column":32},"end":{"line":220,"column":33}},"loc":{"start":{"line":220,"column":54},"end":{"line":228,"column":7}},"line":220},"16":{"name":"(anonymous_16)","decl":{"start":{"line":223,"column":34},"end":{"line":223,"column":35}},"loc":{"start":{"line":223,"column":55},"end":{"line":226,"column":11}},"line":223},"17":{"name":"(anonymous_17)","decl":{"start":{"line":244,"column":2},"end":{"line":244,"column":3}},"loc":{"start":{"line":244,"column":44},"end":{"line":248,"column":3}},"line":244},"18":{"name":"(anonymous_18)","decl":{"start":{"line":250,"column":2},"end":{"line":250,"column":3}},"loc":{"start":{"line":250,"column":50},"end":{"line":282,"column":3}},"line":250},"19":{"name":"(anonymous_19)","decl":{"start":{"line":284,"column":2},"end":{"line":284,"column":3}},"loc":{"start":{"line":284,"column":38},"end":{"line":330,"column":3}},"line":284},"20":{"name":"(anonymous_20)","decl":{"start":{"line":332,"column":2},"end":{"line":332,"column":3}},"loc":{"start":{"line":332,"column":34},"end":{"line":338,"column":3}},"line":332},"21":{"name":"(anonymous_21)","decl":{"start":{"line":340,"column":2},"end":{"line":340,"column":3}},"loc":{"start":{"line":340,"column":52},"end":{"line":360,"column":3}},"line":340},"22":{"name":"(anonymous_22)","decl":{"start":{"line":362,"column":2},"end":{"line":362,"column":3}},"loc":{"start":{"line":362,"column":40},"end":{"line":384,"column":3}},"line":362},"23":{"name":"(anonymous_23)","decl":{"start":{"line":386,"column":2},"end":{"line":386,"column":3}},"loc":{"start":{"line":386,"column":39},"end":{"line":436,"column":3}},"line":386}},"branchMap":{"0":{"loc":{"start":{"line":45,"column":4},"end":{"line":50,"column":5}},"type":"if","locations":[{"start":{"line":45,"column":4},"end":{"line":50,"column":5}},{"start":{},"end":{}}],"line":45},"1":{"loc":{"start":{"line":51,"column":4},"end":{"line":56,"column":5}},"type":"if","locations":[{"start":{"line":51,"column":4},"end":{"line":56,"column":5}},{"start":{},"end":{}}],"line":51},"2":{"loc":{"start":{"line":57,"column":4},"end":{"line":62,"column":5}},"type":"if","locations":[{"start":{"line":57,"column":4},"end":{"line":62,"column":5}},{"start":{},"end":{}}],"line":57},"3":{"loc":{"start":{"line":67,"column":4},"end":{"line":72,"column":5}},"type":"if","locations":[{"start":{"line":67,"column":4},"end":{"line":72,"column":5}},{"start":{},"end":{}}],"line":67},"4":{"loc":{"start":{"line":95,"column":4},"end":{"line":100,"column":5}},"type":"if","locations":[{"start":{"line":95,"column":4},"end":{"line":100,"column":5}},{"start":{},"end":{}}],"line":95},"5":{"loc":{"start":{"line":102,"column":4},"end":{"line":105,"column":5}},"type":"if","locations":[{"start":{"line":102,"column":4},"end":{"line":105,"column":5}},{"start":{},"end":{}}],"line":102},"6":{"loc":{"start":{"line":123,"column":8},"end":{"line":125,"column":9}},"type":"if","locations":[{"start":{"line":123,"column":8},"end":{"line":125,"column":9}},{"start":{},"end":{}}],"line":123},"7":{"loc":{"start":{"line":160,"column":4},"end":{"line":165,"column":5}},"type":"if","locations":[{"start":{"line":160,"column":4},"end":{"line":165,"column":5}},{"start":{},"end":{}}],"line":160},"8":{"loc":{"start":{"line":169,"column":4},"end":{"line":172,"column":5}},"type":"if","locations":[{"start":{"line":169,"column":4},"end":{"line":172,"column":5}},{"start":{},"end":{}}],"line":169},"9":{"loc":{"start":{"line":175,"column":4},"end":{"line":180,"column":5}},"type":"if","locations":[{"start":{"line":175,"column":4},"end":{"line":180,"column":5}},{"start":{},"end":{}}],"line":175},"10":{"loc":{"start":{"line":204,"column":8},"end":{"line":206,"column":9}},"type":"if","locations":[{"start":{"line":204,"column":8},"end":{"line":206,"column":9}},{"start":{},"end":{}}],"line":204},"11":{"loc":{"start":{"line":253,"column":4},"end":{"line":258,"column":5}},"type":"if","locations":[{"start":{"line":253,"column":4},"end":{"line":258,"column":5}},{"start":{},"end":{}}],"line":253},"12":{"loc":{"start":{"line":259,"column":4},"end":{"line":264,"column":5}},"type":"if","locations":[{"start":{"line":259,"column":4},"end":{"line":264,"column":5}},{"start":{},"end":{}}],"line":259},"13":{"loc":{"start":{"line":270,"column":4},"end":{"line":275,"column":5}},"type":"if","locations":[{"start":{"line":270,"column":4},"end":{"line":275,"column":5}},{"start":{},"end":{}}],"line":270},"14":{"loc":{"start":{"line":287,"column":4},"end":{"line":292,"column":5}},"type":"if","locations":[{"start":{"line":287,"column":4},"end":{"line":292,"column":5}},{"start":{},"end":{}}],"line":287},"15":{"loc":{"start":{"line":293,"column":4},"end":{"line":298,"column":5}},"type":"if","locations":[{"start":{"line":293,"column":4},"end":{"line":298,"column":5}},{"start":{},"end":{}}],"line":293},"16":{"loc":{"start":{"line":299,"column":4},"end":{"line":304,"column":5}},"type":"if","locations":[{"start":{"line":299,"column":4},"end":{"line":304,"column":5}},{"start":{},"end":{}}],"line":299},"17":{"loc":{"start":{"line":309,"column":4},"end":{"line":314,"column":5}},"type":"if","locations":[{"start":{"line":309,"column":4},"end":{"line":314,"column":5}},{"start":{},"end":{}}],"line":309},"18":{"loc":{"start":{"line":345,"column":4},"end":{"line":350,"column":5}},"type":"if","locations":[{"start":{"line":345,"column":4},"end":{"line":350,"column":5}},{"start":{},"end":{}}],"line":345},"19":{"loc":{"start":{"line":351,"column":4},"end":{"line":353,"column":5}},"type":"if","locations":[{"start":{"line":351,"column":4},"end":{"line":353,"column":5}},{"start":{},"end":{}}],"line":351},"20":{"loc":{"start":{"line":368,"column":4},"end":{"line":373,"column":5}},"type":"if","locations":[{"start":{"line":368,"column":4},"end":{"line":373,"column":5}},{"start":{},"end":{}}],"line":368},"21":{"loc":{"start":{"line":374,"column":4},"end":{"line":379,"column":5}},"type":"if","locations":[{"start":{"line":374,"column":4},"end":{"line":379,"column":5}},{"start":{},"end":{}}],"line":374},"22":{"loc":{"start":{"line":380,"column":4},"end":{"line":382,"column":5}},"type":"if","locations":[{"start":{"line":380,"column":4},"end":{"line":382,"column":5}},{"start":{},"end":{}}],"line":380},"23":{"loc":{"start":{"line":389,"column":4},"end":{"line":394,"column":5}},"type":"if","locations":[{"start":{"line":389,"column":4},"end":{"line":394,"column":5}},{"start":{},"end":{}}],"line":389},"24":{"loc":{"start":{"line":395,"column":4},"end":{"line":400,"column":5}},"type":"if","locations":[{"start":{"line":395,"column":4},"end":{"line":400,"column":5}},{"start":{},"end":{}}],"line":395},"25":{"loc":{"start":{"line":406,"column":4},"end":{"line":411,"column":5}},"type":"if","locations":[{"start":{"line":406,"column":4},"end":{"line":411,"column":5}},{"start":{},"end":{}}],"line":406},"26":{"loc":{"start":{"line":413,"column":4},"end":{"line":417,"column":5}},"type":"if","locations":[{"start":{"line":413,"column":4},"end":{"line":417,"column":5}},{"start":{"line":415,"column":11},"end":{"line":417,"column":5}}],"line":413}},"s":{"0":0,"1":0,"2":0,"3":0,"4":0,"5":0,"6":0,"7":0,"8":0,"9":0,"10":0,"11":0,"12":0,"13":0,"14":0,"15":0,"16":0,"17":0,"18":0,"19":0,"20":0,"21":0,"22":0,"23":0,"24":0,"25":0,"26":0,"27":0,"28":0,"29":0,"30":0,"31":0,"32":0,"33":0,"34":0,"35":0,"36":0,"37":0,"38":0,"39":0,"40":0,"41":0,"42":0,"43":0,"44":0,"45":0,"46":0,"47":0,"48":0,"49":0,"50":0,"51":0,"52":0,"53":0,"54":0,"55":0,"56":0,"57":0,"58":0,"59":0,"60":0,"61":0,"62":0,"63":0,"64":0,"65":0,"66":0,"67":0,"68":0,"69":0,"70":0,"71":0,"72":0,"73":0,"74":0,"75":0,"76":0,"77":0,"78":0,"79":0,"80":0,"81":0,"82":0,"83":0,"84":0,"85":0,"86":0,"87":0,"88":0,"89":0,"90":0,"91":0,"92":0,"93":0,"94":0,"95":0,"96":0,"97":0,"98":0,"99":0,"100":0,"101":0,"102":0,"103":0,"104":0,"105":0,"106":0,"107":0,"108":0,"109":0,"110":0,"111":0,"112":0,"113":0,"114":0,"115":0,"116":0,"117":0,"118":0,"119":0,"120":0,"121":0,"122":0,"123":0,"124":0,"125":0,"126":0,"127":0,"128":0,"129":0,"130":0,"131":0,"132":0,"133":0,"134":0,"135":0,"136":0,"137":0,"138":0,"139":0,"140":0,"141":0,"142":0,"143":0,"144":0,"145":0,"146":0,"147":0,"148":0,"149":0,"150":0,"151":0,"152":0,"153":0,"154":0,"155":0,"156":0,"157":0,"158":0,"159":0,"160":0,"161":0,"162":0,"163":0,"164":0,"165":0,"166":0,"167":0,"168":0,"169":0,"170":0,"171":0,"172":0,"173":0,"174":0,"175":0,"176":0,"177":0,"178":0,"179":0,"180":0,"181":0,"182":0,"183":0,"184":0,"185":0},"f":{"0":0,"1":0,"2":0,"3":0,"4":0,"5":0,"6":0,"7":0,"8":0,"9":0,"10":0,"11":0,"12":0,"13":0,"14":0,"15":0,"16":0,"17":0,"18":0,"19":0,"20":0,"21":0,"22":0,"23":0},"b":{"0":[0,0],"1":[0,0],"2":[0,0],"3":[0,0],"4":[0,0],"5":[0,0],"6":[0,0],"7":[0,0],"8":[0,0],"9":[0,0],"10":[0,0],"11":[0,0],"12":[0,0],"13":[0,0],"14":[0,0],"15":[0,0],"16":[0,0],"17":[0,0],"18":[0,0],"19":[0,0],"20":[0,0],"21":[0,0],"22":[0,0],"23":[0,0],"24":[0,0],"25":[0,0],"26":[0,0]},"inputSourceMap":null,"_coverageSchema":"1a1c01bbd47fc00a2c39e90264f33305004495a9","hash":"91a596070db93f54bac2d8b2acbecb3f62560414"}
,"/Users/darwinyo/Desktop/hacktiv8/p3/trizzy-app/server/models/Subscription.js": {"path":"/Users/darwinyo/Desktop/hacktiv8/p3/trizzy-app/server/models/Subscription.js","statementMap":{"0":{"start":{"line":6,"column":15},"end":{"line":6,"column":22}},"1":{"start":{"line":7,"column":23},"end":{"line":7,"column":53}},"2":{"start":{"line":8,"column":4},"end":{"line":8,"column":22}},"3":{"start":{"line":12,"column":4},"end":{"line":12,"column":75}},"4":{"start":{"line":13,"column":42},"end":{"line":13,"column":49}},"5":{"start":{"line":14,"column":23},"end":{"line":14,"column":43}},"6":{"start":{"line":16,"column":4},"end":{"line":21,"column":5}},"7":{"start":{"line":17,"column":6},"end":{"line":20,"column":8}},"8":{"start":{"line":23,"column":4},"end":{"line":28,"column":5}},"9":{"start":{"line":24,"column":6},"end":{"line":27,"column":8}},"10":{"start":{"line":30,"column":25},"end":{"line":30,"column":56}},"11":{"start":{"line":31,"column":4},"end":{"line":36,"column":5}},"12":{"start":{"line":32,"column":6},"end":{"line":35,"column":8}},"13":{"start":{"line":38,"column":28},"end":{"line":38,"column":38}},"14":{"start":{"line":39,"column":22},"end":{"line":39,"column":60}},"15":{"start":{"line":40,"column":20},"end":{"line":44,"column":20}},"16":{"start":{"line":46,"column":4},"end":{"line":54,"column":7}},"17":{"start":{"line":55,"column":4},"end":{"line":55,"column":45}},"18":{"start":{"line":59,"column":23},"end":{"line":59,"column":43}},"19":{"start":{"line":61,"column":4},"end":{"line":66,"column":5}},"20":{"start":{"line":62,"column":6},"end":{"line":65,"column":8}},"21":{"start":{"line":68,"column":25},"end":{"line":71,"column":5}},"22":{"start":{"line":77,"column":4},"end":{"line":77,"column":24}},"23":{"start":{"line":81,"column":25},"end":{"line":81,"column":59}},"24":{"start":{"line":82,"column":4},"end":{"line":94,"column":5}},"25":{"start":{"line":83,"column":26},"end":{"line":83,"column":36}},"26":{"start":{"line":84,"column":24},"end":{"line":84,"column":56}},"27":{"start":{"line":85,"column":22},"end":{"line":85,"column":52}},"28":{"start":{"line":86,"column":6},"end":{"line":93,"column":7}},"29":{"start":{"line":87,"column":8},"end":{"line":87,"column":20}},"30":{"start":{"line":89,"column":8},"end":{"line":91,"column":10}},"31":{"start":{"line":92,"column":8},"end":{"line":92,"column":21}},"32":{"start":{"line":95,"column":4},"end":{"line":95,"column":17}},"33":{"start":{"line":100,"column":23},"end":{"line":100,"column":43}},"34":{"start":{"line":101,"column":4},"end":{"line":101,"column":80}}},"fnMap":{"0":{"name":"(anonymous_0)","decl":{"start":{"line":5,"column":2},"end":{"line":5,"column":3}},"loc":{"start":{"line":5,"column":25},"end":{"line":9,"column":3}},"line":5},"1":{"name":"(anonymous_1)","decl":{"start":{"line":11,"column":2},"end":{"line":11,"column":3}},"loc":{"start":{"line":11,"column":40},"end":{"line":56,"column":3}},"line":11},"2":{"name":"(anonymous_2)","decl":{"start":{"line":58,"column":2},"end":{"line":58,"column":3}},"loc":{"start":{"line":58,"column":39},"end":{"line":78,"column":3}},"line":58},"3":{"name":"(anonymous_3)","decl":{"start":{"line":80,"column":2},"end":{"line":80,"column":3}},"loc":{"start":{"line":80,"column":36},"end":{"line":96,"column":3}},"line":80},"4":{"name":"(anonymous_4)","decl":{"start":{"line":99,"column":2},"end":{"line":99,"column":3}},"loc":{"start":{"line":99,"column":63},"end":{"line":102,"column":3}},"line":99}},"branchMap":{"0":{"loc":{"start":{"line":16,"column":4},"end":{"line":21,"column":5}},"type":"if","locations":[{"start":{"line":16,"column":4},"end":{"line":21,"column":5}},{"start":{},"end":{}}],"line":16},"1":{"loc":{"start":{"line":23,"column":4},"end":{"line":28,"column":5}},"type":"if","locations":[{"start":{"line":23,"column":4},"end":{"line":28,"column":5}},{"start":{},"end":{}}],"line":23},"2":{"loc":{"start":{"line":31,"column":4},"end":{"line":36,"column":5}},"type":"if","locations":[{"start":{"line":31,"column":4},"end":{"line":36,"column":5}},{"start":{},"end":{}}],"line":31},"3":{"loc":{"start":{"line":61,"column":4},"end":{"line":66,"column":5}},"type":"if","locations":[{"start":{"line":61,"column":4},"end":{"line":66,"column":5}},{"start":{},"end":{}}],"line":61},"4":{"loc":{"start":{"line":82,"column":4},"end":{"line":94,"column":5}},"type":"if","locations":[{"start":{"line":82,"column":4},"end":{"line":94,"column":5}},{"start":{},"end":{}}],"line":82},"5":{"loc":{"start":{"line":82,"column":8},"end":{"line":82,"column":54}},"type":"binary-expr","locations":[{"start":{"line":82,"column":8},"end":{"line":82,"column":20}},{"start":{"line":82,"column":24},"end":{"line":82,"column":54}}],"line":82},"6":{"loc":{"start":{"line":86,"column":6},"end":{"line":93,"column":7}},"type":"if","locations":[{"start":{"line":86,"column":6},"end":{"line":93,"column":7}},{"start":{"line":88,"column":13},"end":{"line":93,"column":7}}],"line":86},"7":{"loc":{"start":{"line":86,"column":10},"end":{"line":86,"column":60}},"type":"binary-expr","locations":[{"start":{"line":86,"column":10},"end":{"line":86,"column":34}},{"start":{"line":86,"column":38},"end":{"line":86,"column":60}}],"line":86}},"s":{"0":6,"1":6,"2":6,"3":3,"4":3,"5":3,"6":3,"7":0,"8":3,"9":0,"10":3,"11":3,"12":0,"13":3,"14":3,"15":3,"16":3,"17":3,"18":3,"19":3,"20":0,"21":3,"22":3,"23":3,"24":3,"25":0,"26":0,"27":0,"28":0,"29":0,"30":0,"31":0,"32":3,"33":0,"34":0},"f":{"0":6,"1":3,"2":3,"3":3,"4":0},"b":{"0":[0,3],"1":[0,3],"2":[0,3],"3":[0,3],"4":[0,3],"5":[3,2],"6":[0,0],"7":[0,0]},"inputSourceMap":null,"_coverageSchema":"1a1c01bbd47fc00a2c39e90264f33305004495a9","hash":"714231a563e10247d73d4dd74746ea590e7dfbe6"}
,"/Users/darwinyo/Desktop/hacktiv8/p3/trizzy-app/server/models/User.js": {"path":"/Users/darwinyo/Desktop/hacktiv8/p3/trizzy-app/server/models/User.js","statementMap":{"0":{"start":{"line":10,"column":15},"end":{"line":10,"column":22}},"1":{"start":{"line":11,"column":23},"end":{"line":11,"column":45}},"2":{"start":{"line":12,"column":4},"end":{"line":12,"column":22}},"3":{"start":{"line":16,"column":42},"end":{"line":16,"column":49}},"4":{"start":{"line":18,"column":23},"end":{"line":18,"column":43}},"5":{"start":{"line":20,"column":4},"end":{"line":25,"column":5}},"6":{"start":{"line":21,"column":6},"end":{"line":24,"column":8}},"7":{"start":{"line":27,"column":4},"end":{"line":32,"column":5}},"8":{"start":{"line":28,"column":6},"end":{"line":31,"column":8}},"9":{"start":{"line":34,"column":4},"end":{"line":39,"column":5}},"10":{"start":{"line":35,"column":6},"end":{"line":38,"column":8}},"11":{"start":{"line":41,"column":34},"end":{"line":41,"column":69}},"12":{"start":{"line":42,"column":4},"end":{"line":47,"column":5}},"13":{"start":{"line":43,"column":6},"end":{"line":46,"column":8}},"14":{"start":{"line":49,"column":4},"end":{"line":54,"column":5}},"15":{"start":{"line":50,"column":6},"end":{"line":53,"column":8}},"16":{"start":{"line":56,"column":4},"end":{"line":61,"column":5}},"17":{"start":{"line":57,"column":6},"end":{"line":60,"column":8}},"18":{"start":{"line":63,"column":19},"end":{"line":63,"column":41}},"19":{"start":{"line":64,"column":20},"end":{"line":69,"column":5}},"20":{"start":{"line":71,"column":4},"end":{"line":71,"column":40}},"21":{"start":{"line":72,"column":4},"end":{"line":72,"column":33}},"22":{"start":{"line":76,"column":23},"end":{"line":76,"column":43}},"23":{"start":{"line":78,"column":19},"end":{"line":78,"column":65}},"24":{"start":{"line":79,"column":19},"end":{"line":82,"column":6}},"25":{"start":{"line":84,"column":4},"end":{"line":89,"column":5}},"26":{"start":{"line":85,"column":6},"end":{"line":88,"column":8}},"27":{"start":{"line":91,"column":20},"end":{"line":91,"column":39}},"28":{"start":{"line":93,"column":15},"end":{"line":95,"column":6}},"29":{"start":{"line":97,"column":4},"end":{"line":111,"column":5}},"30":{"start":{"line":98,"column":22},"end":{"line":104,"column":7}},"31":{"start":{"line":106,"column":21},"end":{"line":106,"column":56}},"32":{"start":{"line":107,"column":6},"end":{"line":110,"column":8}},"33":{"start":{"line":113,"column":25},"end":{"line":115,"column":6}},"34":{"start":{"line":117,"column":19},"end":{"line":120,"column":5}},"35":{"start":{"line":122,"column":4},"end":{"line":122,"column":18}},"36":{"start":{"line":126,"column":32},"end":{"line":126,"column":39}},"37":{"start":{"line":128,"column":23},"end":{"line":128,"column":43}},"38":{"start":{"line":130,"column":4},"end":{"line":135,"column":5}},"39":{"start":{"line":131,"column":6},"end":{"line":134,"column":8}},"40":{"start":{"line":137,"column":4},"end":{"line":142,"column":5}},"41":{"start":{"line":138,"column":6},"end":{"line":141,"column":8}},"42":{"start":{"line":144,"column":25},"end":{"line":144,"column":60}},"43":{"start":{"line":145,"column":4},"end":{"line":150,"column":5}},"44":{"start":{"line":146,"column":6},"end":{"line":149,"column":8}},"45":{"start":{"line":152,"column":28},"end":{"line":152,"column":77}},"46":{"start":{"line":153,"column":4},"end":{"line":158,"column":5}},"47":{"start":{"line":154,"column":6},"end":{"line":157,"column":8}},"48":{"start":{"line":160,"column":25},"end":{"line":160,"column":64}},"49":{"start":{"line":161,"column":18},"end":{"line":164,"column":5}},"50":{"start":{"line":165,"column":4},"end":{"line":165,"column":17}},"51":{"start":{"line":169,"column":23},"end":{"line":169,"column":43}},"52":{"start":{"line":170,"column":17},"end":{"line":170,"column":72}},"53":{"start":{"line":171,"column":4},"end":{"line":173,"column":5}},"54":{"start":{"line":172,"column":6},"end":{"line":172,"column":61}},"55":{"start":{"line":174,"column":4},"end":{"line":174,"column":16}},"56":{"start":{"line":178,"column":23},"end":{"line":178,"column":43}},"57":{"start":{"line":179,"column":17},"end":{"line":179,"column":72}},"58":{"start":{"line":180,"column":4},"end":{"line":182,"column":5}},"59":{"start":{"line":181,"column":6},"end":{"line":181,"column":61}},"60":{"start":{"line":183,"column":4},"end":{"line":189,"column":5}},"61":{"start":{"line":184,"column":6},"end":{"line":188,"column":8}},"62":{"start":{"line":190,"column":25},"end":{"line":190,"column":43}},"63":{"start":{"line":191,"column":4},"end":{"line":194,"column":6}},"64":{"start":{"line":195,"column":4},"end":{"line":195,"column":24}}},"fnMap":{"0":{"name":"(anonymous_0)","decl":{"start":{"line":9,"column":2},"end":{"line":9,"column":3}},"loc":{"start":{"line":9,"column":25},"end":{"line":13,"column":3}},"line":9},"1":{"name":"(anonymous_1)","decl":{"start":{"line":15,"column":2},"end":{"line":15,"column":3}},"loc":{"start":{"line":15,"column":33},"end":{"line":73,"column":3}},"line":15},"2":{"name":"(anonymous_2)","decl":{"start":{"line":75,"column":2},"end":{"line":75,"column":3}},"loc":{"start":{"line":75,"column":34},"end":{"line":123,"column":3}},"line":75},"3":{"name":"(anonymous_3)","decl":{"start":{"line":125,"column":2},"end":{"line":125,"column":3}},"loc":{"start":{"line":125,"column":30},"end":{"line":166,"column":3}},"line":125},"4":{"name":"(anonymous_4)","decl":{"start":{"line":168,"column":2},"end":{"line":168,"column":3}},"loc":{"start":{"line":168,"column":35},"end":{"line":175,"column":3}},"line":168},"5":{"name":"(anonymous_5)","decl":{"start":{"line":177,"column":2},"end":{"line":177,"column":3}},"loc":{"start":{"line":177,"column":39},"end":{"line":196,"column":3}},"line":177}},"branchMap":{"0":{"loc":{"start":{"line":20,"column":4},"end":{"line":25,"column":5}},"type":"if","locations":[{"start":{"line":20,"column":4},"end":{"line":25,"column":5}},{"start":{},"end":{}}],"line":20},"1":{"loc":{"start":{"line":20,"column":8},"end":{"line":20,"column":43}},"type":"binary-expr","locations":[{"start":{"line":20,"column":8},"end":{"line":20,"column":17}},{"start":{"line":20,"column":21},"end":{"line":20,"column":43}}],"line":20},"2":{"loc":{"start":{"line":27,"column":4},"end":{"line":32,"column":5}},"type":"if","locations":[{"start":{"line":27,"column":4},"end":{"line":32,"column":5}},{"start":{},"end":{}}],"line":27},"3":{"loc":{"start":{"line":27,"column":8},"end":{"line":27,"column":37}},"type":"binary-expr","locations":[{"start":{"line":27,"column":8},"end":{"line":27,"column":14}},{"start":{"line":27,"column":18},"end":{"line":27,"column":37}}],"line":27},"4":{"loc":{"start":{"line":34,"column":4},"end":{"line":39,"column":5}},"type":"if","locations":[{"start":{"line":34,"column":4},"end":{"line":39,"column":5}},{"start":{},"end":{}}],"line":34},"5":{"loc":{"start":{"line":42,"column":4},"end":{"line":47,"column":5}},"type":"if","locations":[{"start":{"line":42,"column":4},"end":{"line":47,"column":5}},{"start":{},"end":{}}],"line":42},"6":{"loc":{"start":{"line":49,"column":4},"end":{"line":54,"column":5}},"type":"if","locations":[{"start":{"line":49,"column":4},"end":{"line":54,"column":5}},{"start":{},"end":{}}],"line":49},"7":{"loc":{"start":{"line":49,"column":8},"end":{"line":49,"column":43}},"type":"binary-expr","locations":[{"start":{"line":49,"column":8},"end":{"line":49,"column":17}},{"start":{"line":49,"column":21},"end":{"line":49,"column":43}}],"line":49},"8":{"loc":{"start":{"line":56,"column":4},"end":{"line":61,"column":5}},"type":"if","locations":[{"start":{"line":56,"column":4},"end":{"line":61,"column":5}},{"start":{},"end":{}}],"line":56},"9":{"loc":{"start":{"line":84,"column":4},"end":{"line":89,"column":5}},"type":"if","locations":[{"start":{"line":84,"column":4},"end":{"line":89,"column":5}},{"start":{},"end":{}}],"line":84},"10":{"loc":{"start":{"line":97,"column":4},"end":{"line":111,"column":5}},"type":"if","locations":[{"start":{"line":97,"column":4},"end":{"line":111,"column":5}},{"start":{},"end":{}}],"line":97},"11":{"loc":{"start":{"line":130,"column":4},"end":{"line":135,"column":5}},"type":"if","locations":[{"start":{"line":130,"column":4},"end":{"line":135,"column":5}},{"start":{},"end":{}}],"line":130},"12":{"loc":{"start":{"line":130,"column":8},"end":{"line":130,"column":37}},"type":"binary-expr","locations":[{"start":{"line":130,"column":8},"end":{"line":130,"column":14}},{"start":{"line":130,"column":18},"end":{"line":130,"column":37}}],"line":130},"13":{"loc":{"start":{"line":137,"column":4},"end":{"line":142,"column":5}},"type":"if","locations":[{"start":{"line":137,"column":4},"end":{"line":142,"column":5}},{"start":{},"end":{}}],"line":137},"14":{"loc":{"start":{"line":137,"column":8},"end":{"line":137,"column":43}},"type":"binary-expr","locations":[{"start":{"line":137,"column":8},"end":{"line":137,"column":17}},{"start":{"line":137,"column":21},"end":{"line":137,"column":43}}],"line":137},"15":{"loc":{"start":{"line":145,"column":4},"end":{"line":150,"column":5}},"type":"if","locations":[{"start":{"line":145,"column":4},"end":{"line":150,"column":5}},{"start":{},"end":{}}],"line":145},"16":{"loc":{"start":{"line":153,"column":4},"end":{"line":158,"column":5}},"type":"if","locations":[{"start":{"line":153,"column":4},"end":{"line":158,"column":5}},{"start":{},"end":{}}],"line":153},"17":{"loc":{"start":{"line":171,"column":4},"end":{"line":173,"column":5}},"type":"if","locations":[{"start":{"line":171,"column":4},"end":{"line":173,"column":5}},{"start":{},"end":{}}],"line":171},"18":{"loc":{"start":{"line":180,"column":4},"end":{"line":182,"column":5}},"type":"if","locations":[{"start":{"line":180,"column":4},"end":{"line":182,"column":5}},{"start":{},"end":{}}],"line":180},"19":{"loc":{"start":{"line":183,"column":4},"end":{"line":189,"column":5}},"type":"if","locations":[{"start":{"line":183,"column":4},"end":{"line":189,"column":5}},{"start":{},"end":{}}],"line":183}},"s":{"0":4,"1":4,"2":4,"3":0,"4":0,"5":0,"6":0,"7":0,"8":0,"9":0,"10":0,"11":0,"12":0,"13":0,"14":0,"15":0,"16":0,"17":0,"18":0,"19":0,"20":0,"21":0,"22":0,"23":0,"24":0,"25":0,"26":0,"27":0,"28":0,"29":0,"30":0,"31":0,"32":0,"33":0,"34":0,"35":0,"36":1,"37":1,"38":1,"39":0,"40":1,"41":0,"42":1,"43":1,"44":0,"45":1,"46":1,"47":0,"48":1,"49":1,"50":1,"51":3,"52":3,"53":3,"54":0,"55":3,"56":0,"57":0,"58":0,"59":0,"60":0,"61":0,"62":0,"63":0,"64":0},"f":{"0":4,"1":0,"2":0,"3":1,"4":3,"5":0},"b":{"0":[0,0],"1":[0,0],"2":[0,0],"3":[0,0],"4":[0,0],"5":[0,0],"6":[0,0],"7":[0,0],"8":[0,0],"9":[0,0],"10":[0,0],"11":[0,1],"12":[1,1],"13":[0,1],"14":[1,1],"15":[0,1],"16":[0,1],"17":[0,3],"18":[0,0],"19":[0,0]},"inputSourceMap":null,"_coverageSchema":"1a1c01bbd47fc00a2c39e90264f33305004495a9","hash":"ede65c47732f728c349700ba8cda7ad156037282"}
,"/Users/darwinyo/Desktop/hacktiv8/p3/trizzy-app/server/schemas/chatSchema.js": {"path":"/Users/darwinyo/Desktop/hacktiv8/p3/trizzy-app/server/schemas/chatSchema.js","statementMap":{"0":{"start":{"line":4,"column":21},"end":{"line":29,"column":1}},"1":{"start":{"line":31,"column":22},"end":{"line":82,"column":1}},"2":{"start":{"line":34,"column":6},"end":{"line":42,"column":7}},"3":{"start":{"line":35,"column":32},"end":{"line":35,"column":62}},"4":{"start":{"line":36,"column":24},"end":{"line":36,"column":28}},"5":{"start":{"line":37,"column":25},"end":{"line":37,"column":60}},"6":{"start":{"line":38,"column":8},"end":{"line":38,"column":24}},"7":{"start":{"line":40,"column":8},"end":{"line":40,"column":57}},"8":{"start":{"line":41,"column":8},"end":{"line":41,"column":28}},"9":{"start":{"line":47,"column":6},"end":{"line":56,"column":7}},"10":{"start":{"line":48,"column":32},"end":{"line":48,"column":62}},"11":{"start":{"line":49,"column":28},"end":{"line":49,"column":32}},"12":{"start":{"line":50,"column":8},"end":{"line":50,"column":32}},"13":{"start":{"line":51,"column":25},"end":{"line":51,"column":55}},"14":{"start":{"line":52,"column":8},"end":{"line":52,"column":24}},"15":{"start":{"line":54,"column":8},"end":{"line":54,"column":56}},"16":{"start":{"line":55,"column":8},"end":{"line":55,"column":28}},"17":{"start":{"line":59,"column":6},"end":{"line":67,"column":7}},"18":{"start":{"line":60,"column":32},"end":{"line":60,"column":62}},"19":{"start":{"line":61,"column":27},"end":{"line":61,"column":31}},"20":{"start":{"line":62,"column":25},"end":{"line":62,"column":71}},"21":{"start":{"line":63,"column":8},"end":{"line":63,"column":24}},"22":{"start":{"line":65,"column":8},"end":{"line":65,"column":61}},"23":{"start":{"line":66,"column":8},"end":{"line":66,"column":28}},"24":{"start":{"line":70,"column":6},"end":{"line":79,"column":7}},"25":{"start":{"line":71,"column":32},"end":{"line":71,"column":62}},"26":{"start":{"line":72,"column":28},"end":{"line":72,"column":32}},"27":{"start":{"line":73,"column":8},"end":{"line":73,"column":32}},"28":{"start":{"line":74,"column":25},"end":{"line":74,"column":62}},"29":{"start":{"line":75,"column":8},"end":{"line":75,"col
[...]
,"/Users/darwinyo/Desktop/hacktiv8/p3/trizzy-app/server/schemas/recommendationSchema.js": {"path":"/Users/darwinyo/Desktop/hacktiv8/p3/trizzy-app/server/schemas/recommendationSchema.js","statementMap":{"0":{"start":{"line":4,"column":31},"end":{"line":66,"column":1}},"1":{"start":{"line":68,"column":32},"end":{"line":227,"column":1}},"2":{"start":{"line":71,"column":6},"end":{"line":77,"column":7}},"3":{"start":{"line":72,"column":25},"end":{"line":72,"column":73}},"4":{"start":{"line":73,"column":8},"end":{"line":73,"column":24}},"5":{"start":{"line":75,"column":8},"end":{"line":75,"column":71}},"6":{"start":{"line":76,"column":8},"end":{"line":76,"column":28}},"7":{"start":{"line":80,"column":6},"end":{"line":89,"column":7}},"8":{"start":{"line":81,"column":24},"end":{"line":81,"column":28}},"9":{"start":{"line":82,"column":25},"end":{"line":84,"column":9}},"10":{"start":{"line":85,"column":8},"end":{"line":85,"column":24}},"11":{"start":{"line":87,"column":8},"end":{"line":87,"column":77}},"12":{"start":{"line":88,"column":8},"end":{"line":88,"column":28}},"13":{"start":{"line":92,"column":6},"end":{"line":99,"column":7}},"14":{"start":{"line":93,"column":27},"end":{"line":93,"column":31}},"15":{"start":{"line":94,"column":25},"end":{"line":94,"column":72}},"16":{"start":{"line":95,"column":8},"end":{"line":95,"column":24}},"17":{"start":{"line":97,"column":8},"end":{"line":97,"column":64}},"18":{"start":{"line":98,"column":8},"end":{"line":98,"column":28}},"19":{"start":{"line":102,"column":6},"end":{"line":109,"column":7}},"20":{"start":{"line":103,"column":24},"end":{"line":103,"column":28}},"21":{"start":{"line":104,"column":25},"end":{"line":104,"column":75}},"22":{"start":{"line":105,"column":8},"end":{"line":105,"column":24}},"23":{"start":{"line":107,"column":8},"end":{"line":107,"column":70}},"24":{"start":{"line":108,"column":8},"end":{"line":108,"column":28}},"25":{"start":{"line":112,"column":6},"end":{"line":119,"column":7}},"26":{"start":{"line":113,"column":32},"end":{"line":113,"column":62}},"27":{"start":{"line":114,"column":25},"end":{"line":114,"column":64}},"28":{"start":{"line":115,"column":8},"end":{"line":115,"column":24}},"29":{"start":{"line":117,"column":8},"end":{"line":117,"column":56}},"30":{"start":{"line":118,"column":8},"end":{"line":118,"column":28}},"31":{"start":{"line":122,"column":6},"end":{"line":129,"column":7}},"32":{"start":{"line":123,"column":28},"end":{"line":123,"column":32}},"33":{"start":{"line":124,"column":25},"end":{"line":124,"column":70}},"34":{"start":{"line":125,"column":8},"end":{"line":125,"column":24}},"35":{"start":{"line":127,"column":8},"end":{"line":127,"column":61}},"36":{"start":{"line":128,"column":8},"end":{"line":128,"column":28}},"37":{"start":{"line":134,"column":6},"end":{"line":145,"column":7}},"38":{"start":{"line":135,"column":44},"end":{"line":135,"column":48}},"39":{"start":{"line":136,"column":32},"end":{"line":136,"column":62}},"40":{"start":{"line":137,"column":25},"end":{"line":140,"column":10}},"41":{"start":{"line":141,"column":8},"end":{"line":141,"column":24}},"42":{"start":{"line":143,"column":8},"end":{"line":143,"column":78}},"43":{"start":{"line":144,"column":8},"end":{"line":144,"column":28}},"44":{"start":{"line":148,"column":6},"end":{"line":159,"column":7}},"45":{"start":{"line":149,"column":27},"end":{"line":149,"column":31}},"46":{"start":{"line":150,"column":32},"end":{"line":150,"column":62}},"47":{"start":{"line":151,"column":25},"end":{"line":154,"column":10}},"48":{"start":{"line":155,"column":8},"end":{"line":155,"column":24}},"49":{"start":{"line":157,"column":8},"end":{"line":157,"column":69}},"50":{"start":{"line":158,"column":8},"end":{"line":158,"column":28}},"51":{"start":{"line":162,"column":6},"end":{"line":173,"column":7}},"52":{"start":{"line":163,"column":37},"end":{"line":163,"column":41}},"53":{"start":{"line":164,"column":32},"end":{"line":164,"column":62}},"54":{"start":{"line":165,"column":25},"end":{"line":168,"column":10}},"55":{"start":{"line":169,"column":8},"end":{"line":169,"column":24}},"56":{"start":{"line":171,"column":8},"end":{"line":171,"column":75}},"57":{"start":{"line":172,"column":8},"end":{"line":172,"column":28}},"58":{"start":{"line":176,"column":6},"end":{"line":187,"column":7}},"59":{"start":{"line":177,"column":37},"end":{"line":177,"column":41}},"60":{"start":{"line":178,"column":32},"end":{"line":178,"column":62}},"61":{"start":{"line":179,"column":25},"end":{"line":182,"column":10}},"62":{"start":{"line":183,"column":8},"end":{"line":183,"column":24}},"63":{"start":{"line":185,"column":8},"end":{"line":185,"column":71}},"64":{"start":{"line":186,"column":8},"end":{"line":186,"column":28}},"65":{"start":{"line":190,"column":6},"end":{"line":199,"column":7}},"66":{"start":{"line":191,"column":28},"end":{"line":191,"column":32}},"67":{"start":{"line":192,"column":32},"end":{"line":192,"column":62}},"68":{"start":{"line":193,"column":8},"end":{"line":193,"column":32}},"69":{"start":{"line":194,"column":25},"end":{"line":194,"column":68}},"70":{"start":{"line":195,"column":8},"end":{"line":195,"column":24}},"71":{"start":{"line":197,"column":8},"end":{"line":197,"column":59}},"72":{"start":{"line":198,"column":8},"end":{"line":198,"column":28}},"73":{"start":{"line":202,"column":6},"end":{"line":212,"column":7}},"74":{"start":{"line":203,"column":37},"end":{"line":203,"column":41}},"75":{"start":{"line":204,"column":32},"end":{"line":204,"column":62}},"76":{"start":{"line":205,"column":25},"end":{"line":207,"column":9}},"77":{"start":{"line":208,"column":8},"end":{"line":208,"column":24}},"78":{"start":{"line":210,"column":8},"end":{"line":210,"column":64}},"79":{"start":{"line":211,"column":8},"end":{"line":211,"column":28}},"80":{"start":{"line":215,"column":6},"end":{"line":224,"column":7}},"81":{"start":{"line":216,"column":28},"end":{"line":216,"column":32}},"82":{"start":{"line":217,"column":32},"end":{"line":217,"column":62}},"83":{"start":{"line":218,"column":8},"end":{"line":218,"column":32}},"84":{"start":{"line":219,"column":25},"end":{"line":219,"column":69}},"85":{"start":{"line":220,"column":8},"end":{"line":220,"column":24}},"86":{"start":{"line":222,"column":8},"end":{"line":222,"column":60}},"87":{"start":{"line":223,"column":8},"end":{"line":223,"column":28}}},"fnMap":{"0":{"name":"(anonymous_0)","decl":{"start":{"line":70,"column":31},"end":{"line":70,"column":32}},"loc":{"start":{"line":70,"column":43},"end":{"line":78,"column":5}},"line":70},"1":{"name":"(anonymous_1)","decl":{"start":{"line":79,"column":37},"end":{"line":79,"column":38}},"loc":{"start":{"line":79,"column":56},"end":{"line":90,"column":5}},"line":79},"2":{"name":"(anonymous_2)","decl":{"start":{"line":91,"column":24},"end":{"line":91,"column":25}},"loc":{"start":{"line":91,"column":43},"end":{"line":100,"column":5}},"line":91},"3":{"name":"(anonymous_3)","decl":{"start":{"line":101,"column":30},"end":{"line":101,"column":31}},"loc":{"start":{"line":101,"column":49},"end":{"line":110,"column":5}},"line":101},"4":{"name":"(anonymous_4)","decl":{"start":{"line":111,"column":16},"end":{"line":111,"column":17}},"loc":{"start":{"line":111,"column":44},"end":{"line":120,"column":5}},"line":111},"5":{"name":"(anonymous_5)","decl":{"start":{"line":121,"column":21},"end":{"line":121,"column":22}},"loc":{"start":{"line":121,"column":40},"end":{"line":130,"column":5}},"line":121},"6":{"name":"(anonymous_6)","decl":{"start":{"line":133,"column":38},"end":{"line":133,"column":39}},"loc":{"start":{"line":133,"column":66},"end":{"line":146,"column":5}},"line":133},"7":{"name":"(anonymous_7)","decl":{"start":{"line":147,"column":29},"end":{"line":147,"column":30}},"loc":{"start":{"line":147,"column":57},"end":{"line":160,"column":5}},"line":147},"8":{"name":"(anonymous_8)","decl":{"start":{"line":161,"column":35},"end":{"line":161,"column":36}},"loc":{"start":{"line":161,"column":63},"end":{"line":174,"column":5}},"line":161},"9":{"name":"(anonymous_9)","decl":{"start":{"line":175,"column":31},"end":{"line":175,"column":32}},"loc":{"start":{"line":175,"column":59},"end":{"line":188,"column":5}},"line":175},"10":{"name":"(anonymous_10)","decl":{"start":{"line":189,"column":19},"end":{"line":189,"column":20}},"loc":{"start":{"line":189,"column":47},"end":{"line":200,"column":5}},"line":189},"11":{"name":"(anonymous_11)","decl":{"start":{"line":201,"column":24},"end":{"line":201,"column":25}},"loc":{"start":{"line":201,"column":52},"end":{"line":213,"column":5}},"line":201},"12":{"name":"(anonymous_12)","decl":{"start":{"line":214,"column":20},"end":{"line":214,"column":21}},"loc":{"start":{"line":214,"column":48},"end":{"line":225,"column":5}},"line":214}},"branchMap":{},"s":{"0":1,"1":1,"2":0,"3":0,"4":0,"5":0,"6":0,"7":0,"8":0,"9":0,"10":0,"11":0,"12":0,"13":0,"14":0,"15":0,"16":0,"17":0,"18":0,"19":0,"20":0,"21":0,"22":0,"23":0,"24":0,"25":0,"26":0,"27":0,"28":0,"29":0,"30":0,"31":0,"32":0,"33":0,"34":0,"35":0,"36":0,"37":0,"38":0,"39":0,"40":0,"41":0,"42":0,"43":0,"44":0,"45":0,"46":0,"47":0,"48":0,"49":0,"50":0,"51":0,"52":0,"53":0,"54":0,"55":0,"56":0,"57":0,"58":0,"59":0,"60":0,"61":0,"62":0,"63":0,"64":0,"65":0,"66":0,"67":0,"68":0,"69":0,"70":0,"71":0,"72":0,"73":0,"74":0,"75":0,"76":0,"77":0,"78":0,"79":0,"80":0,"81":0,"82":0,"83":0,"84":0,"85":0,"86":0,"87":0},"f":{"0":0,"1":0,"2":0,"3":0,"4":0,"5":0,"6":0,"7":0,"8":0,"9":0,"10":0,"11":0,"12":0},"b":{},"inputSourceMap":null,"_coverageSchema":"1a1c01bbd47fc00a2c39e90264f33305004495a9","hash":"f921bf881e9f7aebcc60da06a0df29e01df0d693"}
,"/Users/darwinyo/Desktop/hacktiv8/p3/trizzy-app/server/schemas/subscriptionSchema.js": {"path":"/Users/darwinyo/Desktop/hacktiv8/p3/trizzy-app/server/schemas/subscriptionSchema.js","statementMap":{"0":{"start":{"line":9,"column":29},"end":{"line":31,"column":1}},"1":{"start":{"line":33,"column":30},"end":{"line":159,"column":1}},"2":{"start":{"line":36,"column":6},"end":{"line":85,"column":7}},"3":{"start":{"line":37,"column":32},"end":{"line":37,"column":62}},"4":{"start":{"line":38,"column":8},"end":{"line":38,"column":63}},"5":{"start":{"line":39,"column":29},"end":{"line":39,"column":71}},"6":{"start":{"line":40,"column":8},"end":{"line":40,"column":75}},"7":{"start":{"line":42,"column":8},"end":{"line":44,"column":9}},"8":{"start":{"line":43,"column":10},"end":{"line":43,"column":22}},"9":{"start":{"line":48,"column":8},"end":{"line":79,"column":9}},"10":{"start":{"line":49,"column":33},"end":{"line":51,"column":11}},"11":{"start":{"line":52,"column":10},"end":{"line":55,"column":12}},"12":{"start":{"line":57,"column":10},"end":{"line":78,"column":11}},"13":{"start":{"line":62,"column":12},"end":{"line":65,"column":14}},"14":{"start":{"line":66,"column":12},"end":{"line":66,"column":41}},"15":{"start":{"line":67,"column":17},"end":{"line":78,"column":11}},"16":{"start":{"line":73,"column":12},"end":{"line":76,"column":14}},"17":{"start":{"line":77,"column":12},"end":{"line":77,"column":50}},"18":{"start":{"line":81,"column":8},"end":{"line":81,"column":28}},"19":{"start":{"line":83,"column":8},"end":{"line":83,"column":61}},"20":{"start":{"line":84,"column":8},"end":{"line":84,"column":28}},"21":{"start":{"line":88,"column":6},"end":{"line":95,"column":7}},"22":{"start":{"line":89,"column":32},"end":{"line":89,"column":62}},"23":{"start":{"line":90,"column":25},"end":{"line":90,"column":64}},"24":{"start":{"line":91,"column":8},"end":{"line":91,"column":24}},"25":{"start":{"line":93,"column":8},"end":{"line":93,"column":58}},"26":{"start":{"line":94,"column":8},"end":{"line":94,"column":28}},"27":{"start":{"line":100,"column":6},"end":{"line":156,"column":7}},"28":{"start":{"line":101,"column":32},"end":{"line":101,"column":62}},"29":{"start":{"line":104,"column":24},"end":{"line":106,"column":22}},"30":{"start":{"line":108,"column":8},"end":{"line":108,"column":32}},"31":{"start":{"line":111,"column":35},"end":{"line":126,"column":9}},"32":{"start":{"line":129,"column":8},"end":{"line":134,"column":9}},"33":{"start":{"line":130,"column":10},"end":{"line":130,"column":68}},"34":{"start":{"line":132,"column":10},"end":{"line":132,"column":76}},"35":{"start":{"line":133,"column":10},"end":{"line":133,"column":67}},"36":{"start":{"line":137,"column":8},"end":{"line":147,"column":11}},"37":{"start":{"line":149,"column":8},"end":{"line":149,"column":69}},"38":{"start":{"line":152,"column":8},"end":{"line":152,"column":33}},"39":{"start":{"line":154,"column":8},"end":{"line":154,"column":61}},"40":{"start":{"line":155,"column":8},"end":{"line":155,"column":28}}},"fnMap":{"0":{"name":"(anonymous_0)","decl":{"start":{"line":35,"column":21},"end":{"line":35,"column":22}},"loc":{"start":{"line":35,"column":47},"end":{"line":86,"column":5}},"line":35},"1":{"name":"(anonymous_1)","decl":{"start":{"line":87,"column":18},"end":{"line":87,"column":19}},"loc":{"start":{"line":87,"column":44},"end":{"line":96,"column":5}},"line":87},"2":{"name":"(anonymous_2)","decl":{"start":{"line":99,"column":21},"end":{"line":99,"column":22}},"loc":{"start":{"line":99,"column":56},"end":{"line":157,"column":5}},"line":99}},"branchMap":{"0":{"loc":{"start":{"line":42,"column":8},"end":{"line":44,"column":9}},"type":"if","locations":[{"start":{"line":42,"column":8},"end":{"line":44,"column":9}},{"start":{},"end":{}}],"line":42},"1":{"loc":{"start":{"line":48,"column":8},"end":{"line":79,"column":9}},"type":"if","locations":[{"start":{"line":48,"column":8},"end":{"line":79,"column":9}},{"start":{},"end":{}}],"line":48},"2":{"loc":{"start":{"line":57,"column":10},"end":{"line":78,"column":11}},"type":"if","locations":[{"start":{"line":57,"column":10},"end":{"line":78,"column":11}},{"start":{"line":67,"column":17},"end":{"line":78,"column":11}}],"line":57},"3":{"loc":{"start":{"line":58,"column":12},"end":{"line":59,"column":59}},"type":"binary-expr","locations":[{"start":{"line":58,"column":12},"end":{"line":58,"column":62}},{"start":{"line":59,"column":12},"end":{"line":59,"column":59}}],"line":58},"4":{"loc":{"start":{"line":67,"column":17},"end":{"line":78,"column":11}},"type":"if","locations":[{"start":{"line":67,"column":17},"end":{"line":78,"column":11}},{"start":{},"end":{}}],"line":67},"5":{"loc":{"start":{"line":68,"column":12},"end":{"line":71,"column":59}},"type":"binary-expr","locations":[{"start":{"line":68,"column":12},"end":{"line":68,"column":58}},{"start":{"line":69,"column":12},"end":{"line":69,"column":58}},{"start":{"line":70,"column":12},"end":{"line":70,"column":56}},{"start":{"line":71,"column":12},"end":{"line":71,"column":59}}],"line":68}},"s":{"0":1,"1":1,"2":0,"3":0,"4":0,"5":0,"6":0,"7":0,"8":0,"9":0,"10":0,"11":0,"12":0,"13":0,"14":0,"15":0,"16":0,"17":0,"18":0,"19":0,"20":0,"21":0,"22":0,"23":0,"24":0,"25":0,"26":0,"27":4,"28":4,"29":3,"30":3,"31":3,"32":3,"33":3,"34":0,"35":0,"36":3,"37":3,"38":3,"39":1,"40":1},"f":{"0":0,"1":0,"2":4},"b":{"0":[0,0],"1":[0,0],"2":[0,0],"3":[0,0],"4":[0,0],"5":[0,0,0,0]},"inputSourceMap":null,"_coverageSchema":"1a1c01bbd47fc00a2c39e90264f33305004495a9","hash":"462d23c916bb57f116bdd59d47c5b6a87b844d5e"}
,"/Users/darwinyo/Desktop/hacktiv8/p3/trizzy-app/server/schemas/userSchema.js": {"path":"/Users/darwinyo/Desktop/hacktiv8/p3/trizzy-app/server/schemas/userSchema.js","statementMap":{"0":{"start":{"line":4,"column":21},"end":{"line":41,"column":1}},"1":{"start":{"line":43,"column":22},"end":{"line":111,"column":1}},"2":{"start":{"line":46,"column":6},"end":{"line":51,"column":7}},"3":{"start":{"line":47,"column":8},"end":{"line":47,"column":29}},"4":{"start":{"line":49,"column":8},"end":{"line":49,"column":53}},"5":{"start":{"line":50,"column":8},"end":{"line":50,"column":28}},"6":{"start":{"line":54,"column":6},"end":{"line":61,"column":7}},"7":{"start":{"line":55,"column":24},"end":{"line":55,"column":28}},"8":{"start":{"line":56,"column":21},"end":{"line":56,"column":48}},"9":{"start":{"line":57,"column":8},"end":{"line":57,"column":20}},"10":{"start":{"line":59,"column":8},"end":{"line":59,"column":57}},"11":{"start":{"line":60,"column":8},"end":{"line":60,"column":28}},"12":{"start":{"line":66,"column":6},"end":{"line":74,"column":7}},"13":{"start":{"line":67,"column":26},"end":{"line":67,"column":30}},"14":{"start":{"line":69,"column":24},"end":{"line":69,"column":50}},"15":{"start":{"line":70,"column":8},"end":{"line":70,"column":23}},"16":{"start":{"line":72,"column":8},"end":{"line":72,"column":54}},"17":{"start":{"line":73,"column":8},"end":{"line":73,"column":28}},"18":{"start":{"line":78,"column":6},"end":{"line":86,"column":7}},"19":{"start":{"line":79,"column":26},"end":{"line":79,"column":30}},"20":{"start":{"line":81,"column":23},"end":{"line":81,"column":52}},"21":{"start":{"line":82,"column":8},"end":{"line":82,"column":22}},"22":{"start":{"line":84,"column":8},"end":{"line":84,"column":57}},"23":{"start":{"line":85,"column":8},"end":{"line":85,"column":28}},"24":{"start":{"line":90,"column":6},"end":{"line":98,"column":7}},"25":{"start":{"line":91,"column":26},"end":{"line":91,"column":30}},"26":{"start":{"line":93,"column":24},"end":{"line":93,"column":47}},"27":{"start":{"line":94,"column":8},"end":{"line":94,"column":23}},"28":{"start":{"line":96,"column":8},"end":{"line":96,"column":51}},"29":{"start":{"line":97,"column":8},"end":{"line":97,"column":28}},"30":{"start":{"line":101,"column":6},"end":{"line":108,"column":7}},"31":{"start":{"line":102,"column":32},"end":{"line":102,"column":62}},"32":{"start":{"line":103,"column":25},"end":{"line":103,"column":59}},"33":{"start":{"line":104,"column":8},"end":{"line":104,"column":24}},"34":{"start":{"line":106,"column":8},"end":{"line":106,"column":61}},"35":{"start":{"line":107,"column":8},"end":{"line":107,"column":28}}},"fnMap":{"0":{"name":"(anonymous_0)","decl":{"start":{"line":45,"column":11},"end":{"line":45,"column":12}},"loc":{"start":{"line":45,"column":23},"end":{"line":52,"column":5}},"line":45},"1":{"name":"(anonymous_1)","decl":{"start":{"line":53,"column":17},"end":{"line":53,"column":18}},"loc":{"start":{"line":53,"column":42},"end":{"line":62,"column":5}},"line":53},"2":{"name":"(anonymous_2)","decl":{"start":{"line":65,"column":14},"end":{"line":65,"column":15}},"loc":{"start":{"line":65,"column":33},"end":{"line":75,"column":5}},"line":65},"3":{"name":"(anonymous_3)","decl":{"start":{"line":77,"column":17},"end":{"line":77,"column":18}},"loc":{"start":{"line":77,"column":36},"end":{"line":87,"column":5}},"line":77},"4":{"name":"(anonymous_4)","decl":{"start":{"line":89,"column":11},"end":{"line":89,"column":12}},"loc":{"start":{"line":89,"column":30},"end":{"line":99,"column":5}},"line":89},"5":{"name":"(anonymous_5)","decl":{"start":{"line":100,"column":21},"end":{"line":100,"column":22}},"loc":{"start":{"line":100,"column":47},"end":{"line":109,"column":5}},"line":100}},"branchMap":{},"s":{"0":1,"1":1,"2":0,"3":0,"4":0,"5":0,"6":0,"7":0,"8":0,"9":0,"10":0,"11":0,"12":0,"13":0,"14":0,"15":0,"16":0,"17":0,"18":0,"19":0,"20":0,"21":0,"22":0,"23":0,"24":1,"25":1,"26":1,"27":1,"28":0,"29":0,"30":0,"31":0,"32":0,"33":0,"34":0,"35":0},"f":{"0":0,"1":0,"2":0,"3":0,"4":1,"5":0},"b":{},"inputSourceMap":null,"_coverageSchema":"1a1c01bbd47fc00a2c39e90264f33305004495a9","hash":"3ee2f13aa1aaf29355bc113046b563fec75909d3"}
}
