TN:
SF:app.js
FN:33,(anonymous_0)
FN:107,startServer
FN:112,(anonymous_2)
FN:113,(anonymous_3)
FN:135,(anonymous_4)
FN:141,(anonymous_5)
FN:162,(anonymous_6)
FNF:7
FNH:3
FNDA:3,(anonymous_0)
FNDA:5,startServer
FNDA:0,(anonymous_2)
FNDA:0,(anonymous_3)
FNDA:0,(anonymous_4)
FNDA:5,(anonymous_5)
FNDA:0,(anonymous_6)
DA:26,5
DA:27,5
DA:29,5
DA:30,5
DA:33,5
DA:34,3
DA:42,3
DA:44,3
DA:47,3
DA:52,3
DA:53,3
DA:55,3
DA:56,1
DA:59,2
DA:63,2
DA:64,0
DA:65,0
DA:66,0
DA:67,0
DA:71,2
DA:72,1
DA:73,1
DA:74,1
DA:75,1
DA:78,1
DA:79,1
DA:80,1
DA:83,0
DA:85,0
DA:86,0
DA:90,5
DA:108,5
DA:109,5
DA:113,0
DA:114,0
DA:115,0
DA:116,0
DA:121,0
DA:123,0
DA:124,0
DA:125,0
DA:127,0
DA:128,0
DA:129,0
DA:131,0
DA:132,0
DA:135,0
DA:140,5
DA:141,5
DA:142,5
DA:143,5
DA:160,5
DA:161,0
DA:162,0
DA:163,0
DA:164,0
DA:171,5
DA:172,0
LF:58
LH:32
BRDA:55,0,0,1
BRDA:55,0,1,2
BRDA:63,1,0,0
BRDA:63,1,1,2
BRDA:64,2,0,0
BRDA:64,2,1,0
BRDA:71,3,0,1
BRDA:71,3,1,1
BRDA:75,4,0,1
BRDA:75,4,1,0
BRDA:115,5,0,0
BRDA:115,5,1,0
BRDA:124,6,0,0
BRDA:124,6,1,0
BRDA:128,7,0,0
BRDA:128,7,1,0
BRDA:140,8,0,5
BRDA:140,8,1,0
BRDA:160,9,0,0
BRDA:160,9,1,5
BRDA:160,10,0,5
BRDA:160,10,1,0
BRDA:161,11,0,0
BRDA:161,11,1,0
BRDA:171,12,0,0
BRDA:171,12,1,5
BRF:26
BRH:10
end_of_record
TN:
SF:config/mongodb.js
FN:9,connect
FN:38,(anonymous_1)
FNF:2
FNH:2
FNDA:5,connect
FNDA:154,(anonymous_1)
DA:4,5
DA:6,5
DA:7,5
DA:10,5
DA:11,5
DA:12,5
DA:13,5
DA:14,5
DA:15,5
DA:16,5
DA:18,5
DA:19,5
DA:20,5
DA:22,0
DA:23,0
DA:24,0
DA:26,0
DA:27,0
DA:28,0
DA:31,5
DA:32,5
DA:34,0
DA:38,5
DA:39,154
DA:41,154
LF:25
LH:18
BRDA:14,0,0,5
BRDA:14,0,1,0
BRDA:16,1,0,5
BRDA:16,1,1,0
BRDA:16,1,2,0
BRDA:39,2,0,5
BRDA:39,2,1,149
BRF:7
BRH:4
end_of_record
TN:
SF:helpers/bcryptjs.js
FN:3,(anonymous_0)
FN:7,(anonymous_1)
FNF:2
FNH:2
FNDA:18,(anonymous_0)
FNDA:6,(anonymous_1)
DA:3,5
DA:4,18
DA:7,5
DA:8,6
LF:4
LH:4
BRF:0
BRH:0
end_of_record
TN:
SF:helpers/errorHandler.js
FN:3,(anonymous_0)
FNF:1
FNH:1
FNDA:54,(anonymous_0)
DA:3,5
DA:4,54
DA:5,0
DA:12,54
DA:13,2
DA:20,52
DA:21,52
DA:23,23
DA:30,18
DA:37,0
DA:44,11
DA:51,0
LF:12
LH:9
BRDA:4,0,0,0
BRDA:4,0,1,54
BRDA:12,1,0,2
BRDA:12,1,1,52
BRDA:12,2,0,54
BRDA:12,2,1,54
BRDA:21,3,0,23
BRDA:21,3,1,18
BRDA:21,3,2,0
BRDA:21,3,3,11
BRDA:21,3,4,0
BRF:11
BRH:8
end_of_record
TN:
SF:helpers/jwt.js
FN:4,(anonymous_0)
FN:8,(anonymous_1)
FNF:2
FNH:1
FNDA:5,(anonymous_0)
FNDA:0,(anonymous_1)
DA:2,5
DA:4,5
DA:5,5
DA:8,5
DA:9,0
LF:5
LH:4
BRF:0
BRH:0
end_of_record
TN:
SF:helpers/mailer.js
FN:6,sendMail
FN:44,(anonymous_1)
FNF:2
FNH:1
FNDA:2,sendMail
FNDA:0,(anonymous_1)
DA:5,5
DA:15,2
DA:26,2
DA:27,2
DA:28,2
DA:35,2
DA:37,2
DA:44,2
DA:45,0
DA:46,0
DA:48,0
LF:11
LH:8
BRDA:45,0,0,0
BRDA:45,0,1,0
BRF:2
BRH:0
end_of_record
TN:
SF:helpers/midtrans.js
FN:14,(anonymous_0)
FN:28,(anonymous_1)
FNF:2
FNH:2
FNDA:5,(anonymous_0)
FNDA:3,(anonymous_1)
DA:4,5
DA:14,5
DA:15,5
DA:16,5
DA:17,4
DA:19,1
DA:20,1
DA:28,5
DA:29,3
DA:30,3
DA:43,3
DA:44,1
DA:46,1
DA:49,1
DA:50,1
LF:15
LH:15
BRDA:43,0,0,1
BRDA:43,0,1,1
BRF:2
BRH:2
end_of_record
TN:
SF:helpers/pplxai.js
FN:4,(anonymous_0)
FN:38,(anonymous_1)
FN:72,(anonymous_2)
FN:104,(anonymous_3)
FNF:4
FNH:0
FNDA:0,(anonymous_0)
FNDA:0,(anonymous_1)
FNDA:0,(anonymous_2)
FNDA:0,(anonymous_3)
DA:4,5
DA:5,0
DA:26,0
DA:27,0
DA:31,0
DA:32,0
DA:34,0
DA:38,5
DA:39,0
DA:60,0
DA:61,0
DA:65,0
DA:66,0
DA:68,0
DA:72,5
DA:73,0
DA:92,0
DA:93,0
DA:97,0
DA:98,0
DA:100,0
DA:104,5
DA:105,0
DA:124,0
DA:125,0
DA:129,0
DA:130,0
DA:132,0
LF:28
LH:4
BRF:0
BRH:0
end_of_record
TN:
SF:helpers/scrapeCoordinate.js
FN:75,(anonymous_0)
FNF:1
FNH:0
FNDA:0,(anonymous_0)
DA:75,5
DA:76,0
DA:82,0
DA:83,0
DA:86,0
DA:87,0
DA:91,0
DA:92,0
LF:8
LH:1
BRDA:86,0,0,0
BRDA:86,0,1,0
BRF:2
BRH:0
end_of_record
TN:
SF:helpers/scrapeImage.js
FN:8,getImages
FN:11,(anonymous_1)
FN:13,(anonymous_2)
FN:15,(anonymous_3)
FN:40,getCityImages
FN:43,(anonymous_5)
FNF:6
FNH:0
FNDA:0,getImages
FNDA:0,(anonymous_1)
FNDA:0,(anonymous_2)
FNDA:0,(anonymous_3)
FNDA:0,getCityImages
FNDA:0,(anonymous_5)
DA:9,0
DA:10,0
DA:12,0
DA:14,0
DA:16,0
DA:20,0
DA:26,0
DA:32,0
DA:38,0
DA:41,0
DA:42,0
DA:44,0
DA:48,0
DA:54,0
LF:14
LH:0
BRF:0
BRH:0
end_of_record
TN:
SF:models/Chat.js
FN:8,(anonymous_0)
FN:14,(anonymous_1)
FN:41,(anonymous_2)
FN:98,(anonymous_3)
FN:127,(anonymous_4)
FN:143,(anonymous_5)
FNF:6
FNH:6
FNDA:27,(anonymous_0)
FNDA:10,(anonymous_1)
FNDA:5,(anonymous_2)
FNDA:5,(anonymous_3)
FNDA:4,(anonymous_4)
FNDA:7,(anonymous_5)
DA:9,27
DA:10,27
DA:11,27
DA:15,10
DA:16,10
DA:17,2
DA:22,8
DA:23,2
DA:28,6
DA:32,6
DA:33,2
DA:38,4
DA:42,5
DA:43,5
DA:44,5
DA:45,1
DA:52,4
DA:53,4
DA:56,4
DA:57,4
DA:58,3
DA:60,1
DA:67,3
DA:68,1
DA:76,2
DA:77,2
DA:79,2
DA:94,2
DA:95,2
DA:99,5
DA:100,5
DA:101,5
DA:102,1
DA:107,4
DA:108,1
DA:113,3
DA:114,3
DA:115,1
DA:120,2
DA:121,1
DA:127,4
DA:128,1
DA:130,1
DA:131,1
DA:132,1
DA:136,1
DA:140,1
DA:144,7
DA:145,7
DA:146,7
DA:147,1
DA:152,6
DA:153,1
DA:158,5
DA:159,1
DA:164,4
DA:165,4
DA:166,1
DA:171,3
DA:172,1
DA:178,2
DA:179,2
DA:183,2
DA:187,2
LF:64
LH:64
BRDA:16,0,0,2
BRDA:16,0,1,8
BRDA:22,1,0,2
BRDA:22,1,1,6
BRDA:32,2,0,2
BRDA:32,2,1,4
BRDA:44,3,0,1
BRDA:44,3,1,4
BRDA:53,4,0,4
BRDA:53,4,1,0
BRDA:57,5,0,3
BRDA:57,5,1,1
BRDA:67,6,0,1
BRDA:67,6,1,2
BRDA:101,7,0,1
BRDA:101,7,1,4
BRDA:107,8,0,1
BRDA:107,8,1,3
BRDA:114,9,0,1
BRDA:114,9,1,2
BRDA:120,10,0,1
BRDA:120,10,1,1
BRDA:146,11,0,1
BRDA:146,11,1,6
BRDA:152,12,0,1
BRDA:152,12,1,5
BRDA:158,13,0,1
BRDA:158,13,1,4
BRDA:165,14,0,1
BRDA:165,14,1,3
BRDA:171,15,0,1
BRDA:171,15,1,2
BRF:32
BRH:31
end_of_record
TN:
SF:models/Recommendation.js
FN:13,(anonymous_0)
FN:19,(anonymous_1)
FN:25,(anonymous_2)
FN:37,(anonymous_3)
FN:43,(anonymous_4)
FN:94,(anonymous_5)
FN:110,(anonymous_6)
FN:111,(anonymous_7)
FN:147,(anonymous_8)
FN:161,(anonymous_9)
FN:169,(anonymous_10)
FN:194,(anonymous_11)
FN:195,(anonymous_12)
FN:271,(anonymous_13)
FN:289,(anonymous_14)
FN:323,(anonymous_15)
FN:371,(anonymous_16)
FN:379,(anonymous_17)
FN:401,(anonymous_18)
FN:425,(anonymous_19)
FNF:20
FNH:20
FNDA:8,(anonymous_0)
FNDA:1,(anonymous_1)
FNDA:7,(anonymous_2)
FNDA:44,(anonymous_3)
FNDA:5,(anonymous_4)
FNDA:5,(anonymous_5)
FNDA:4,(anonymous_6)
FNDA:2,(anonymous_7)
FNDA:1,(anonymous_8)
FNDA:4,(anonymous_9)
FNDA:4,(anonymous_10)
FNDA:4,(anonymous_11)
FNDA:2,(anonymous_12)
FNDA:3,(anonymous_13)
FNDA:4,(anonymous_14)
FNDA:5,(anonymous_15)
FNDA:2,(anonymous_16)
FNDA:3,(anonymous_17)
FNDA:5,(anonymous_18)
FNDA:5,(anonymous_19)
DA:14,8
DA:15,8
DA:16,8
DA:20,1
DA:21,1
DA:22,1
DA:26,7
DA:27,7
DA:28,2
DA:33,5
DA:34,5
DA:38,44
DA:39,44
DA:40,44
DA:44,5
DA:46,5
DA:47,4
DA:48,4
DA:49,1
DA:54,3
DA:55,0
DA:60,3
DA:61,1
DA:66,2
DA:70,2
DA:71,1
DA:76,1
DA:77,1
DA:87,1
DA:89,1
DA:90,1
DA:91,1
DA:95,5
DA:96,5
DA:97,5
DA:98,2
DA:99,0
DA:104,2
DA:105,2
DA:106,1
DA:107,1
DA:109,1
DA:110,4
DA:111,2
DA:138,1
DA:147,1
DA:148,1
DA:157,1
DA:158,1
DA:162,4
DA:163,4
DA:166,4
DA:170,4
DA:171,4
DA:172,4
DA:173,1
DA:178,3
DA:181,3
DA:182,2
DA:183,2
DA:185,1
DA:186,1
DA:187,1
DA:188,0
DA:193,1
DA:194,4
DA:195,2
DA:197,1
DA:198,1
DA:199,1
DA:242,1
DA:243,1
DA:259,1
DA:264,1
DA:268,1
DA:272,3
DA:273,3
DA:274,1
DA:279,2
DA:280,2
DA:281,1
DA:286,1
DA:290,4
DA:291,4
DA:292,4
DA:293,1
DA:298,3
DA:299,1
DA:305,2
DA:309,2
DA:310,1
DA:316,1
DA:320,1
DA:324,5
DA:325,5
DA:326,5
DA:327,1
DA:332,4
DA:333,1
DA:338,3
DA:339,1
DA:344,2
DA:348,2
DA:349,1
DA:356,1
DA:357,1
DA:359,0
DA:362,1
DA:364,1
DA:368,1
DA:372,2
DA:373,2
DA:376,2
DA:380,3
DA:381,3
DA:384,3
DA:385,1
DA:390,2
DA:391,1
DA:393,1
DA:394,1
DA:398,1
DA:402,5
DA:403,5
DA:404,5
DA:407,5
DA:408,1
DA:413,4
DA:414,1
DA:419,3
DA:420,1
DA:422,2
DA:426,5
DA:427,5
DA:428,5
DA:429,1
DA:434,4
DA:435,1
DA:440,3
DA:443,3
DA:444,3
DA:445,3
DA:446,1
DA:452,2
DA:453,0
DA:455,2
DA:458,2
DA:459,2
DA:460,2
DA:461,2
DA:462,2
DA:463,2
DA:464,2
DA:465,2
DA:466,2
DA:467,2
DA:469,0
DA:470,0
LF:158
LH:151
BRDA:27,0,0,2
BRDA:27,0,1,5
BRDA:48,1,0,1
BRDA:48,1,1,3
BRDA:54,2,0,0
BRDA:54,2,1,3
BRDA:60,3,0,1
BRDA:60,3,1,2
BRDA:70,4,0,1
BRDA:70,4,1,1
BRDA:98,5,0,0
BRDA:98,5,1,2
BRDA:105,6,0,1
BRDA:105,6,1,1
BRDA:172,7,0,1
BRDA:172,7,1,3
BRDA:181,8,0,2
BRDA:181,8,1,1
BRDA:187,9,0,0
BRDA:187,9,1,1
BRDA:273,10,0,1
BRDA:273,10,1,2
BRDA:280,11,0,1
BRDA:280,11,1,1
BRDA:292,12,0,1
BRDA:292,12,1,3
BRDA:298,13,0,1
BRDA:298,13,1,2
BRDA:309,14,0,1
BRDA:309,14,1,1
BRDA:326,15,0,1
BRDA:326,15,1,4
BRDA:332,16,0,1
BRDA:332,16,1,3
BRDA:338,17,0,1
BRDA:338,17,1,2
BRDA:348,18,0,1
BRDA:348,18,1,1
BRDA:384,19,0,1
BRDA:384,19,1,2
BRDA:390,20,0,1
BRDA:390,20,1,1
BRDA:407,21,0,1
BRDA:407,21,1,4
BRDA:413,22,0,1
BRDA:413,22,1,3
BRDA:419,23,0,1
BRDA:419,23,1,2
BRDA:428,24,0,1
BRDA:428,24,1,4
BRDA:434,25,0,1
BRDA:434,25,1,3
BRDA:445,26,0,1
BRDA:445,26,1,2
BRDA:452,27,0,0
BRDA:452,27,1,2
BRF:56
BRH:52
end_of_record
TN:
SF:models/Subscription.js
FN:5,(anonymous_0)
FN:11,(anonymous_1)
FN:57,(anonymous_2)
FN:79,(anonymous_3)
FN:98,(anonymous_4)
FNF:5
FNH:5
FNDA:23,(anonymous_0)
FNDA:4,(anonymous_1)
FNDA:15,(anonymous_2)
FNDA:10,(anonymous_3)
FNDA:4,(anonymous_4)
DA:6,23
DA:7,23
DA:8,23
DA:12,4
DA:13,4
DA:15,4
DA:16,1
DA:29,3
DA:30,3
DA:31,0
DA:37,3
DA:38,3
DA:39,3
DA:45,3
DA:54,3
DA:58,15
DA:60,15
DA:61,2
DA:67,13
DA:76,13
DA:80,10
DA:81,9
DA:82,2
DA:83,2
DA:84,2
DA:85,2
DA:86,1
DA:88,1
DA:91,1
DA:94,7
DA:99,4
DA:100,4
LF:32
LH:31
BRDA:15,0,0,1
BRDA:15,0,1,3
BRDA:30,1,0,0
BRDA:30,1,1,3
BRDA:60,2,0,2
BRDA:60,2,1,13
BRDA:81,3,0,2
BRDA:81,3,1,7
BRDA:81,4,0,9
BRDA:81,4,1,4
BRDA:85,5,0,1
BRDA:85,5,1,1
BRDA:85,6,0,2
BRDA:85,6,1,2
BRF:14
BRH:13
end_of_record
TN:
SF:models/User.js
FN:9,(anonymous_0)
FN:15,(anonymous_1)
FN:75,(anonymous_2)
FN:125,(anonymous_3)
FN:168,(anonymous_4)
FN:177,(anonymous_5)
FNF:6
FNH:6
FNDA:48,(anonymous_0)
FNDA:23,(anonymous_1)
FNDA:2,(anonymous_2)
FNDA:8,(anonymous_3)
FNDA:8,(anonymous_4)
FNDA:7,(anonymous_5)
DA:10,48
DA:11,48
DA:12,48
DA:16,23
DA:18,23
DA:20,23
DA:21,1
DA:27,22
DA:28,1
DA:34,21
DA:35,1
DA:41,20
DA:42,20
DA:43,1
DA:49,19
DA:50,1
DA:56,18
DA:57,1
DA:63,17
DA:64,17
DA:71,17
DA:72,17
DA:76,2
DA:78,2
DA:79,2
DA:84,2
DA:85,1
DA:91,1
DA:93,1
DA:97,1
DA:98,1
DA:106,1
DA:107,1
DA:113,1
DA:117,1
DA:122,1
DA:126,8
DA:128,8
DA:130,8
DA:131,1
DA:137,7
DA:138,1
DA:144,6
DA:145,6
DA:146,1
DA:152,5
DA:153,5
DA:154,1
DA:160,4
DA:161,4
DA:165,4
DA:169,8
DA:170,8
DA:171,8
DA:172,1
DA:174,7
DA:178,7
DA:179,7
DA:180,7
DA:181,1
DA:183,6
DA:184,2
DA:190,4
DA:191,4
DA:195,4
LF:65
LH:65
BRDA:20,0,0,1
BRDA:20,0,1,22
BRDA:20,1,0,23
BRDA:20,1,1,22
BRDA:27,2,0,1
BRDA:27,2,1,21
BRDA:27,3,0,22
BRDA:27,3,1,21
BRDA:34,4,0,1
BRDA:34,4,1,20
BRDA:42,5,0,1
BRDA:42,5,1,19
BRDA:49,6,0,1
BRDA:49,6,1,18
BRDA:49,7,0,19
BRDA:49,7,1,18
BRDA:56,8,0,1
BRDA:56,8,1,17
BRDA:84,9,0,1
BRDA:84,9,1,1
BRDA:97,10,0,1
BRDA:97,10,1,0
BRDA:130,11,0,1
BRDA:130,11,1,7
BRDA:130,12,0,8
BRDA:130,12,1,7
BRDA:137,13,0,1
BRDA:137,13,1,6
BRDA:137,14,0,7
BRDA:137,14,1,6
BRDA:145,15,0,1
BRDA:145,15,1,5
BRDA:153,16,0,1
BRDA:153,16,1,4
BRDA:171,17,0,1
BRDA:171,17,1,7
BRDA:180,18,0,1
BRDA:180,18,1,6
BRDA:183,19,0,2
BRDA:183,19,1,4
BRF:40
BRH:39
end_of_record
TN:
SF:schemas/chatSchema.js
FN:33,(anonymous_0)
FN:46,(anonymous_1)
FN:58,(anonymous_2)
FN:69,(anonymous_3)
FNF:4
FNH:4
FNDA:4,(anonymous_0)
FNDA:5,(anonymous_1)
FNDA:5,(anonymous_2)
FNDA:7,(anonymous_3)
DA:4,5
DA:31,5
DA:34,4
DA:35,4
DA:36,4
DA:37,4
DA:38,1
DA:40,3
DA:41,3
DA:47,5
DA:48,5
DA:49,5
DA:50,5
DA:51,5
DA:52,2
DA:54,3
DA:55,3
DA:59,5
DA:60,5
DA:61,5
DA:62,5
DA:63,1
DA:65,4
DA:66,4
DA:70,7
DA:71,7
DA:72,7
DA:73,7
DA:74,7
DA:75,2
DA:77,5
DA:78,5
LF:32
LH:32
BRF:0
BRH:0
end_of_record
TN:
SF:schemas/recommendationSchema.js
FN:70,(anonymous_0)
FN:74,(anonymous_1)
FN:86,(anonymous_2)
FN:96,(anonymous_3)
FN:106,(anonymous_4)
FN:116,(anonymous_5)
FN:128,(anonymous_6)
FN:142,(anonymous_7)
FN:156,(anonymous_8)
FN:170,(anonymous_9)
FN:184,(anonymous_10)
FN:196,(anonymous_11)
FN:209,(anonymous_12)
FNF:13
FNH:13
FNDA:1,(anonymous_0)
FNDA:2,(anonymous_1)
FNDA:2,(anonymous_2)
FNDA:3,(anonymous_3)
FNDA:2,(anonymous_4)
FNDA:5,(anonymous_5)
FNDA:5,(anonymous_6)
FNDA:5,(anonymous_7)
FNDA:4,(anonymous_8)
FNDA:4,(anonymous_9)
FNDA:5,(anonymous_10)
FNDA:3,(anonymous_11)
FNDA:5,(anonymous_12)
DA:4,5
DA:68,5
DA:71,1
DA:72,1
DA:75,2
DA:76,2
DA:77,2
DA:80,1
DA:82,1
DA:83,1
DA:87,2
DA:88,2
DA:89,2
DA:90,2
DA:92,0
DA:93,0
DA:97,3
DA:98,3
DA:99,3
DA:100,1
DA:102,2
DA:103,2
DA:107,2
DA:108,2
DA:109,2
DA:110,2
DA:112,0
DA:113,0
DA:117,5
DA:118,5
DA:119,5
DA:120,3
DA:122,2
DA:123,2
DA:129,5
DA:130,5
DA:131,5
DA:132,5
DA:136,1
DA:138,4
DA:139,4
DA:143,5
DA:144,5
DA:145,5
DA:146,5
DA:150,2
DA:152,3
DA:153,3
DA:157,4
DA:158,4
DA:159,4
DA:160,4
DA:164,3
DA:166,1
DA:167,1
DA:171,4
DA:172,4
DA:173,4
DA:174,4
DA:178,1
DA:180,3
DA:181,3
DA:185,5
DA:186,5
DA:187,5
DA:188,5
DA:189,5
DA:190,1
DA:192,4
DA:193,4
DA:197,3
DA:198,3
DA:199,3
DA:200,3
DA:203,2
DA:205,1
DA:206,1
DA:210,5
DA:211,5
DA:212,5
DA:213,5
DA:214,5
DA:215,2
DA:217,3
DA:218,3
LF:85
LH:81
BRF:0
BRH:0
end_of_record
TN:
SF:schemas/subscriptionSchema.js
FN:34,(anonymous_0)
FN:91,(anonymous_1)
FN:103,(anonymous_2)
FNF:3
FNH:3
FNDA:5,(anonymous_0)
FNDA:3,(anonymous_1)
FNDA:5,(anonymous_2)
DA:8,5
DA:32,5
DA:35,5
DA:36,5
DA:37,5
DA:38,5
DA:39,4
DA:41,4
DA:42,1
DA:47,3
DA:48,3
DA:56,2
DA:61,2
DA:66,1
DA:70,1
DA:71,1
DA:77,1
DA:81,1
DA:85,2
DA:87,2
DA:88,2
DA:92,3
DA:93,3
DA:94,3
DA:95,2
DA:97,1
DA:98,1
DA:104,5
DA:105,5
DA:108,5
DA:110,5
DA:113,5
DA:131,5
DA:132,5
DA:134,1
DA:135,1
DA:139,4
DA:151,3
DA:154,3
DA:156,2
DA:157,2
LF:41
LH:41
BRDA:41,0,0,1
BRDA:41,0,1,3
BRDA:47,1,0,3
BRDA:47,1,1,0
BRDA:61,2,0,1
BRDA:61,2,1,1
BRDA:62,3,0,2
BRDA:62,3,1,1
BRDA:71,4,0,1
BRDA:71,4,1,0
BRDA:72,5,0,1
BRDA:72,5,1,1
BRDA:72,5,2,1
BRDA:72,5,3,1
BRF:14
BRH:12
end_of_record
TN:
SF:schemas/userSchema.js
FN:44,(anonymous_0)
FN:56,(anonymous_1)
FN:68,(anonymous_2)
FN:80,(anonymous_3)
FN:91,(anonymous_4)
FNF:5
FNH:5
FNDA:2,(anonymous_0)
FNDA:9,(anonymous_1)
FNDA:2,(anonymous_2)
FNDA:8,(anonymous_3)
FNDA:4,(anonymous_4)
DA:4,5
DA:42,5
DA:45,2
DA:46,2
DA:47,2
DA:48,1
DA:50,1
DA:51,1
DA:57,9
DA:58,9
DA:60,9
DA:61,8
DA:63,1
DA:64,1
DA:69,2
DA:70,2
DA:72,2
DA:73,1
DA:75,1
DA:76,1
DA:81,8
DA:82,8
DA:84,8
DA:85,4
DA:87,4
DA:88,4
DA:92,4
DA:93,4
DA:94,4
DA:95,1
DA:97,3
DA:98,3
LF:32
LH:32
BRF:0
BRH:0
end_of_record
