TN:
SF:app.js
FN:33,(anonymous_0)
FN:107,startServer
FN:112,(anonymous_2)
FN:113,(anonymous_3)
FN:135,(anonymous_4)
FN:142,(anonymous_5)
FNF:6
FNH:4
FNDA:0,(anonymous_0)
FNDA:1,startServer
FNDA:7,(anonymous_2)
FNDA:4,(anonymous_3)
FNDA:4,(anonymous_4)
FNDA:0,(anonymous_5)
DA:26,1
DA:27,1
DA:29,1
DA:30,1
DA:33,1
DA:34,0
DA:42,0
DA:44,0
DA:47,0
DA:52,0
DA:53,0
DA:55,0
DA:56,0
DA:59,0
DA:63,0
DA:64,0
DA:65,0
DA:66,0
DA:67,0
DA:71,0
DA:72,0
DA:73,0
DA:74,0
DA:75,0
DA:78,0
DA:79,0
DA:80,0
DA:83,0
DA:85,0
DA:86,0
DA:90,1
DA:108,1
DA:109,1
DA:113,7
DA:114,4
DA:115,4
DA:116,1
DA:121,3
DA:123,3
DA:124,3
DA:125,0
DA:127,3
DA:128,3
DA:129,0
DA:131,3
DA:132,3
DA:135,7
DA:140,1
DA:141,0
DA:142,0
DA:143,0
DA:146,0
DA:154,1
DA:155,0
LF:54
LH:22
BRDA:55,0,0,0
BRDA:55,0,1,0
BRDA:63,1,0,0
BRDA:63,1,1,0
BRDA:64,2,0,0
BRDA:64,2,1,0
BRDA:71,3,0,0
BRDA:71,3,1,0
BRDA:75,4,0,0
BRDA:75,4,1,0
BRDA:115,5,0,1
BRDA:115,5,1,3
BRDA:124,6,0,0
BRDA:124,6,1,3
BRDA:128,7,0,0
BRDA:128,7,1,3
BRDA:140,8,0,0
BRDA:140,8,1,1
BRDA:141,9,0,0
BRDA:141,9,1,0
BRDA:154,10,0,0
BRDA:154,10,1,1
BRF:22
BRH:6
end_of_record
TN:
SF:config/mongodb.js
FN:9,connect
FN:38,(anonymous_1)
FNF:2
FNH:2
FNDA:1,connect
FNDA:11,(anonymous_1)
DA:4,1
DA:6,1
DA:7,1
DA:10,1
DA:11,1
DA:12,1
DA:13,1
DA:14,1
DA:15,1
DA:16,1
DA:18,1
DA:19,1
DA:20,1
DA:22,0
DA:23,0
DA:24,0
DA:26,0
DA:27,0
DA:28,0
DA:31,1
DA:32,1
DA:34,0
DA:38,1
DA:39,11
DA:41,11
LF:25
LH:18
BRDA:14,0,0,1
BRDA:14,0,1,0
BRDA:16,1,0,1
BRDA:16,1,1,0
BRDA:16,1,2,0
BRDA:39,2,0,1
BRDA:39,2,1,10
BRF:7
BRH:4
end_of_record
TN:
SF:helpers/bcryptjs.js
FN:3,(anonymous_0)
FN:7,(anonymous_1)
FNF:2
FNH:2
FNDA:1,(anonymous_0)
FNDA:1,(anonymous_1)
DA:3,1
DA:4,1
DA:7,1
DA:8,1
LF:4
LH:4
BRF:0
BRH:0
end_of_record
TN:
SF:helpers/errorHandler.js
FN:3,(anonymous_0)
FNF:1
FNH:1
FNDA:1,(anonymous_0)
DA:3,1
DA:4,1
DA:5,0
DA:12,1
DA:13,0
DA:20,1
DA:21,1
DA:23,0
DA:30,1
DA:37,0
DA:44,0
DA:51,0
LF:12
LH:6
BRDA:4,0,0,0
BRDA:4,0,1,1
BRDA:12,1,0,0
BRDA:12,1,1,1
BRDA:12,2,0,1
BRDA:12,2,1,1
BRDA:21,3,0,0
BRDA:21,3,1,1
BRDA:21,3,2,0
BRDA:21,3,3,0
BRDA:21,3,4,0
BRF:11
BRH:5
end_of_record
TN:
SF:helpers/jwt.js
FN:4,(anonymous_0)
FN:8,(anonymous_1)
FNF:2
FNH:2
FNDA:1,(anonymous_0)
FNDA:3,(anonymous_1)
DA:2,1
DA:4,1
DA:5,1
DA:8,1
DA:9,3
LF:5
LH:5
BRF:0
BRH:0
end_of_record
TN:
SF:helpers/mailer.js
FN:6,sendMail
FN:44,(anonymous_1)
FNF:2
FNH:0
FNDA:0,sendMail
FNDA:0,(anonymous_1)
DA:5,1
DA:15,0
DA:26,0
DA:27,0
DA:28,0
DA:35,0
DA:37,0
DA:44,0
DA:45,0
DA:46,0
DA:48,0
LF:11
LH:1
BRDA:45,0,0,0
BRDA:45,0,1,0
BRF:2
BRH:0
end_of_record
TN:
SF:helpers/midtrans.js
FN:14,(anonymous_0)
FN:28,(anonymous_1)
FNF:2
FNH:1
FNDA:3,(anonymous_0)
FNDA:0,(anonymous_1)
DA:4,1
DA:14,1
DA:15,3
DA:16,3
DA:17,3
DA:19,0
DA:20,0
DA:28,1
DA:29,0
DA:30,0
DA:41,0
DA:42,0
DA:44,0
DA:45,0
LF:14
LH:6
BRF:0
BRH:0
end_of_record
TN:
SF:helpers/pplxai.js
FN:3,(anonymous_0)
FN:37,(anonymous_1)
FN:71,(anonymous_2)
FN:103,(anonymous_3)
FNF:4
FNH:0
FNDA:0,(anonymous_0)
FNDA:0,(anonymous_1)
FNDA:0,(anonymous_2)
FNDA:0,(anonymous_3)
DA:3,1
DA:4,0
DA:25,0
DA:26,0
DA:30,0
DA:31,0
DA:33,0
DA:37,1
DA:38,0
DA:59,0
DA:60,0
DA:64,0
DA:65,0
DA:67,0
DA:71,1
DA:72,0
DA:91,0
DA:92,0
DA:96,0
DA:97,0
DA:99,0
DA:103,1
DA:104,0
DA:123,0
DA:124,0
DA:128,0
DA:129,0
DA:131,0
LF:28
LH:4
BRF:0
BRH:0
end_of_record
TN:
SF:helpers/scrapeCoordinate.js
FN:75,(anonymous_0)
FNF:1
FNH:0
FNDA:0,(anonymous_0)
DA:75,1
DA:76,0
DA:82,0
DA:83,0
DA:86,0
DA:87,0
DA:91,0
DA:92,0
LF:8
LH:1
BRDA:86,0,0,0
BRDA:86,0,1,0
BRF:2
BRH:0
end_of_record
TN:
SF:helpers/scrapeImage.js
FN:8,getImages
FN:11,(anonymous_1)
FN:13,(anonymous_2)
FN:15,(anonymous_3)
FN:40,getCityImages
FN:43,(anonymous_5)
FNF:6
FNH:0
FNDA:0,getImages
FNDA:0,(anonymous_1)
FNDA:0,(anonymous_2)
FNDA:0,(anonymous_3)
FNDA:0,getCityImages
FNDA:0,(anonymous_5)
DA:9,0
DA:10,0
DA:12,0
DA:14,0
DA:16,0
DA:20,0
DA:26,0
DA:32,0
DA:38,0
DA:41,0
DA:42,0
DA:44,0
DA:48,0
DA:54,0
LF:14
LH:0
BRF:0
BRH:0
end_of_record
TN:
SF:models/Chat.js
FN:8,(anonymous_0)
FN:14,(anonymous_1)
FN:41,(anonymous_2)
FN:95,(anonymous_3)
FN:124,(anonymous_4)
FN:140,(anonymous_5)
FNF:6
FNH:0
FNDA:0,(anonymous_0)
FNDA:0,(anonymous_1)
FNDA:0,(anonymous_2)
FNDA:0,(anonymous_3)
FNDA:0,(anonymous_4)
FNDA:0,(anonymous_5)
DA:9,0
DA:10,0
DA:11,0
DA:15,0
DA:16,0
DA:17,0
DA:22,0
DA:23,0
DA:28,0
DA:32,0
DA:33,0
DA:38,0
DA:42,0
DA:43,0
DA:44,0
DA:45,0
DA:52,0
DA:53,0
DA:56,0
DA:57,0
DA:58,0
DA:60,0
DA:67,0
DA:68,0
DA:73,0
DA:74,0
DA:76,0
DA:91,0
DA:92,0
DA:96,0
DA:97,0
DA:98,0
DA:99,0
DA:104,0
DA:105,0
DA:110,0
DA:111,0
DA:112,0
DA:117,0
DA:118,0
DA:124,0
DA:125,0
DA:126,0
DA:128,0
DA:129,0
DA:133,0
DA:137,0
DA:141,0
DA:142,0
DA:143,0
DA:144,0
DA:149,0
DA:150,0
DA:155,0
DA:156,0
DA:161,0
DA:162,0
DA:163,0
DA:168,0
DA:169,0
DA:175,0
DA:176,0
DA:180,0
DA:184,0
LF:64
LH:0
BRDA:16,0,0,0
BRDA:16,0,1,0
BRDA:22,1,0,0
BRDA:22,1,1,0
BRDA:32,2,0,0
BRDA:32,2,1,0
BRDA:44,3,0,0
BRDA:44,3,1,0
BRDA:53,4,0,0
BRDA:53,4,1,0
BRDA:57,5,0,0
BRDA:57,5,1,0
BRDA:67,6,0,0
BRDA:67,6,1,0
BRDA:98,7,0,0
BRDA:98,7,1,0
BRDA:104,8,0,0
BRDA:104,8,1,0
BRDA:111,9,0,0
BRDA:111,9,1,0
BRDA:117,10,0,0
BRDA:117,10,1,0
BRDA:143,11,0,0
BRDA:143,11,1,0
BRDA:149,12,0,0
BRDA:149,12,1,0
BRDA:155,13,0,0
BRDA:155,13,1,0
BRDA:162,14,0,0
BRDA:162,14,1,0
BRDA:168,15,0,0
BRDA:168,15,1,0
BRF:32
BRH:0
end_of_record
TN:
SF:models/Recommendation.js
FN:16,(anonymous_0)
FN:22,(anonymous_1)
FN:28,(anonymous_2)
FN:34,(anonymous_3)
FN:40,(anonymous_4)
FN:91,(anonymous_5)
FN:107,(anonymous_6)
FN:108,(anonymous_7)
FN:126,(anonymous_8)
FN:135,(anonymous_9)
FN:149,(anonymous_10)
FN:157,(anonymous_11)
FN:182,(anonymous_12)
FN:183,(anonymous_13)
FN:207,(anonymous_14)
FN:220,(anonymous_15)
FN:223,(anonymous_16)
FN:244,(anonymous_17)
FN:250,(anonymous_18)
FN:284,(anonymous_19)
FN:332,(anonymous_20)
FN:340,(anonymous_21)
FN:362,(anonymous_22)
FN:386,(anonymous_23)
FNF:24
FNH:0
FNDA:0,(anonymous_0)
FNDA:0,(anonymous_1)
FNDA:0,(anonymous_2)
FNDA:0,(anonymous_3)
FNDA:0,(anonymous_4)
FNDA:0,(anonymous_5)
FNDA:0,(anonymous_6)
FNDA:0,(anonymous_7)
FNDA:0,(anonymous_8)
FNDA:0,(anonymous_9)
FNDA:0,(anonymous_10)
FNDA:0,(anonymous_11)
FNDA:0,(anonymous_12)
FNDA:0,(anonymous_13)
FNDA:0,(anonymous_14)
FNDA:0,(anonymous_15)
FNDA:0,(anonymous_16)
FNDA:0,(anonymous_17)
FNDA:0,(anonymous_18)
FNDA:0,(anonymous_19)
FNDA:0,(anonymous_20)
FNDA:0,(anonymous_21)
FNDA:0,(anonymous_22)
FNDA:0,(anonymous_23)
DA:17,0
DA:18,0
DA:19,0
DA:23,0
DA:24,0
DA:25,0
DA:29,0
DA:30,0
DA:31,0
DA:35,0
DA:36,0
DA:37,0
DA:41,0
DA:43,0
DA:44,0
DA:45,0
DA:46,0
DA:51,0
DA:52,0
DA:57,0
DA:58,0
DA:63,0
DA:67,0
DA:68,0
DA:73,0
DA:74,0
DA:84,0
DA:86,0
DA:87,0
DA:88,0
DA:92,0
DA:93,0
DA:94,0
DA:95,0
DA:96,0
DA:101,0
DA:102,0
DA:103,0
DA:104,0
DA:106,0
DA:107,0
DA:108,0
DA:113,0
DA:114,0
DA:116,0
DA:117,0
DA:118,0
DA:119,0
DA:121,0
DA:122,0
DA:123,0
DA:124,0
DA:126,0
DA:130,0
DA:131,0
DA:133,0
DA:135,0
DA:136,0
DA:145,0
DA:146,0
DA:150,0
DA:151,0
DA:154,0
DA:158,0
DA:159,0
DA:160,0
DA:161,0
DA:166,0
DA:169,0
DA:170,0
DA:171,0
DA:173,0
DA:174,0
DA:175,0
DA:176,0
DA:181,0
DA:182,0
DA:183,0
DA:185,0
DA:186,0
DA:187,0
DA:192,0
DA:193,0
DA:195,0
DA:196,0
DA:197,0
DA:200,0
DA:202,0
DA:203,0
DA:204,0
DA:205,0
DA:207,0
DA:210,0
DA:211,0
DA:212,0
DA:213,0
DA:214,0
DA:215,0
DA:216,0
DA:219,0
DA:220,0
DA:223,0
DA:232,0
DA:237,0
DA:241,0
DA:245,0
DA:246,0
DA:247,0
DA:251,0
DA:252,0
DA:253,0
DA:254,0
DA:259,0
DA:260,0
DA:266,0
DA:270,0
DA:271,0
DA:277,0
DA:281,0
DA:285,0
DA:286,0
DA:287,0
DA:288,0
DA:293,0
DA:294,0
DA:299,0
DA:300,0
DA:305,0
DA:309,0
DA:310,0
DA:317,0
DA:318,0
DA:320,0
DA:323,0
DA:325,0
DA:329,0
DA:333,0
DA:334,0
DA:337,0
DA:341,0
DA:342,0
DA:345,0
DA:346,0
DA:351,0
DA:352,0
DA:354,0
DA:355,0
DA:359,0
DA:363,0
DA:364,0
DA:365,0
DA:368,0
DA:369,0
DA:374,0
DA:375,0
DA:380,0
DA:381,0
DA:383,0
DA:387,0
DA:388,0
DA:389,0
DA:390,0
DA:395,0
DA:396,0
DA:401,0
DA:404,0
DA:405,0
DA:406,0
DA:407,0
DA:413,0
DA:414,0
DA:416,0
DA:419,0
DA:420,0
DA:421,0
DA:422,0
DA:423,0
DA:424,0
DA:425,0
DA:426,0
DA:427,0
DA:428,0
DA:430,0
DA:431,0
LF:184
LH:0
BRDA:45,0,0,0
BRDA:45,0,1,0
BRDA:51,1,0,0
BRDA:51,1,1,0
BRDA:57,2,0,0
BRDA:57,2,1,0
BRDA:67,3,0,0
BRDA:67,3,1,0
BRDA:95,4,0,0
BRDA:95,4,1,0
BRDA:102,5,0,0
BRDA:102,5,1,0
BRDA:123,6,0,0
BRDA:123,6,1,0
BRDA:160,7,0,0
BRDA:160,7,1,0
BRDA:169,8,0,0
BRDA:169,8,1,0
BRDA:175,9,0,0
BRDA:175,9,1,0
BRDA:204,10,0,0
BRDA:204,10,1,0
BRDA:253,11,0,0
BRDA:253,11,1,0
BRDA:259,12,0,0
BRDA:259,12,1,0
BRDA:270,13,0,0
BRDA:270,13,1,0
BRDA:287,14,0,0
BRDA:287,14,1,0
BRDA:293,15,0,0
BRDA:293,15,1,0
BRDA:299,16,0,0
BRDA:299,16,1,0
BRDA:309,17,0,0
BRDA:309,17,1,0
BRDA:345,18,0,0
BRDA:345,18,1,0
BRDA:351,19,0,0
BRDA:351,19,1,0
BRDA:368,20,0,0
BRDA:368,20,1,0
BRDA:374,21,0,0
BRDA:374,21,1,0
BRDA:380,22,0,0
BRDA:380,22,1,0
BRDA:389,23,0,0
BRDA:389,23,1,0
BRDA:395,24,0,0
BRDA:395,24,1,0
BRDA:406,25,0,0
BRDA:406,25,1,0
BRDA:413,26,0,0
BRDA:413,26,1,0
BRF:54
BRH:0
end_of_record
TN:
SF:models/Subscription.js
FN:5,(anonymous_0)
FN:11,(anonymous_1)
FN:58,(anonymous_2)
FN:80,(anonymous_3)
FN:99,(anonymous_4)
FNF:5
FNH:4
FNDA:6,(anonymous_0)
FNDA:3,(anonymous_1)
FNDA:3,(anonymous_2)
FNDA:3,(anonymous_3)
FNDA:0,(anonymous_4)
DA:6,6
DA:7,6
DA:8,6
DA:12,3
DA:13,3
DA:14,3
DA:16,3
DA:17,0
DA:23,3
DA:24,0
DA:30,3
DA:31,3
DA:32,0
DA:38,3
DA:39,3
DA:40,3
DA:46,3
DA:55,3
DA:59,3
DA:61,3
DA:62,0
DA:68,3
DA:77,3
DA:81,3
DA:82,3
DA:83,0
DA:84,0
DA:85,0
DA:86,0
DA:87,0
DA:89,0
DA:92,0
DA:95,3
DA:100,0
DA:101,0
LF:35
LH:22
BRDA:16,0,0,0
BRDA:16,0,1,3
BRDA:23,1,0,0
BRDA:23,1,1,3
BRDA:31,2,0,0
BRDA:31,2,1,3
BRDA:61,3,0,0
BRDA:61,3,1,3
BRDA:82,4,0,0
BRDA:82,4,1,3
BRDA:82,5,0,3
BRDA:82,5,1,2
BRDA:86,6,0,0
BRDA:86,6,1,0
BRDA:86,7,0,0
BRDA:86,7,1,0
BRF:16
BRH:7
end_of_record
TN:
SF:models/User.js
FN:9,(anonymous_0)
FN:15,(anonymous_1)
FN:75,(anonymous_2)
FN:125,(anonymous_3)
FN:168,(anonymous_4)
FN:177,(anonymous_5)
FNF:6
FNH:3
FNDA:4,(anonymous_0)
FNDA:0,(anonymous_1)
FNDA:0,(anonymous_2)
FNDA:1,(anonymous_3)
FNDA:3,(anonymous_4)
FNDA:0,(anonymous_5)
DA:10,4
DA:11,4
DA:12,4
DA:16,0
DA:18,0
DA:20,0
DA:21,0
DA:27,0
DA:28,0
DA:34,0
DA:35,0
DA:41,0
DA:42,0
DA:43,0
DA:49,0
DA:50,0
DA:56,0
DA:57,0
DA:63,0
DA:64,0
DA:71,0
DA:72,0
DA:76,0
DA:78,0
DA:79,0
DA:84,0
DA:85,0
DA:91,0
DA:93,0
DA:97,0
DA:98,0
DA:106,0
DA:107,0
DA:113,0
DA:117,0
DA:122,0
DA:126,1
DA:128,1
DA:130,1
DA:131,0
DA:137,1
DA:138,0
DA:144,1
DA:145,1
DA:146,0
DA:152,1
DA:153,1
DA:154,0
DA:160,1
DA:161,1
DA:165,1
DA:169,3
DA:170,3
DA:171,3
DA:172,0
DA:174,3
DA:178,0
DA:179,0
DA:180,0
DA:181,0
DA:183,0
DA:184,0
DA:190,0
DA:191,0
DA:195,0
LF:65
LH:18
BRDA:20,0,0,0
BRDA:20,0,1,0
BRDA:20,1,0,0
BRDA:20,1,1,0
BRDA:27,2,0,0
BRDA:27,2,1,0
BRDA:27,3,0,0
BRDA:27,3,1,0
BRDA:34,4,0,0
BRDA:34,4,1,0
BRDA:42,5,0,0
BRDA:42,5,1,0
BRDA:49,6,0,0
BRDA:49,6,1,0
BRDA:49,7,0,0
BRDA:49,7,1,0
BRDA:56,8,0,0
BRDA:56,8,1,0
BRDA:84,9,0,0
BRDA:84,9,1,0
BRDA:97,10,0,0
BRDA:97,10,1,0
BRDA:130,11,0,0
BRDA:130,11,1,1
BRDA:130,12,0,1
BRDA:130,12,1,1
BRDA:137,13,0,0
BRDA:137,13,1,1
BRDA:137,14,0,1
BRDA:137,14,1,1
BRDA:145,15,0,0
BRDA:145,15,1,1
BRDA:153,16,0,0
BRDA:153,16,1,1
BRDA:171,17,0,0
BRDA:171,17,1,3
BRDA:180,18,0,0
BRDA:180,18,1,0
BRDA:183,19,0,0
BRDA:183,19,1,0
BRF:40
BRH:9
end_of_record
TN:
SF:schemas/chatSchema.js
FN:33,(anonymous_0)
FN:46,(anonymous_1)
FN:58,(anonymous_2)
FN:69,(anonymous_3)
FNF:4
FNH:0
FNDA:0,(anonymous_0)
FNDA:0,(anonymous_1)
FNDA:0,(anonymous_2)
FNDA:0,(anonymous_3)
DA:4,1
DA:31,1
DA:34,0
DA:35,0
DA:36,0
DA:37,0
DA:38,0
DA:40,0
DA:41,0
DA:47,0
DA:48,0
DA:49,0
DA:50,0
DA:51,0
DA:52,0
DA:54,0
DA:55,0
DA:59,0
DA:60,0
DA:61,0
DA:62,0
DA:63,0
DA:65,0
DA:66,0
DA:70,0
DA:71,0
DA:72,0
DA:73,0
DA:74,0
DA:75,0
DA:77,0
DA:78,0
LF:32
LH:2
BRF:0
BRH:0
end_of_record
TN:
SF:schemas/recommendationSchema.js
FN:70,(anonymous_0)
FN:79,(anonymous_1)
FN:91,(anonymous_2)
FN:101,(anonymous_3)
FN:111,(anonymous_4)
FN:121,(anonymous_5)
FN:133,(anonymous_6)
FN:147,(anonymous_7)
FN:161,(anonymous_8)
FN:175,(anonymous_9)
FN:189,(anonymous_10)
FN:201,(anonymous_11)
FN:214,(anonymous_12)
FNF:13
FNH:0
FNDA:0,(anonymous_0)
FNDA:0,(anonymous_1)
FNDA:0,(anonymous_2)
FNDA:0,(anonymous_3)
FNDA:0,(anonymous_4)
FNDA:0,(anonymous_5)
FNDA:0,(anonymous_6)
FNDA:0,(anonymous_7)
FNDA:0,(anonymous_8)
FNDA:0,(anonymous_9)
FNDA:0,(anonymous_10)
FNDA:0,(anonymous_11)
FNDA:0,(anonymous_12)
DA:4,1
DA:68,1
DA:71,0
DA:72,0
DA:73,0
DA:75,0
DA:76,0
DA:80,0
DA:81,0
DA:82,0
DA:85,0
DA:87,0
DA:88,0
DA:92,0
DA:93,0
DA:94,0
DA:95,0
DA:97,0
DA:98,0
DA:102,0
DA:103,0
DA:104,0
DA:105,0
DA:107,0
DA:108,0
DA:112,0
DA:113,0
DA:114,0
DA:115,0
DA:117,0
DA:118,0
DA:122,0
DA:123,0
DA:124,0
DA:125,0
DA:127,0
DA:128,0
DA:134,0
DA:135,0
DA:136,0
DA:137,0
DA:141,0
DA:143,0
DA:144,0
DA:148,0
DA:149,0
DA:150,0
DA:151,0
DA:155,0
DA:157,0
DA:158,0
DA:162,0
DA:163,0
DA:164,0
DA:165,0
DA:169,0
DA:171,0
DA:172,0
DA:176,0
DA:177,0
DA:178,0
DA:179,0
DA:183,0
DA:185,0
DA:186,0
DA:190,0
DA:191,0
DA:192,0
DA:193,0
DA:194,0
DA:195,0
DA:197,0
DA:198,0
DA:202,0
DA:203,0
DA:204,0
DA:205,0
DA:208,0
DA:210,0
DA:211,0
DA:215,0
DA:216,0
DA:217,0
DA:218,0
DA:219,0
DA:220,0
DA:222,0
DA:223,0
LF:88
LH:2
BRF:0
BRH:0
end_of_record
TN:
SF:schemas/subscriptionSchema.js
FN:35,(anonymous_0)
FN:87,(anonymous_1)
FN:99,(anonymous_2)
FNF:3
FNH:1
FNDA:0,(anonymous_0)
FNDA:0,(anonymous_1)
FNDA:4,(anonymous_2)
DA:9,1
DA:33,1
DA:36,0
DA:37,0
DA:38,0
DA:39,0
DA:40,0
DA:42,0
DA:43,0
DA:48,0
DA:49,0
DA:52,0
DA:57,0
DA:62,0
DA:66,0
DA:67,0
DA:73,0
DA:77,0
DA:81,0
DA:83,0
DA:84,0
DA:88,0
DA:89,0
DA:90,0
DA:91,0
DA:93,0
DA:94,0
DA:100,4
DA:101,4
DA:104,3
DA:108,3
DA:111,3
DA:129,3
DA:130,3
DA:132,0
DA:133,0
DA:137,3
DA:149,3
DA:152,3
DA:154,1
DA:155,1
LF:41
LH:14
BRDA:42,0,0,0
BRDA:42,0,1,0
BRDA:48,1,0,0
BRDA:48,1,1,0
BRDA:57,2,0,0
BRDA:57,2,1,0
BRDA:58,3,0,0
BRDA:58,3,1,0
BRDA:67,4,0,0
BRDA:67,4,1,0
BRDA:68,5,0,0
BRDA:68,5,1,0
BRDA:68,5,2,0
BRDA:68,5,3,0
BRF:14
BRH:0
end_of_record
TN:
SF:schemas/userSchema.js
FN:45,(anonymous_0)
FN:53,(anonymous_1)
FN:65,(anonymous_2)
FN:77,(anonymous_3)
FN:89,(anonymous_4)
FN:100,(anonymous_5)
FNF:6
FNH:1
FNDA:0,(anonymous_0)
FNDA:0,(anonymous_1)
FNDA:0,(anonymous_2)
FNDA:0,(anonymous_3)
FNDA:1,(anonymous_4)
FNDA:0,(anonymous_5)
DA:4,1
DA:43,1
DA:46,0
DA:47,0
DA:49,0
DA:50,0
DA:54,0
DA:55,0
DA:56,0
DA:57,0
DA:59,0
DA:60,0
DA:66,0
DA:67,0
DA:69,0
DA:70,0
DA:72,0
DA:73,0
DA:78,0
DA:79,0
DA:81,0
DA:82,0
DA:84,0
DA:85,0
DA:90,1
DA:91,1
DA:93,1
DA:94,1
DA:96,0
DA:97,0
DA:101,0
DA:102,0
DA:103,0
DA:104,0
DA:106,0
DA:107,0
LF:36
LH:6
BRF:0
BRH:0
end_of_record
